#
# There is insufficient memory for the Java Runtime Environment to continue.
# Native memory allocation (malloc) failed to allocate 1993776 bytes for Chunk::new
# Possible reasons:
#   The system is out of physical RAM or swap space
#   The process is running with CompressedOops enabled, and the Java Heap may be blocking the growth of the native heap
# Possible solutions:
#   Reduce memory load on the system
#   Increase physical memory or swap space
#   Check if swap backing store is full
#   Decrease Java heap size (-Xmx/-Xms)
#   Decrease number of Java threads
#   Decrease Java thread stack sizes (-Xss)
#   Set larger code cache with -XX:ReservedCodeCacheSize=
#   JVM is running with Unscaled Compressed Oops mode in which the Java heap is
#     placed in the first 4GB address space. The Java Heap base address is the
#     maximum limit for the native heap growth. Please use -XX:HeapBaseMinAddress
#     to set the Java Heap base and to place the Java Heap above 4GB virtual address.
# This output file may be truncated or incomplete.
#
#  Out of Memory Error (./src/hotspot/share/memory/arena.cpp:197), pid=2452, tid=19284
#
# JRE version: OpenJDK Runtime Environment Temurin-11.0.15+10 (11.0.15+10) (build 11.0.15+10)
# Java VM: OpenJDK 64-Bit Server VM Temurin-11.0.15+10 (11.0.15+10, mixed mode, tiered, compressed oops, g1 gc, windows-amd64)
# No core dump will be written. Minidumps are not enabled by default on client versions of Windows
#

---------------  S U M M A R Y ------------

Command Line: --add-opens=java.base/java.util=ALL-UNNAMED --add-opens=java.base/java.lang=ALL-UNNAMED --add-opens=java.base/java.lang.invoke=ALL-UNNAMED --add-opens=java.base/java.util=ALL-UNNAMED --add-opens=java.prefs/java.util.prefs=ALL-UNNAMED --add-opens=java.prefs/java.util.prefs=ALL-UNNAMED --add-opens=java.base/java.nio.charset=ALL-UNNAMED --add-opens=java.base/java.net=ALL-UNNAMED --add-opens=java.base/java.util.concurrent.atomic=ALL-UNNAMED -XX:MaxMetaspaceSize=256m -XX:+HeapDumpOnOutOfMemoryError -Xms256m -Xmx512m -Dfile.encoding=windows-1251 -Duser.country=RU -Duser.language=ru -Duser.variant org.gradle.launcher.daemon.bootstrap.GradleDaemon 7.4

Host: 11th Gen Intel(R) Core(TM) i7-1165G7 @ 2.80GHz, 8 cores, 15G,  Windows 10 , 64 bit Build 19041 (10.0.19041.1889)
Time: Mon Nov  7 16:42:21 2022 RTZ 2 (s 10 , 64 bit Build 19041 (10.0.19041.1889) elapsed time: 4307.631608 seconds (0d 1h 11m 47s)

---------------  T H R E A D  ---------------

Current thread (0x00000170c23cf000):  JavaThread "C2 CompilerThread0" daemon [_thread_in_native, id=19284, stack(0x0000004d76700000,0x0000004d76800000)]


Current CompileTask:
C2:4307631 18880   !   4       java.io.ObjectInputStream::readObject0 (671 bytes)

Stack: [0x0000004d76700000,0x0000004d76800000]
Native frames: (J=compiled Java code, j=interpreted, Vv=VM code, C=native code)
V  [jvm.dll+0x61e72a]
V  [jvm.dll+0x7aae49]
V  [jvm.dll+0x7ac538]
V  [jvm.dll+0x7acc13]
V  [jvm.dll+0x24fb28]
V  [jvm.dll+0xc262c]
V  [jvm.dll+0xc2bec]
V  [jvm.dll+0x359b17]
V  [jvm.dll+0x325ca3]
V  [jvm.dll+0x324fda]
V  [jvm.dll+0x208d75]
V  [jvm.dll+0x207f5d]
V  [jvm.dll+0x18a361]
V  [jvm.dll+0x2178a4]
V  [jvm.dll+0x215aeb]
V  [jvm.dll+0x76d950]
V  [jvm.dll+0x7668b4]
V  [jvm.dll+0x61d586]
C  [ucrtbase.dll+0x21bb2]
C  [KERNEL32.DLL+0x17034]
C  [ntdll.dll+0x526a1]


---------------  P R O C E S S  ---------------

Threads class SMR info:
_java_thread_list=0x00000170cb3ddd20, length=144, elements={
0x00000170a624e800, 0x00000170c1a4a800, 0x00000170c1a4b800, 0x00000170c23cb000,
0x00000170c23cd000, 0x00000170c23ce000, 0x00000170c23cf000, 0x00000170c23d2800,
0x00000170c23d3800, 0x00000170c254c000, 0x00000170c4e20800, 0x00000170c26da000,
0x00000170c48f3000, 0x00000170c5a06000, 0x00000170c5a07000, 0x00000170c5a03800,
0x00000170c5a04800, 0x00000170c5a05000, 0x00000170c5bc8000, 0x00000170c5bca800,
0x00000170c5bc8800, 0x00000170c5bc6000, 0x00000170c5bcd800, 0x00000170c5bd3800,
0x00000170c5bd4000, 0x00000170c5bd1800, 0x00000170c5bd0000, 0x00000170c5bd2800,
0x00000170c5bcf000, 0x00000170c7ba1000, 0x00000170c840a000, 0x00000170c840b000,
0x00000170c840c800, 0x00000170c8409000, 0x00000170c8407800, 0x00000170c840d000,
0x00000170c840e000, 0x00000170c8408800, 0x00000170c8413000, 0x00000170c8411800,
0x00000170c8412000, 0x00000170c8413800, 0x00000170c8414800, 0x00000170c840f000,
0x00000170c8415800, 0x00000170c8416000, 0x00000170c8410800, 0x00000170c7b9c000,
0x00000170c7b99000, 0x00000170c7b9a800, 0x00000170c7b99800, 0x00000170c7b9d000,
0x00000170c7b98000, 0x00000170c7b97800, 0x00000170c7ba2000, 0x00000170c7ba2800,
0x00000170c7ba3800, 0x00000170c7b9e000, 0x00000170c7ba4800, 0x00000170c7b9e800,
0x00000170c7ba5000, 0x00000170c7b9f800, 0x00000170c7ba6000, 0x00000170c7ba0800,
0x00000170c5bce800, 0x00000170c5bd5000, 0x00000170c5bd1000, 0x00000170c5a07800,
0x00000170c5a08800, 0x00000170c5a09000, 0x00000170cb8e6000, 0x00000170cb8e2000,
0x00000170cb8e5000, 0x00000170cb8e2800, 0x00000170cb8e3800, 0x00000170cb8e4800,
0x00000170cb8e0800, 0x00000170cb8e7000, 0x00000170cb8e1000, 0x00000170cb8e9800,
0x00000170cb8eb800, 0x00000170cb8ea000, 0x00000170cb8eb000, 0x00000170cb8ec800,
0x00000170cb8ed800, 0x00000170cb8e7800, 0x00000170cb8ee000, 0x00000170cb8e8800,
0x00000170cb8ef000, 0x00000170c3b49800, 0x00000170c3b45000, 0x00000170c3b4b800,
0x00000170c3b48000, 0x00000170c3b4a800, 0x00000170c3b49000, 0x00000170c3b45800,
0x00000170c3b4c000, 0x00000170c3b46800, 0x00000170c3b4d000, 0x00000170c3b47800,
0x00000170c3b4e800, 0x00000170c3b4f800, 0x00000170c3b53800, 0x00000170c3b51000,
0x00000170c3b4e000, 0x00000170c3b50000, 0x00000170c3b52000, 0x00000170c3b52800,
0x00000170cb111800, 0x00000170cb110000, 0x00000170cb114800, 0x00000170cb110800,
0x00000170cb113000, 0x00000170cb114000, 0x00000170cb116800, 0x00000170cb115800,
0x00000170cb117000, 0x00000170cb118000, 0x00000170cb112800, 0x00000170cb11a800,
0x00000170cb11c000, 0x00000170cb11b000, 0x00000170cb11d000, 0x00000170cb119000,
0x00000170cb119800, 0x00000170cb11d800, 0x00000170cb11e800, 0x00000170c6078800,
0x00000170c6075000, 0x00000170c6072800, 0x00000170c6077800, 0x00000170c6076000,
0x00000170c6079000, 0x00000170c6076800, 0x00000170c6073800, 0x00000170c6074000,
0x00000170c5536800, 0x00000170c5537800, 0x00000170c5538800, 0x00000170c5534000,
0x00000170c5539000, 0x00000170c553b800, 0x00000170c553a000, 0x00000170c495f000
}

Java Threads: ( => current thread )
  0x00000170a624e800 JavaThread "main" [_thread_blocked, id=20580, stack(0x0000004d75b00000,0x0000004d75c00000)]
  0x00000170c1a4a800 JavaThread "Reference Handler" daemon [_thread_blocked, id=6348, stack(0x0000004d76200000,0x0000004d76300000)]
  0x00000170c1a4b800 JavaThread "Finalizer" daemon [_thread_blocked, id=18252, stack(0x0000004d76300000,0x0000004d76400000)]
  0x00000170c23cb000 JavaThread "Signal Dispatcher" daemon [_thread_blocked, id=12080, stack(0x0000004d76400000,0x0000004d76500000)]
  0x00000170c23cd000 JavaThread "Attach Listener" daemon [_thread_blocked, id=9964, stack(0x0000004d76500000,0x0000004d76600000)]
  0x00000170c23ce000 JavaThread "Service Thread" daemon [_thread_blocked, id=12328, stack(0x0000004d76600000,0x0000004d76700000)]
=>0x00000170c23cf000 JavaThread "C2 CompilerThread0" daemon [_thread_in_native, id=19284, stack(0x0000004d76700000,0x0000004d76800000)]
  0x00000170c23d2800 JavaThread "C1 CompilerThread0" daemon [_thread_blocked, id=8932, stack(0x0000004d76800000,0x0000004d76900000)]
  0x00000170c23d3800 JavaThread "Sweeper thread" daemon [_thread_blocked, id=21256, stack(0x0000004d76900000,0x0000004d76a00000)]
  0x00000170c254c000 JavaThread "Common-Cleaner" daemon [_thread_blocked, id=11168, stack(0x0000004d76a00000,0x0000004d76b00000)]
  0x00000170c4e20800 JavaThread "Daemon health stats" [_thread_blocked, id=13572, stack(0x0000004d77300000,0x0000004d77400000)]
  0x00000170c26da000 JavaThread "Incoming local TCP Connector on port 49354" [_thread_in_native, id=7560, stack(0x0000004d76c00000,0x0000004d76d00000)]
  0x00000170c48f3000 JavaThread "Daemon periodic checks" [_thread_blocked, id=10512, stack(0x0000004d76d00000,0x0000004d76e00000)]
  0x00000170c5a06000 JavaThread "Cache worker for journal cache (C:\Users\Irishka\.gradle\caches\journal-1)" [_thread_blocked, id=10272, stack(0x0000004d77b00000,0x0000004d77c00000)]
  0x00000170c5a07000 JavaThread "File lock request listener" [_thread_in_native, id=4708, stack(0x0000004d77c00000,0x0000004d77d00000)]
  0x00000170c5a03800 JavaThread "Cache worker for file hash cache (C:\Users\Irishka\.gradle\caches\7.4\fileHashes)" [_thread_blocked, id=16220, stack(0x0000004d77d00000,0x0000004d77e00000)]
  0x00000170c5a04800 JavaThread "File watcher server" daemon [_thread_in_native, id=11208, stack(0x0000004d78200000,0x0000004d78300000)]
  0x00000170c5a05000 JavaThread "File watcher consumer" daemon [_thread_blocked, id=16904, stack(0x0000004d78300000,0x0000004d78400000)]
  0x00000170c5bc8000 JavaThread "Cache worker for execution history cache (C:\Users\Irishka\.gradle\caches\7.4\executionHistory)" [_thread_blocked, id=11812, stack(0x0000004d78900000,0x0000004d78a00000)]
  0x00000170c5bca800 JavaThread "jar transforms" [_thread_blocked, id=8024, stack(0x0000004d78a00000,0x0000004d78b00000)]
  0x00000170c5bc8800 JavaThread "jar transforms Thread 2" [_thread_blocked, id=15424, stack(0x0000004d78b00000,0x0000004d78c00000)]
  0x00000170c5bc6000 JavaThread "Cache worker for file content cache (C:\Users\Irishka\.gradle\caches\7.4\fileContent)" [_thread_blocked, id=20100, stack(0x0000004d78c00000,0x0000004d78d00000)]
  0x00000170c5bcd800 JavaThread "jar transforms Thread 3" [_thread_blocked, id=1488, stack(0x0000004d78d00000,0x0000004d78e00000)]
  0x00000170c5bd3800 JavaThread "jar transforms Thread 4" [_thread_blocked, id=19416, stack(0x0000004d78e00000,0x0000004d78f00000)]
  0x00000170c5bd4000 JavaThread "jar transforms Thread 5" [_thread_blocked, id=19776, stack(0x0000004d78f00000,0x0000004d79000000)]
  0x00000170c5bd1800 JavaThread "jar transforms Thread 6" [_thread_blocked, id=17252, stack(0x0000004d79000000,0x0000004d79100000)]
  0x00000170c5bd0000 JavaThread "jar transforms Thread 7" [_thread_blocked, id=8720, stack(0x0000004d79100000,0x0000004d79200000)]
  0x00000170c5bd2800 JavaThread "jar transforms Thread 8" [_thread_blocked, id=4684, stack(0x0000004d79200000,0x0000004d79300000)]
  0x00000170c5bcf000 JavaThread "Memory manager" [_thread_blocked, id=21228, stack(0x0000004d79500000,0x0000004d79600000)]
  0x00000170c7ba1000 JavaThread "Cache worker for Java compile cache (C:\Users\Irishka\.gradle\caches\7.4\javaCompile)" [_thread_blocked, id=10296, stack(0x0000004d7ed00000,0x0000004d7ee00000)]
  0x00000170c840a000 JavaThread "Daemon Thread 7" [_thread_blocked, id=18760, stack(0x0000004d00000000,0x0000004d00100000)]
  0x00000170c840b000 JavaThread "Handler for socket connection from /127.0.0.1:49354 to /127.0.0.1:50361" [_thread_in_native, id=18932, stack(0x0000004d00100000,0x0000004d00200000)]
  0x00000170c840c800 JavaThread "Cancel handler" [_thread_blocked, id=21284, stack(0x0000004d00200000,0x0000004d00300000)]
  0x00000170c8409000 JavaThread "Daemon worker Thread 7" [_thread_blocked, id=8200, stack(0x0000004d00300000,0x0000004d00400000)]
  0x00000170c8407800 JavaThread "Asynchronous log dispatcher for DefaultDaemonConnection: socket connection from /127.0.0.1:49354 to /127.0.0.1:50361" [_thread_blocked, id=15464, stack(0x0000004d00400000,0x0000004d00500000)]
  0x00000170c840d000 JavaThread "Stdin handler" [_thread_blocked, id=15112, stack(0x0000004d00500000,0x0000004d00600000)]
  0x00000170c840e000 JavaThread "Daemon client event forwarder" [_thread_blocked, id=19508, stack(0x0000004d00600000,0x0000004d00700000)]
  0x00000170c8408800 JavaThread "Cache worker for checksums cache (C:\Users\Irishka\Downloads\PatternsCard\.gradle\7.4\checksums)" [_thread_blocked, id=1604, stack(0x0000004d00700000,0x0000004d00800000)]
  0x00000170c8413000 JavaThread "Cache worker for cache directory md-rule (C:\Users\Irishka\.gradle\caches\7.4\md-rule)" [_thread_blocked, id=5040, stack(0x0000004d00800000,0x0000004d00900000)]
  0x00000170c8411800 JavaThread "Cache worker for file hash cache (C:\Users\Irishka\Downloads\PatternsCard\.gradle\7.4\fileHashes)" [_thread_blocked, id=6320, stack(0x0000004d00900000,0x0000004d00a00000)]
  0x00000170c8412000 JavaThread "Cache worker for cache directory md-supplier (C:\Users\Irishka\.gradle\caches\7.4\md-supplier)" [_thread_blocked, id=21216, stack(0x0000004d00a00000,0x0000004d00b00000)]
  0x00000170c8413800 JavaThread "Cache worker for dependencies-accessors (C:\Users\Irishka\Downloads\PatternsCard\.gradle\7.4\dependencies-accessors)" [_thread_blocked, id=6592, stack(0x0000004d00c00000,0x0000004d00d00000)]
  0x00000170c8414800 JavaThread "Cache worker for Build Output Cleanup Cache (C:\Users\Irishka\Downloads\PatternsCard\.gradle\buildOutputCleanup)" [_thread_blocked, id=20252, stack(0x0000004d00d00000,0x0000004d00e00000)]
  0x00000170c840f000 JavaThread "included builds" [_thread_blocked, id=7008, stack(0x0000004d00f00000,0x0000004d01000000)]
  0x00000170c8415800 JavaThread "Execution worker for ':'" [_thread_blocked, id=15384, stack(0x0000004d01000000,0x0000004d01100000)]
  0x00000170c8416000 JavaThread "Execution worker for ':' Thread 2" [_thread_blocked, id=18908, stack(0x0000004d01300000,0x0000004d01400000)]
  0x00000170c8410800 JavaThread "Execution worker for ':' Thread 3" [_thread_blocked, id=21076, stack(0x0000004d01400000,0x0000004d01500000)]
  0x00000170c7b9c000 JavaThread "Execution worker for ':' Thread 4" [_thread_blocked, id=19568, stack(0x0000004d01500000,0x0000004d01600000)]
  0x00000170c7b99000 JavaThread "Execution worker for ':' Thread 5" [_thread_blocked, id=15572, stack(0x0000004d01600000,0x0000004d01700000)]
  0x00000170c7b9a800 JavaThread "Execution worker for ':' Thread 6" [_thread_blocked, id=588, stack(0x0000004d01700000,0x0000004d01800000)]
  0x00000170c7b99800 JavaThread "Execution worker for ':' Thread 7" [_thread_blocked, id=16628, stack(0x0000004d01800000,0x0000004d01900000)]
  0x00000170c7b9d000 JavaThread "Cache worker for execution history cache (C:\Users\Irishka\Downloads\PatternsCard\.gradle\7.4\executionHistory)" [_thread_blocked, id=20824, stack(0x0000004d01900000,0x0000004d01a00000)]
  0x00000170c7b98000 JavaThread "Unconstrained build operations" [_thread_blocked, id=10540, stack(0x0000004d01a00000,0x0000004d01b00000)]
  0x00000170c7b97800 JavaThread "Unconstrained build operations Thread 2" [_thread_blocked, id=19520, stack(0x0000004d01b00000,0x0000004d01c00000)]
  0x00000170c7ba2000 JavaThread "Unconstrained build operations Thread 3" [_thread_blocked, id=7184, stack(0x0000004d01c00000,0x0000004d01d00000)]
  0x00000170c7ba2800 JavaThread "Unconstrained build operations Thread 4" [_thread_blocked, id=5044, stack(0x0000004d01d00000,0x0000004d01e00000)]
  0x00000170c7ba3800 JavaThread "Unconstrained build operations Thread 5" [_thread_blocked, id=4080, stack(0x0000004d01e00000,0x0000004d01f00000)]
  0x00000170c7b9e000 JavaThread "Unconstrained build operations Thread 6" [_thread_blocked, id=14608, stack(0x0000004d01f00000,0x0000004d02000000)]
  0x00000170c7ba4800 JavaThread "Unconstrained build operations Thread 7" [_thread_blocked, id=19996, stack(0x0000004d02000000,0x0000004d02100000)]
  0x00000170c7b9e800 JavaThread "Unconstrained build operations Thread 8" [_thread_blocked, id=4628, stack(0x0000004d02100000,0x0000004d02200000)]
  0x00000170c7ba5000 JavaThread "Unconstrained build operations Thread 9" [_thread_blocked, id=12568, stack(0x0000004d02200000,0x0000004d02300000)]
  0x00000170c7b9f800 JavaThread "Unconstrained build operations Thread 10" [_thread_blocked, id=20616, stack(0x0000004d02300000,0x0000004d02400000)]
  0x00000170c7ba6000 JavaThread "Unconstrained build operations Thread 11" [_thread_blocked, id=9392, stack(0x0000004d02400000,0x0000004d02500000)]
  0x00000170c7ba0800 JavaThread "Unconstrained build operations Thread 12" [_thread_blocked, id=18172, stack(0x0000004d02500000,0x0000004d02600000)]
  0x00000170c5bce800 JavaThread "Unconstrained build operations Thread 13" [_thread_blocked, id=21124, stack(0x0000004d02600000,0x0000004d02700000)]
  0x00000170c5bd5000 JavaThread "Unconstrained build operations Thread 14" [_thread_blocked, id=6620, stack(0x0000004d02700000,0x0000004d02800000)]
  0x00000170c5bd1000 JavaThread "Unconstrained build operations Thread 15" [_thread_blocked, id=9892, stack(0x0000004d02800000,0x0000004d02900000)]
  0x00000170c5a07800 JavaThread "Unconstrained build operations Thread 16" [_thread_blocked, id=15268, stack(0x0000004d02900000,0x0000004d02a00000)]
  0x00000170c5a08800 JavaThread "Unconstrained build operations Thread 17" [_thread_blocked, id=14892, stack(0x0000004d02a00000,0x0000004d02b00000)]
  0x00000170c5a09000 JavaThread "Unconstrained build operations Thread 18" [_thread_blocked, id=20960, stack(0x0000004d02b00000,0x0000004d02c00000)]
  0x00000170cb8e6000 JavaThread "Unconstrained build operations Thread 19" [_thread_blocked, id=19528, stack(0x0000004d02c00000,0x0000004d02d00000)]
  0x00000170cb8e2000 JavaThread "Unconstrained build operations Thread 20" [_thread_blocked, id=21392, stack(0x0000004d02d00000,0x0000004d02e00000)]
  0x00000170cb8e5000 JavaThread "Unconstrained build operations Thread 21" [_thread_blocked, id=13340, stack(0x0000004d02e00000,0x0000004d02f00000)]
  0x00000170cb8e2800 JavaThread "Unconstrained build operations Thread 22" [_thread_blocked, id=19288, stack(0x0000004d02f00000,0x0000004d03000000)]
  0x00000170cb8e3800 JavaThread "Unconstrained build operations Thread 23" [_thread_blocked, id=12088, stack(0x0000004d03000000,0x0000004d03100000)]
  0x00000170cb8e4800 JavaThread "Unconstrained build operations Thread 24" [_thread_blocked, id=9812, stack(0x0000004d03100000,0x0000004d03200000)]
  0x00000170cb8e0800 JavaThread "Unconstrained build operations Thread 25" [_thread_blocked, id=12628, stack(0x0000004d03200000,0x0000004d03300000)]
  0x00000170cb8e7000 JavaThread "Unconstrained build operations Thread 26" [_thread_blocked, id=1588, stack(0x0000004d03300000,0x0000004d03400000)]
  0x00000170cb8e1000 JavaThread "Unconstrained build operations Thread 27" [_thread_blocked, id=15932, stack(0x0000004d03400000,0x0000004d03500000)]
  0x00000170cb8e9800 JavaThread "Unconstrained build operations Thread 28" [_thread_blocked, id=10008, stack(0x0000004d03500000,0x0000004d03600000)]
  0x00000170cb8eb800 JavaThread "Unconstrained build operations Thread 29" [_thread_blocked, id=20656, stack(0x0000004d03600000,0x0000004d03700000)]
  0x00000170cb8ea000 JavaThread "Unconstrained build operations Thread 30" [_thread_blocked, id=17860, stack(0x0000004d03700000,0x0000004d03800000)]
  0x00000170cb8eb000 JavaThread "Unconstrained build operations Thread 31" [_thread_blocked, id=20660, stack(0x0000004d03800000,0x0000004d03900000)]
  0x00000170cb8ec800 JavaThread "Unconstrained build operations Thread 32" [_thread_blocked, id=13600, stack(0x0000004d03900000,0x0000004d03a00000)]
  0x00000170cb8ed800 JavaThread "Unconstrained build operations Thread 33" [_thread_blocked, id=9024, stack(0x0000004d03a00000,0x0000004d03b00000)]
  0x00000170cb8e7800 JavaThread "Unconstrained build operations Thread 34" [_thread_blocked, id=10256, stack(0x0000004d03b00000,0x0000004d03c00000)]
  0x00000170cb8ee000 JavaThread "Unconstrained build operations Thread 35" [_thread_blocked, id=14960, stack(0x0000004d03c00000,0x0000004d03d00000)]
  0x00000170cb8e8800 JavaThread "Unconstrained build operations Thread 36" [_thread_blocked, id=16092, stack(0x0000004d03d00000,0x0000004d03e00000)]
  0x00000170cb8ef000 JavaThread "Unconstrained build operations Thread 37" [_thread_blocked, id=17884, stack(0x0000004d03e00000,0x0000004d03f00000)]
  0x00000170c3b49800 JavaThread "Unconstrained build operations Thread 38" [_thread_blocked, id=3764, stack(0x0000004d03f00000,0x0000004d04000000)]
  0x00000170c3b45000 JavaThread "Unconstrained build operations Thread 39" [_thread_blocked, id=14544, stack(0x0000004d04000000,0x0000004d04100000)]
  0x00000170c3b4b800 JavaThread "Unconstrained build operations Thread 40" [_thread_blocked, id=13592, stack(0x0000004d04100000,0x0000004d04200000)]
  0x00000170c3b48000 JavaThread "Unconstrained build operations Thread 41" [_thread_blocked, id=11012, stack(0x0000004d04200000,0x0000004d04300000)]
  0x00000170c3b4a800 JavaThread "Unconstrained build operations Thread 42" [_thread_blocked, id=1208, stack(0x0000004d04300000,0x0000004d04400000)]
  0x00000170c3b49000 JavaThread "Unconstrained build operations Thread 43" [_thread_blocked, id=15620, stack(0x0000004d04400000,0x0000004d04500000)]
  0x00000170c3b45800 JavaThread "Unconstrained build operations Thread 44" [_thread_blocked, id=8696, stack(0x0000004d04500000,0x0000004d04600000)]
  0x00000170c3b4c000 JavaThread "Unconstrained build operations Thread 45" [_thread_blocked, id=4624, stack(0x0000004d04600000,0x0000004d04700000)]
  0x00000170c3b46800 JavaThread "Unconstrained build operations Thread 46" [_thread_blocked, id=20424, stack(0x0000004d04700000,0x0000004d04800000)]
  0x00000170c3b4d000 JavaThread "Unconstrained build operations Thread 47" [_thread_blocked, id=10388, stack(0x0000004d04800000,0x0000004d04900000)]
  0x00000170c3b47800 JavaThread "Unconstrained build operations Thread 48" [_thread_blocked, id=9196, stack(0x0000004d04900000,0x0000004d04a00000)]
  0x00000170c3b4e800 JavaThread "Unconstrained build operations Thread 49" [_thread_blocked, id=6520, stack(0x0000004d04a00000,0x0000004d04b00000)]
  0x00000170c3b4f800 JavaThread "Unconstrained build operations Thread 50" [_thread_blocked, id=15100, stack(0x0000004d04b00000,0x0000004d04c00000)]
  0x00000170c3b53800 JavaThread "Unconstrained build operations Thread 51" [_thread_blocked, id=11920, stack(0x0000004d04c00000,0x0000004d04d00000)]
  0x00000170c3b51000 JavaThread "Unconstrained build operations Thread 52" [_thread_blocked, id=5300, stack(0x0000004d04d00000,0x0000004d04e00000)]
  0x00000170c3b4e000 JavaThread "Unconstrained build operations Thread 53" [_thread_blocked, id=13492, stack(0x0000004d04e00000,0x0000004d04f00000)]
  0x00000170c3b50000 JavaThread "Unconstrained build operations Thread 54" [_thread_blocked, id=19296, stack(0x0000004d04f00000,0x0000004d05000000)]
  0x00000170c3b52000 JavaThread "Unconstrained build operations Thread 55" [_thread_blocked, id=14856, stack(0x0000004d05000000,0x0000004d05100000)]
  0x00000170c3b52800 JavaThread "Unconstrained build operations Thread 56" [_thread_blocked, id=20592, stack(0x0000004d05100000,0x0000004d05200000)]
  0x00000170cb111800 JavaThread "Unconstrained build operations Thread 57" [_thread_blocked, id=404, stack(0x0000004d05200000,0x0000004d05300000)]
  0x00000170cb110000 JavaThread "Unconstrained build operations Thread 58" [_thread_blocked, id=15396, stack(0x0000004d05300000,0x0000004d05400000)]
  0x00000170cb114800 JavaThread "Unconstrained build operations Thread 59" [_thread_blocked, id=15456, stack(0x0000004d05400000,0x0000004d05500000)]
  0x00000170cb110800 JavaThread "Unconstrained build operations Thread 60" [_thread_blocked, id=5148, stack(0x0000004d05500000,0x0000004d05600000)]
  0x00000170cb113000 JavaThread "Unconstrained build operations Thread 61" [_thread_blocked, id=9596, stack(0x0000004d05600000,0x0000004d05700000)]
  0x00000170cb114000 JavaThread "Unconstrained build operations Thread 62" [_thread_blocked, id=15332, stack(0x0000004d05700000,0x0000004d05800000)]
  0x00000170cb116800 JavaThread "Unconstrained build operations Thread 63" [_thread_blocked, id=20496, stack(0x0000004d05800000,0x0000004d05900000)]
  0x00000170cb115800 JavaThread "Unconstrained build operations Thread 64" [_thread_blocked, id=20012, stack(0x0000004d05900000,0x0000004d05a00000)]
  0x00000170cb117000 JavaThread "Unconstrained build operations Thread 65" [_thread_blocked, id=6716, stack(0x0000004d05a00000,0x0000004d05b00000)]
  0x00000170cb118000 JavaThread "Unconstrained build operations Thread 66" [_thread_blocked, id=19720, stack(0x0000004d05b00000,0x0000004d05c00000)]
  0x00000170cb112800 JavaThread "Unconstrained build operations Thread 67" [_thread_blocked, id=5472, stack(0x0000004d05c00000,0x0000004d05d00000)]
  0x00000170cb11a800 JavaThread "Unconstrained build operations Thread 68" [_thread_blocked, id=20748, stack(0x0000004d05d00000,0x0000004d05e00000)]
  0x00000170cb11c000 JavaThread "Unconstrained build operations Thread 69" [_thread_blocked, id=4448, stack(0x0000004d05e00000,0x0000004d05f00000)]
  0x00000170cb11b000 JavaThread "Unconstrained build operations Thread 70" [_thread_blocked, id=19048, stack(0x0000004d05f00000,0x0000004d06000000)]
  0x00000170cb11d000 JavaThread "Unconstrained build operations Thread 71" [_thread_blocked, id=10696, stack(0x0000004d06000000,0x0000004d06100000)]
  0x00000170cb119000 JavaThread "Unconstrained build operations Thread 72" [_thread_blocked, id=20168, stack(0x0000004d06100000,0x0000004d06200000)]
  0x00000170cb119800 JavaThread "Unconstrained build operations Thread 73" [_thread_blocked, id=13184, stack(0x0000004d06200000,0x0000004d06300000)]
  0x00000170cb11d800 JavaThread "Unconstrained build operations Thread 74" [_thread_blocked, id=10084, stack(0x0000004d06300000,0x0000004d06400000)]
  0x00000170cb11e800 JavaThread "Unconstrained build operations Thread 75" [_thread_blocked, id=6208, stack(0x0000004d06400000,0x0000004d06500000)]
  0x00000170c6078800 JavaThread "Unconstrained build operations Thread 76" [_thread_blocked, id=2140, stack(0x0000004d06500000,0x0000004d06600000)]
  0x00000170c6075000 JavaThread "Unconstrained build operations Thread 77" [_thread_blocked, id=7796, stack(0x0000004d06600000,0x0000004d06700000)]
  0x00000170c6072800 JavaThread "Unconstrained build operations Thread 78" [_thread_blocked, id=20056, stack(0x0000004d06700000,0x0000004d06800000)]
  0x00000170c6077800 JavaThread "Unconstrained build operations Thread 79" [_thread_blocked, id=20200, stack(0x0000004d06800000,0x0000004d06900000)]
  0x00000170c6076000 JavaThread "Unconstrained build operations Thread 80" [_thread_blocked, id=18268, stack(0x0000004d06a00000,0x0000004d06b00000)]
  0x00000170c6079000 JavaThread "Dispatch org.gradle.api.internal.tasks.testing.results.AttachParentTestResultProcessor@55147137" [_thread_blocked, id=4496, stack(0x0000004d06b00000,0x0000004d06c00000)]
  0x00000170c6076800 JavaThread "Dispatch org.gradle.api.internal.tasks.testing.processors.RestartEveryNTestClassProcessor@3346fdd4" [_thread_blocked, id=6932, stack(0x0000004d06c00000,0x0000004d06d00000)]
  0x00000170c6073800 JavaThread "Incoming local TCP Connector on port 50366" [_thread_blocked, id=6864, stack(0x0000004d06d00000,0x0000004d06e00000)]
  0x00000170c6074000 JavaThread "Exec process Thread 25" [_thread_in_native, id=19948, stack(0x0000004d06e00000,0x0000004d06f00000)]
  0x00000170c5536800 JavaThread "Exec process Thread 26" [_thread_blocked, id=21368, stack(0x0000004d07000000,0x0000004d07100000)]
  0x00000170c5537800 JavaThread "Exec process Thread 27" [_thread_in_native, id=17592, stack(0x0000004d07100000,0x0000004d07200000)]
  0x00000170c5538800 JavaThread "Exec process Thread 28" [_thread_in_native, id=1396, stack(0x0000004d07200000,0x0000004d07300000)]
  0x00000170c5534000 JavaThread "/127.0.0.1:50366 to /127.0.0.1:50367 workers" [_thread_blocked, id=21104, stack(0x0000004d06f00000,0x0000004d07000000)]
  0x00000170c5539000 JavaThread "/127.0.0.1:50366 to /127.0.0.1:50367 workers Thread 2" [_thread_blocked, id=4036, stack(0x0000004d00b00000,0x0000004d00c00000)]
  0x00000170c553b800 JavaThread "/127.0.0.1:50366 to /127.0.0.1:50367 workers Thread 3" [_thread_blocked, id=17496, stack(0x0000004d00e00000,0x0000004d00f00000)]
  0x00000170c553a000 JavaThread "/127.0.0.1:50366 to /127.0.0.1:50367 workers Thread 4" [_thread_in_native, id=21376, stack(0x0000004d07300000,0x0000004d07400000)]
  0x00000170c495f000 JavaThread "C2 CompilerThread1" daemon [_thread_in_native, id=10576, stack(0x0000004d07400000,0x0000004d07500000)]

Other Threads:
  0x00000170c1a25800 VMThread "VM Thread" [stack: 0x0000004d76100000,0x0000004d76200000] [id=12964]
  0x00000170c2547000 WatcherThread [stack: 0x0000004d76b00000,0x0000004d76c00000] [id=20348]
  0x00000170a6269800 GCTaskThread "GC Thread#0" [stack: 0x0000004d75c00000,0x0000004d75d00000] [id=2344]
  0x00000170c366a800 GCTaskThread "GC Thread#1" [stack: 0x0000004d76e00000,0x0000004d76f00000] [id=14292]
  0x00000170c35e1800 GCTaskThread "GC Thread#2" [stack: 0x0000004d76f00000,0x0000004d77000000] [id=14176]
  0x00000170c2991800 GCTaskThread "GC Thread#3" [stack: 0x0000004d77000000,0x0000004d77100000] [id=20544]
  0x00000170c2a75000 GCTaskThread "GC Thread#4" [stack: 0x0000004d77100000,0x0000004d77200000] [id=20864]
  0x00000170c3207000 GCTaskThread "GC Thread#5" [stack: 0x0000004d77200000,0x0000004d77300000] [id=13424]
  0x00000170c3ebf800 GCTaskThread "GC Thread#6" [stack: 0x0000004d77e00000,0x0000004d77f00000] [id=18568]
  0x00000170c5a5a800 GCTaskThread "GC Thread#7" [stack: 0x0000004d77f00000,0x0000004d78000000] [id=11552]
  0x00000170a627b800 ConcurrentGCThread "G1 Main Marker" [stack: 0x0000004d75d00000,0x0000004d75e00000] [id=4108]
  0x00000170a627d000 ConcurrentGCThread "G1 Conc#0" [stack: 0x0000004d75e00000,0x0000004d75f00000] [id=10324]
  0x00000170c3345800 ConcurrentGCThread "G1 Conc#1" [stack: 0x0000004d78000000,0x0000004d78100000] [id=17984]
  0x00000170a632d800 ConcurrentGCThread "G1 Refine#0" [stack: 0x0000004d75f00000,0x0000004d76000000] [id=592]
  0x00000170c571f800 ConcurrentGCThread "G1 Refine#1" [stack: 0x0000004d7ee00000,0x0000004d7ef00000] [id=20040]
  0x00000170c9746800 ConcurrentGCThread "G1 Refine#2" [stack: 0x0000004d06900000,0x0000004d06a00000] [id=13352]
  0x00000170ca2ac800 ConcurrentGCThread "G1 Refine#3" [stack: 0x0000004d01100000,0x0000004d01200000] [id=15324]
  0x00000170cb47e800 ConcurrentGCThread "G1 Refine#4" [stack: 0x0000004d01200000,0x0000004d01300000] [id=6876]
  0x00000170a632e800 ConcurrentGCThread "G1 Young RemSet Sampling" [stack: 0x0000004d76000000,0x0000004d76100000] [id=4172]

Threads with active compile tasks:
C2 CompilerThread0  4307646 18880   !   4       java.io.ObjectInputStream::readObject0 (671 bytes)
C2 CompilerThread1  4307646 18863   !   4       java.util.Formatter::format (280 bytes)

VM state:not at safepoint (normal execution)

VM Mutex/Monitor currently owned by a thread: None

Heap address: 0x00000000e0000000, size: 512 MB, Compressed Oops mode: 32-bit
Narrow klass base: 0x0000000000000000, Narrow klass shift: 3
Compressed class space size: 260046848 Address: 0x0000000100000000

Heap:
 garbage-first heap   total 274432K, used 205559K [0x00000000e0000000, 0x0000000100000000)
  region size 1024K, 3 young (3072K), 1 survivors (1024K)
 Metaspace       used 102749K, capacity 106418K, committed 106620K, reserved 348160K
  class space    used 12678K, capacity 13950K, committed 14028K, reserved 253952K
Heap Regions: E=young(eden), S=young(survivor), O=old, HS=humongous(starts), HC=humongous(continues), CS=collection set, F=free, A=archive, TAMS=top-at-mark-start (previous, next)
|   0|0x00000000e0000000, 0x00000000e0100000, 0x00000000e0100000|100%| O|  |TAMS 0x00000000e0100000, 0x00000000e0000000| Untracked 
|   1|0x00000000e0100000, 0x00000000e0200000, 0x00000000e0200000|100%| O|  |TAMS 0x00000000e0200000, 0x00000000e0100000| Untracked 
|   2|0x00000000e0200000, 0x00000000e0300000, 0x00000000e0300000|100%| O|  |TAMS 0x00000000e0300000, 0x00000000e0200000| Untracked 
|   3|0x00000000e0300000, 0x00000000e0400000, 0x00000000e0400000|100%|HS|  |TAMS 0x00000000e0400000, 0x00000000e0300000| Complete 
|   4|0x00000000e0400000, 0x00000000e0500000, 0x00000000e0500000|100%|HC|  |TAMS 0x00000000e0500000, 0x00000000e0400000| Complete 
|   5|0x00000000e0500000, 0x00000000e0600000, 0x00000000e0600000|100%|HC|  |TAMS 0x00000000e0600000, 0x00000000e0500000| Complete 
|   6|0x00000000e0600000, 0x00000000e0700000, 0x00000000e0700000|100%| O|  |TAMS 0x00000000e0700000, 0x00000000e0600000| Untracked 
|   7|0x00000000e0700000, 0x00000000e0800000, 0x00000000e0800000|100%| O|  |TAMS 0x00000000e0800000, 0x00000000e0700000| Untracked 
|   8|0x00000000e0800000, 0x00000000e0900000, 0x00000000e0900000|100%| O|  |TAMS 0x00000000e0900000, 0x00000000e0800000| Untracked 
|   9|0x00000000e0900000, 0x00000000e0a00000, 0x00000000e0a00000|100%| O|  |TAMS 0x00000000e0a00000, 0x00000000e0900000| Untracked 
|  10|0x00000000e0a00000, 0x00000000e0b00000, 0x00000000e0b00000|100%| O|  |TAMS 0x00000000e0b00000, 0x00000000e0a00000| Untracked 
|  11|0x00000000e0b00000, 0x00000000e0c00000, 0x00000000e0c00000|100%| O|  |TAMS 0x00000000e0c00000, 0x00000000e0b00000| Untracked 
|  12|0x00000000e0c00000, 0x00000000e0d00000, 0x00000000e0d00000|100%| O|  |TAMS 0x00000000e0d00000, 0x00000000e0c00000| Untracked 
|  13|0x00000000e0d00000, 0x00000000e0d00000, 0x00000000e0e00000|  0%| F|  |TAMS 0x00000000e0d00000, 0x00000000e0d00000| Untracked 
|  14|0x00000000e0e00000, 0x00000000e0f00000, 0x00000000e0f00000|100%| O|  |TAMS 0x00000000e0f00000, 0x00000000e0e00000| Untracked 
|  15|0x00000000e0f00000, 0x00000000e1000000, 0x00000000e1000000|100%| O|  |TAMS 0x00000000e1000000, 0x00000000e0f00000| Untracked 
|  16|0x00000000e1000000, 0x00000000e1100000, 0x00000000e1100000|100%| O|  |TAMS 0x00000000e1100000, 0x00000000e1000000| Untracked 
|  17|0x00000000e1100000, 0x00000000e1200000, 0x00000000e1200000|100%| O|  |TAMS 0x00000000e1200000, 0x00000000e1100000| Untracked 
|  18|0x00000000e1200000, 0x00000000e1300000, 0x00000000e1300000|100%| O|  |TAMS 0x00000000e1300000, 0x00000000e1200000| Untracked 
|  19|0x00000000e1300000, 0x00000000e1400000, 0x00000000e1400000|100%| O|  |TAMS 0x00000000e1400000, 0x00000000e1300000| Untracked 
|  20|0x00000000e1400000, 0x00000000e1500000, 0x00000000e1500000|100%| O|  |TAMS 0x00000000e1500000, 0x00000000e1400000| Untracked 
|  21|0x00000000e1500000, 0x00000000e1600000, 0x00000000e1600000|100%| O|  |TAMS 0x00000000e1600000, 0x00000000e1500000| Untracked 
|  22|0x00000000e1600000, 0x00000000e1700000, 0x00000000e1700000|100%| O|  |TAMS 0x00000000e1700000, 0x00000000e1600000| Untracked 
|  23|0x00000000e1700000, 0x00000000e1800000, 0x00000000e1800000|100%| O|  |TAMS 0x00000000e1800000, 0x00000000e1700000| Untracked 
|  24|0x00000000e1800000, 0x00000000e1900000, 0x00000000e1900000|100%| O|  |TAMS 0x00000000e1900000, 0x00000000e1800000| Untracked 
|  25|0x00000000e1900000, 0x00000000e1a00000, 0x00000000e1a00000|100%| O|  |TAMS 0x00000000e1a00000, 0x00000000e1900000| Untracked 
|  26|0x00000000e1a00000, 0x00000000e1a00000, 0x00000000e1b00000|  0%| F|  |TAMS 0x00000000e1a00000, 0x00000000e1a00000| Untracked 
|  27|0x00000000e1b00000, 0x00000000e1c00000, 0x00000000e1c00000|100%| O|  |TAMS 0x00000000e1c00000, 0x00000000e1b00000| Untracked 
|  28|0x00000000e1c00000, 0x00000000e1d00000, 0x00000000e1d00000|100%| O|  |TAMS 0x00000000e1d00000, 0x00000000e1c00000| Untracked 
|  29|0x00000000e1d00000, 0x00000000e1e00000, 0x00000000e1e00000|100%| O|  |TAMS 0x00000000e1e00000, 0x00000000e1d00000| Untracked 
|  30|0x00000000e1e00000, 0x00000000e1f00000, 0x00000000e1f00000|100%| O|  |TAMS 0x00000000e1f00000, 0x00000000e1e00000| Untracked 
|  31|0x00000000e1f00000, 0x00000000e2000000, 0x00000000e2000000|100%| O|  |TAMS 0x00000000e2000000, 0x00000000e1f00000| Untracked 
|  32|0x00000000e2000000, 0x00000000e2100000, 0x00000000e2100000|100%| O|  |TAMS 0x00000000e2100000, 0x00000000e2000000| Untracked 
|  33|0x00000000e2100000, 0x00000000e2200000, 0x00000000e2200000|100%| O|  |TAMS 0x00000000e2200000, 0x00000000e2100000| Untracked 
|  34|0x00000000e2200000, 0x00000000e2300000, 0x00000000e2300000|100%| O|  |TAMS 0x00000000e2300000, 0x00000000e2200000| Untracked 
|  35|0x00000000e2300000, 0x00000000e2400000, 0x00000000e2400000|100%| O|  |TAMS 0x00000000e2400000, 0x00000000e2300000| Untracked 
|  36|0x00000000e2400000, 0x00000000e2500000, 0x00000000e2500000|100%| O|  |TAMS 0x00000000e2500000, 0x00000000e2400000| Untracked 
|  37|0x00000000e2500000, 0x00000000e2600000, 0x00000000e2600000|100%|HS|  |TAMS 0x00000000e2600000, 0x00000000e2500000| Complete 
|  38|0x00000000e2600000, 0x00000000e2700000, 0x00000000e2700000|100%| O|  |TAMS 0x00000000e2700000, 0x00000000e2600000| Untracked 
|  39|0x00000000e2700000, 0x00000000e2700000, 0x00000000e2800000|  0%| F|  |TAMS 0x00000000e2700000, 0x00000000e2700000| Untracked 
|  40|0x00000000e2800000, 0x00000000e2900000, 0x00000000e2900000|100%|HS|  |TAMS 0x00000000e2900000, 0x00000000e2800000| Complete 
|  41|0x00000000e2900000, 0x00000000e2a00000, 0x00000000e2a00000|100%| O|  |TAMS 0x00000000e2a00000, 0x00000000e2900000| Untracked 
|  42|0x00000000e2a00000, 0x00000000e2b00000, 0x00000000e2b00000|100%| O|  |TAMS 0x00000000e2b00000, 0x00000000e2a00000| Untracked 
|  43|0x00000000e2b00000, 0x00000000e2c00000, 0x00000000e2c00000|100%| O|  |TAMS 0x00000000e2c00000, 0x00000000e2b00000| Untracked 
|  44|0x00000000e2c00000, 0x00000000e2c00000, 0x00000000e2d00000|  0%| F|  |TAMS 0x00000000e2c00000, 0x00000000e2c00000| Untracked 
|  45|0x00000000e2d00000, 0x00000000e2e00000, 0x00000000e2e00000|100%| O|  |TAMS 0x00000000e2e00000, 0x00000000e2d00000| Untracked 
|  46|0x00000000e2e00000, 0x00000000e2e00000, 0x00000000e2f00000|  0%| F|  |TAMS 0x00000000e2e00000, 0x00000000e2e00000| Untracked 
|  47|0x00000000e2f00000, 0x00000000e3000000, 0x00000000e3000000|100%| O|  |TAMS 0x00000000e3000000, 0x00000000e2f00000| Untracked 
|  48|0x00000000e3000000, 0x00000000e3100000, 0x00000000e3100000|100%| O|  |TAMS 0x00000000e3100000, 0x00000000e3000000| Untracked 
|  49|0x00000000e3100000, 0x00000000e3200000, 0x00000000e3200000|100%| O|  |TAMS 0x00000000e3200000, 0x00000000e3100000| Untracked 
|  50|0x00000000e3200000, 0x00000000e3300000, 0x00000000e3300000|100%| O|  |TAMS 0x00000000e3300000, 0x00000000e3200000| Untracked 
|  51|0x00000000e3300000, 0x00000000e3400000, 0x00000000e3400000|100%| O|  |TAMS 0x00000000e3400000, 0x00000000e3300000| Untracked 
|  52|0x00000000e3400000, 0x00000000e3500000, 0x00000000e3500000|100%| O|  |TAMS 0x00000000e3500000, 0x00000000e3400000| Untracked 
|  53|0x00000000e3500000, 0x00000000e3600000, 0x00000000e3600000|100%| O|  |TAMS 0x00000000e3600000, 0x00000000e3500000| Untracked 
|  54|0x00000000e3600000, 0x00000000e3700000, 0x00000000e3700000|100%| O|  |TAMS 0x00000000e3700000, 0x00000000e3600000| Untracked 
|  55|0x00000000e3700000, 0x00000000e3800000, 0x00000000e3800000|100%| O|  |TAMS 0x00000000e3800000, 0x00000000e3700000| Untracked 
|  56|0x00000000e3800000, 0x00000000e3900000, 0x00000000e3900000|100%| O|  |TAMS 0x00000000e3900000, 0x00000000e3800000| Untracked 
|  57|0x00000000e3900000, 0x00000000e3a00000, 0x00000000e3a00000|100%| O|  |TAMS 0x00000000e3a00000, 0x00000000e3900000| Untracked 
|  58|0x00000000e3a00000, 0x00000000e3b00000, 0x00000000e3b00000|100%| O|  |TAMS 0x00000000e3b00000, 0x00000000e3a00000| Untracked 
|  59|0x00000000e3b00000, 0x00000000e3c00000, 0x00000000e3c00000|100%| O|  |TAMS 0x00000000e3c00000, 0x00000000e3b00000| Untracked 
|  60|0x00000000e3c00000, 0x00000000e3d00000, 0x00000000e3d00000|100%| O|  |TAMS 0x00000000e3d00000, 0x00000000e3c00000| Untracked 
|  61|0x00000000e3d00000, 0x00000000e3e00000, 0x00000000e3e00000|100%| O|  |TAMS 0x00000000e3e00000, 0x00000000e3d00000| Untracked 
|  62|0x00000000e3e00000, 0x00000000e3f00000, 0x00000000e3f00000|100%| O|  |TAMS 0x00000000e3f00000, 0x00000000e3e00000| Untracked 
|  63|0x00000000e3f00000, 0x00000000e4000000, 0x00000000e4000000|100%| O|  |TAMS 0x00000000e4000000, 0x00000000e3f00000| Untracked 
|  64|0x00000000e4000000, 0x00000000e4100000, 0x00000000e4100000|100%| O|  |TAMS 0x00000000e4100000, 0x00000000e4000000| Untracked 
|  65|0x00000000e4100000, 0x00000000e4200000, 0x00000000e4200000|100%|HS|  |TAMS 0x00000000e4200000, 0x00000000e4100000| Complete 
|  66|0x00000000e4200000, 0x00000000e4300000, 0x00000000e4300000|100%|HC|  |TAMS 0x00000000e4300000, 0x00000000e4200000| Complete 
|  67|0x00000000e4300000, 0x00000000e4400000, 0x00000000e4400000|100%|HS|  |TAMS 0x00000000e4400000, 0x00000000e4300000| Complete 
|  68|0x00000000e4400000, 0x00000000e4500000, 0x00000000e4500000|100%|HC|  |TAMS 0x00000000e4500000, 0x00000000e4400000| Complete 
|  69|0x00000000e4500000, 0x00000000e4600000, 0x00000000e4600000|100%|HC|  |TAMS 0x00000000e4600000, 0x00000000e4500000| Complete 
|  70|0x00000000e4600000, 0x00000000e4700000, 0x00000000e4700000|100%|HS|  |TAMS 0x00000000e4700000, 0x00000000e4600000| Complete 
|  71|0x00000000e4700000, 0x00000000e4800000, 0x00000000e4800000|100%|HC|  |TAMS 0x00000000e4800000, 0x00000000e4700000| Complete 
|  72|0x00000000e4800000, 0x00000000e4900000, 0x00000000e4900000|100%|HC|  |TAMS 0x00000000e4900000, 0x00000000e4800000| Complete 
|  73|0x00000000e4900000, 0x00000000e4a00000, 0x00000000e4a00000|100%|HC|  |TAMS 0x00000000e4a00000, 0x00000000e4900000| Complete 
|  74|0x00000000e4a00000, 0x00000000e4b00000, 0x00000000e4b00000|100%|HC|  |TAMS 0x00000000e4b00000, 0x00000000e4a00000| Complete 
|  75|0x00000000e4b00000, 0x00000000e4c00000, 0x00000000e4c00000|100%|HC|  |TAMS 0x00000000e4c00000, 0x00000000e4b00000| Complete 
|  76|0x00000000e4c00000, 0x00000000e4d00000, 0x00000000e4d00000|100%|HC|  |TAMS 0x00000000e4d00000, 0x00000000e4c00000| Complete 
|  77|0x00000000e4d00000, 0x00000000e4e00000, 0x00000000e4e00000|100%|HS|  |TAMS 0x00000000e4e00000, 0x00000000e4d00000| Complete 
|  78|0x00000000e4e00000, 0x00000000e4f00000, 0x00000000e4f00000|100%|HS|  |TAMS 0x00000000e4f00000, 0x00000000e4e00000| Complete 
|  79|0x00000000e4f00000, 0x00000000e5000000, 0x00000000e5000000|100%|HC|  |TAMS 0x00000000e5000000, 0x00000000e4f00000| Complete 
|  80|0x00000000e5000000, 0x00000000e5100000, 0x00000000e5100000|100%|HS|  |TAMS 0x00000000e5100000, 0x00000000e5000000| Complete 
|  81|0x00000000e5100000, 0x00000000e5200000, 0x00000000e5200000|100%|HS|  |TAMS 0x00000000e5200000, 0x00000000e5100000| Complete 
|  82|0x00000000e5200000, 0x00000000e5300000, 0x00000000e5300000|100%|HC|  |TAMS 0x00000000e5300000, 0x00000000e5200000| Complete 
|  83|0x00000000e5300000, 0x00000000e5400000, 0x00000000e5400000|100%|HC|  |TAMS 0x00000000e5400000, 0x00000000e5300000| Complete 
|  84|0x00000000e5400000, 0x00000000e5500000, 0x00000000e5500000|100%|HS|  |TAMS 0x00000000e5500000, 0x00000000e5400000| Complete 
|  85|0x00000000e5500000, 0x00000000e5600000, 0x00000000e5600000|100%|HC|  |TAMS 0x00000000e5600000, 0x00000000e5500000| Complete 
|  86|0x00000000e5600000, 0x00000000e5700000, 0x00000000e5700000|100%|HC|  |TAMS 0x00000000e5700000, 0x00000000e5600000| Complete 
|  87|0x00000000e5700000, 0x00000000e5800000, 0x00000000e5800000|100%|HC|  |TAMS 0x00000000e5800000, 0x00000000e5700000| Complete 
|  88|0x00000000e5800000, 0x00000000e5900000, 0x00000000e5900000|100%|HC|  |TAMS 0x00000000e5900000, 0x00000000e5800000| Complete 
|  89|0x00000000e5900000, 0x00000000e5a00000, 0x00000000e5a00000|100%|HC|  |TAMS 0x00000000e5a00000, 0x00000000e5900000| Complete 
|  90|0x00000000e5a00000, 0x00000000e5b00000, 0x00000000e5b00000|100%|HC|  |TAMS 0x00000000e5b00000, 0x00000000e5a00000| Complete 
|  91|0x00000000e5b00000, 0x00000000e5c00000, 0x00000000e5c00000|100%|HC|  |TAMS 0x00000000e5c00000, 0x00000000e5b00000| Complete 
|  92|0x00000000e5c00000, 0x00000000e5d00000, 0x00000000e5d00000|100%|HC|  |TAMS 0x00000000e5d00000, 0x00000000e5c00000| Complete 
|  93|0x00000000e5d00000, 0x00000000e5e00000, 0x00000000e5e00000|100%|HC|  |TAMS 0x00000000e5e00000, 0x00000000e5d00000| Complete 
|  94|0x00000000e5e00000, 0x00000000e5f00000, 0x00000000e5f00000|100%|HS|  |TAMS 0x00000000e5f00000, 0x00000000e5e00000| Complete 
|  95|0x00000000e5f00000, 0x00000000e6000000, 0x00000000e6000000|100%|HC|  |TAMS 0x00000000e6000000, 0x00000000e5f00000| Complete 
|  96|0x00000000e6000000, 0x00000000e6100000, 0x00000000e6100000|100%|HS|  |TAMS 0x00000000e6100000, 0x00000000e6000000| Complete 
|  97|0x00000000e6100000, 0x00000000e6200000, 0x00000000e6200000|100%|HC|  |TAMS 0x00000000e6200000, 0x00000000e6100000| Complete 
|  98|0x00000000e6200000, 0x00000000e6300000, 0x00000000e6300000|100%|HS|  |TAMS 0x00000000e6300000, 0x00000000e6200000| Complete 
|  99|0x00000000e6300000, 0x00000000e6400000, 0x00000000e6400000|100%|HC|  |TAMS 0x00000000e6400000, 0x00000000e6300000| Complete 
| 100|0x00000000e6400000, 0x00000000e6500000, 0x00000000e6500000|100%|HC|  |TAMS 0x00000000e6500000, 0x00000000e6400000| Complete 
| 101|0x00000000e6500000, 0x00000000e6600000, 0x00000000e6600000|100%|HS|  |TAMS 0x00000000e6600000, 0x00000000e6500000| Complete 
| 102|0x00000000e6600000, 0x00000000e6700000, 0x00000000e6700000|100%|HC|  |TAMS 0x00000000e6700000, 0x00000000e6600000| Complete 
| 103|0x00000000e6700000, 0x00000000e6800000, 0x00000000e6800000|100%|HC|  |TAMS 0x00000000e6800000, 0x00000000e6700000| Complete 
| 104|0x00000000e6800000, 0x00000000e6900000, 0x00000000e6900000|100%|HS|  |TAMS 0x00000000e6900000, 0x00000000e6800000| Complete 
| 105|0x00000000e6900000, 0x00000000e6a00000, 0x00000000e6a00000|100%|HC|  |TAMS 0x00000000e6a00000, 0x00000000e6900000| Complete 
| 106|0x00000000e6a00000, 0x00000000e6b00000, 0x00000000e6b00000|100%|HC|  |TAMS 0x00000000e6b00000, 0x00000000e6a00000| Complete 
| 107|0x00000000e6b00000, 0x00000000e6c00000, 0x00000000e6c00000|100%|HC|  |TAMS 0x00000000e6c00000, 0x00000000e6b00000| Complete 
| 108|0x00000000e6c00000, 0x00000000e6d00000, 0x00000000e6d00000|100%|HC|  |TAMS 0x00000000e6d00000, 0x00000000e6c00000| Complete 
| 109|0x00000000e6d00000, 0x00000000e6e00000, 0x00000000e6e00000|100%|HC|  |TAMS 0x00000000e6e00000, 0x00000000e6d00000| Complete 
| 110|0x00000000e6e00000, 0x00000000e6f00000, 0x00000000e6f00000|100%|HC|  |TAMS 0x00000000e6f00000, 0x00000000e6e00000| Complete 
| 111|0x00000000e6f00000, 0x00000000e7000000, 0x00000000e7000000|100%|HC|  |TAMS 0x00000000e7000000, 0x00000000e6f00000| Complete 
| 112|0x00000000e7000000, 0x00000000e7100000, 0x00000000e7100000|100%|HC|  |TAMS 0x00000000e7100000, 0x00000000e7000000| Complete 
| 113|0x00000000e7100000, 0x00000000e7200000, 0x00000000e7200000|100%|HC|  |TAMS 0x00000000e7200000, 0x00000000e7100000| Complete 
| 114|0x00000000e7200000, 0x00000000e7300000, 0x00000000e7300000|100%|HS|  |TAMS 0x00000000e7300000, 0x00000000e7200000| Complete 
| 115|0x00000000e7300000, 0x00000000e7400000, 0x00000000e7400000|100%|HC|  |TAMS 0x00000000e7400000, 0x00000000e7300000| Complete 
| 116|0x00000000e7400000, 0x00000000e7500000, 0x00000000e7500000|100%|HS|  |TAMS 0x00000000e7500000, 0x00000000e7400000| Complete 
| 117|0x00000000e7500000, 0x00000000e7600000, 0x00000000e7600000|100%|HS|  |TAMS 0x00000000e7600000, 0x00000000e7500000| Complete 
| 118|0x00000000e7600000, 0x00000000e7700000, 0x00000000e7700000|100%|HC|  |TAMS 0x00000000e7700000, 0x00000000e7600000| Complete 
| 119|0x00000000e7700000, 0x00000000e7800000, 0x00000000e7800000|100%| O|  |TAMS 0x00000000e7800000, 0x00000000e7700000| Untracked 
| 120|0x00000000e7800000, 0x00000000e7900000, 0x00000000e7900000|100%| O|  |TAMS 0x00000000e7900000, 0x00000000e7800000| Untracked 
| 121|0x00000000e7900000, 0x00000000e7a00000, 0x00000000e7a00000|100%| O|  |TAMS 0x00000000e7a00000, 0x00000000e7900000| Untracked 
| 122|0x00000000e7a00000, 0x00000000e7b00000, 0x00000000e7b00000|100%| O|  |TAMS 0x00000000e7b00000, 0x00000000e7a00000| Untracked 
| 123|0x00000000e7b00000, 0x00000000e7c00000, 0x00000000e7c00000|100%| O|  |TAMS 0x00000000e7c00000, 0x00000000e7b00000| Untracked 
| 124|0x00000000e7c00000, 0x00000000e7d00000, 0x00000000e7d00000|100%| O|  |TAMS 0x00000000e7d00000, 0x00000000e7c00000| Untracked 
| 125|0x00000000e7d00000, 0x00000000e7e00000, 0x00000000e7e00000|100%| O|  |TAMS 0x00000000e7e00000, 0x00000000e7d00000| Untracked 
| 126|0x00000000e7e00000, 0x00000000e7f00000, 0x00000000e7f00000|100%| O|  |TAMS 0x00000000e7f00000, 0x00000000e7e00000| Untracked 
| 127|0x00000000e7f00000, 0x00000000e8000000, 0x00000000e8000000|100%| O|  |TAMS 0x00000000e8000000, 0x00000000e7f00000| Untracked 
| 128|0x00000000e8000000, 0x00000000e8100000, 0x00000000e8100000|100%| O|  |TAMS 0x00000000e8100000, 0x00000000e8000000| Untracked 
| 129|0x00000000e8100000, 0x00000000e8100000, 0x00000000e8200000|  0%| F|  |TAMS 0x00000000e8100000, 0x00000000e8100000| Untracked 
| 130|0x00000000e8200000, 0x00000000e8300000, 0x00000000e8300000|100%|HS|  |TAMS 0x00000000e8300000, 0x00000000e8200000| Complete 
| 131|0x00000000e8300000, 0x00000000e8400000, 0x00000000e8400000|100%|HC|  |TAMS 0x00000000e8400000, 0x00000000e8300000| Complete 
| 132|0x00000000e8400000, 0x00000000e8500000, 0x00000000e8500000|100%|HC|  |TAMS 0x00000000e8500000, 0x00000000e8400000| Complete 
| 133|0x00000000e8500000, 0x00000000e8600000, 0x00000000e8600000|100%|HS|  |TAMS 0x00000000e8600000, 0x00000000e8500000| Complete 
| 134|0x00000000e8600000, 0x00000000e8700000, 0x00000000e8700000|100%|HC|  |TAMS 0x00000000e8700000, 0x00000000e8600000| Complete 
| 135|0x00000000e8700000, 0x00000000e8800000, 0x00000000e8800000|100%|HC|  |TAMS 0x00000000e8800000, 0x00000000e8700000| Complete 
| 136|0x00000000e8800000, 0x00000000e8900000, 0x00000000e8900000|100%|HC|  |TAMS 0x00000000e8900000, 0x00000000e8800000| Complete 
| 137|0x00000000e8900000, 0x00000000e8a00000, 0x00000000e8a00000|100%|HC|  |TAMS 0x00000000e8a00000, 0x00000000e8900000| Complete 
| 138|0x00000000e8a00000, 0x00000000e8b00000, 0x00000000e8b00000|100%|HC|  |TAMS 0x00000000e8b00000, 0x00000000e8a00000| Complete 
| 139|0x00000000e8b00000, 0x00000000e8c00000, 0x00000000e8c00000|100%|HC|  |TAMS 0x00000000e8c00000, 0x00000000e8b00000| Complete 
| 140|0x00000000e8c00000, 0x00000000e8d00000, 0x00000000e8d00000|100%| O|  |TAMS 0x00000000e8d00000, 0x00000000e8c00000| Untracked 
| 141|0x00000000e8d00000, 0x00000000e8e00000, 0x00000000e8e00000|100%|HS|  |TAMS 0x00000000e8e00000, 0x00000000e8d00000| Complete 
| 142|0x00000000e8e00000, 0x00000000e8f00000, 0x00000000e8f00000|100%|HC|  |TAMS 0x00000000e8f00000, 0x00000000e8e00000| Complete 
| 143|0x00000000e8f00000, 0x00000000e9000000, 0x00000000e9000000|100%|HC|  |TAMS 0x00000000e9000000, 0x00000000e8f00000| Complete 
| 144|0x00000000e9000000, 0x00000000e9100000, 0x00000000e9100000|100%|HC|  |TAMS 0x00000000e9100000, 0x00000000e9000000| Complete 
| 145|0x00000000e9100000, 0x00000000e9200000, 0x00000000e9200000|100%|HC|  |TAMS 0x00000000e9200000, 0x00000000e9100000| Complete 
| 146|0x00000000e9200000, 0x00000000e9300000, 0x00000000e9300000|100%|HC|  |TAMS 0x00000000e9300000, 0x00000000e9200000| Complete 
| 147|0x00000000e9300000, 0x00000000e9400000, 0x00000000e9400000|100%|HC|  |TAMS 0x00000000e9400000, 0x00000000e9300000| Complete 
| 148|0x00000000e9400000, 0x00000000e9500000, 0x00000000e9500000|100%|HC|  |TAMS 0x00000000e9500000, 0x00000000e9400000| Complete 
| 149|0x00000000e9500000, 0x00000000e9600000, 0x00000000e9600000|100%|HS|  |TAMS 0x00000000e9600000, 0x00000000e9500000| Complete 
| 150|0x00000000e9600000, 0x00000000e9700000, 0x00000000e9700000|100%|HC|  |TAMS 0x00000000e9700000, 0x00000000e9600000| Complete 
| 151|0x00000000e9700000, 0x00000000e9800000, 0x00000000e9800000|100%|HS|  |TAMS 0x00000000e9800000, 0x00000000e9700000| Complete 
| 152|0x00000000e9800000, 0x00000000e9900000, 0x00000000e9900000|100%|HC|  |TAMS 0x00000000e9900000, 0x00000000e9800000| Complete 
| 153|0x00000000e9900000, 0x00000000e9a00000, 0x00000000e9a00000|100%|HC|  |TAMS 0x00000000e9a00000, 0x00000000e9900000| Complete 
| 154|0x00000000e9a00000, 0x00000000e9b00000, 0x00000000e9b00000|100%|HS|  |TAMS 0x00000000e9b00000, 0x00000000e9a00000| Complete 
| 155|0x00000000e9b00000, 0x00000000e9c00000, 0x00000000e9c00000|100%|HC|  |TAMS 0x00000000e9c00000, 0x00000000e9b00000| Complete 
| 156|0x00000000e9c00000, 0x00000000e9d00000, 0x00000000e9d00000|100%|HC|  |TAMS 0x00000000e9d00000, 0x00000000e9c00000| Complete 
| 157|0x00000000e9d00000, 0x00000000e9e00000, 0x00000000e9e00000|100%|HC|  |TAMS 0x00000000e9e00000, 0x00000000e9d00000| Complete 
| 158|0x00000000e9e00000, 0x00000000e9f00000, 0x00000000e9f00000|100%|HC|  |TAMS 0x00000000e9f00000, 0x00000000e9e00000| Complete 
| 159|0x00000000e9f00000, 0x00000000ea000000, 0x00000000ea000000|100%|HC|  |TAMS 0x00000000ea000000, 0x00000000e9f00000| Complete 
| 160|0x00000000ea000000, 0x00000000ea100000, 0x00000000ea100000|100%|HC|  |TAMS 0x00000000ea100000, 0x00000000ea000000| Complete 
| 161|0x00000000ea100000, 0x00000000ea200000, 0x00000000ea200000|100%|HC|  |TAMS 0x00000000ea200000, 0x00000000ea100000| Complete 
| 162|0x00000000ea200000, 0x00000000ea300000, 0x00000000ea300000|100%|HC|  |TAMS 0x00000000ea300000, 0x00000000ea200000| Complete 
| 163|0x00000000ea300000, 0x00000000ea400000, 0x00000000ea400000|100%|HC|  |TAMS 0x00000000ea400000, 0x00000000ea300000| Complete 
| 164|0x00000000ea400000, 0x00000000ea500000, 0x00000000ea500000|100%|HS|  |TAMS 0x00000000ea500000, 0x00000000ea400000| Complete 
| 165|0x00000000ea500000, 0x00000000ea600000, 0x00000000ea600000|100%|HC|  |TAMS 0x00000000ea600000, 0x00000000ea500000| Complete 
| 166|0x00000000ea600000, 0x00000000ea700000, 0x00000000ea700000|100%| O|  |TAMS 0x00000000ea700000, 0x00000000ea600000| Untracked 
| 167|0x00000000ea700000, 0x00000000ea800000, 0x00000000ea800000|100%| O|  |TAMS 0x00000000ea800000, 0x00000000ea700000| Untracked 
| 168|0x00000000ea800000, 0x00000000ea900000, 0x00000000ea900000|100%| O|  |TAMS 0x00000000ea900000, 0x00000000ea800000| Untracked 
| 169|0x00000000ea900000, 0x00000000eaa00000, 0x00000000eaa00000|100%| O|  |TAMS 0x00000000eaa00000, 0x00000000ea900000| Untracked 
| 170|0x00000000eaa00000, 0x00000000eab00000, 0x00000000eab00000|100%| O|  |TAMS 0x00000000eab00000, 0x00000000eaa00000| Untracked 
| 171|0x00000000eab00000, 0x00000000eac00000, 0x00000000eac00000|100%| O|  |TAMS 0x00000000eac00000, 0x00000000eab00000| Untracked 
| 172|0x00000000eac00000, 0x00000000eac00000, 0x00000000ead00000|  0%| F|  |TAMS 0x00000000eac00000, 0x00000000eac00000| Untracked 
| 173|0x00000000ead00000, 0x00000000eae00000, 0x00000000eae00000|100%| O|  |TAMS 0x00000000eae00000, 0x00000000ead00000| Untracked 
| 174|0x00000000eae00000, 0x00000000eaf00000, 0x00000000eaf00000|100%| O|  |TAMS 0x00000000eaf00000, 0x00000000eae00000| Untracked 
| 175|0x00000000eaf00000, 0x00000000eb000000, 0x00000000eb000000|100%| O|  |TAMS 0x00000000eb000000, 0x00000000eaf00000| Untracked 
| 176|0x00000000eb000000, 0x00000000eb100000, 0x00000000eb100000|100%| O|  |TAMS 0x00000000eb100000, 0x00000000eb000000| Untracked 
| 177|0x00000000eb100000, 0x00000000eb200000, 0x00000000eb200000|100%| O|  |TAMS 0x00000000eb200000, 0x00000000eb100000| Untracked 
| 178|0x00000000eb200000, 0x00000000eb300000, 0x00000000eb300000|100%| O|  |TAMS 0x00000000eb300000, 0x00000000eb200000| Untracked 
| 179|0x00000000eb300000, 0x00000000eb300000, 0x00000000eb400000|  0%| F|  |TAMS 0x00000000eb300000, 0x00000000eb300000| Untracked 
| 180|0x00000000eb400000, 0x00000000eb500000, 0x00000000eb500000|100%| O|  |TAMS 0x00000000eb500000, 0x00000000eb400000| Untracked 
| 181|0x00000000eb500000, 0x00000000eb600000, 0x00000000eb600000|100%| O|  |TAMS 0x00000000eb600000, 0x00000000eb500000| Untracked 
| 182|0x00000000eb600000, 0x00000000eb700000, 0x00000000eb700000|100%| O|  |TAMS 0x00000000eb700000, 0x00000000eb600000| Untracked 
| 183|0x00000000eb700000, 0x00000000eb800000, 0x00000000eb800000|100%| O|  |TAMS 0x00000000eb800000, 0x00000000eb700000| Untracked 
| 184|0x00000000eb800000, 0x00000000eb900000, 0x00000000eb900000|100%| O|  |TAMS 0x00000000eb900000, 0x00000000eb800000| Untracked 
| 185|0x00000000eb900000, 0x00000000eba00000, 0x00000000eba00000|100%| O|  |TAMS 0x00000000eba00000, 0x00000000eb900000| Untracked 
| 186|0x00000000eba00000, 0x00000000ebb00000, 0x00000000ebb00000|100%| O|  |TAMS 0x00000000ebb00000, 0x00000000eba00000| Untracked 
| 187|0x00000000ebb00000, 0x00000000ebc00000, 0x00000000ebc00000|100%| O|  |TAMS 0x00000000ebc00000, 0x00000000ebb00000| Untracked 
| 188|0x00000000ebc00000, 0x00000000ebd00000, 0x00000000ebd00000|100%| O|  |TAMS 0x00000000ebd00000, 0x00000000ebc00000| Untracked 
| 189|0x00000000ebd00000, 0x00000000ebe00000, 0x00000000ebe00000|100%| O|  |TAMS 0x00000000ebe00000, 0x00000000ebd00000| Untracked 
| 190|0x00000000ebe00000, 0x00000000ebf00000, 0x00000000ebf00000|100%| O|  |TAMS 0x00000000ebf00000, 0x00000000ebe00000| Untracked 
| 191|0x00000000ebf00000, 0x00000000ebf00000, 0x00000000ec000000|  0%| F|  |TAMS 0x00000000ebf00000, 0x00000000ebf00000| Untracked 
| 192|0x00000000ec000000, 0x00000000ec100000, 0x00000000ec100000|100%| O|  |TAMS 0x00000000ec100000, 0x00000000ec000000| Untracked 
| 193|0x00000000ec100000, 0x00000000ec200000, 0x00000000ec200000|100%| O|  |TAMS 0x00000000ec200000, 0x00000000ec100000| Untracked 
| 194|0x00000000ec200000, 0x00000000ec300000, 0x00000000ec300000|100%| O|  |TAMS 0x00000000ec300000, 0x00000000ec200000| Untracked 
| 195|0x00000000ec300000, 0x00000000ec400000, 0x00000000ec400000|100%| O|  |TAMS 0x00000000ec3caa00, 0x00000000ec300000| Untracked 
| 196|0x00000000ec400000, 0x00000000ec500000, 0x00000000ec500000|100%| O|  |TAMS 0x00000000ec400000, 0x00000000ec400000| Untracked 
| 197|0x00000000ec500000, 0x00000000ec600000, 0x00000000ec600000|100%| O|  |TAMS 0x00000000ec500000, 0x00000000ec500000| Untracked 
| 198|0x00000000ec600000, 0x00000000ec700000, 0x00000000ec700000|100%| O|  |TAMS 0x00000000ec600000, 0x00000000ec600000| Untracked 
| 199|0x00000000ec700000, 0x00000000ec800000, 0x00000000ec800000|100%| O|  |TAMS 0x00000000ec700000, 0x00000000ec700000| Untracked 
| 200|0x00000000ec800000, 0x00000000ec900000, 0x00000000ec900000|100%| O|  |TAMS 0x00000000ec800000, 0x00000000ec800000| Untracked 
| 201|0x00000000ec900000, 0x00000000eca00000, 0x00000000eca00000|100%| O|  |TAMS 0x00000000ec900000, 0x00000000ec900000| Untracked 
| 202|0x00000000eca00000, 0x00000000ecb00000, 0x00000000ecb00000|100%| O|  |TAMS 0x00000000eca00000, 0x00000000eca00000| Untracked 
| 203|0x00000000ecb00000, 0x00000000ecc00000, 0x00000000ecc00000|100%| O|  |TAMS 0x00000000ecb00000, 0x00000000ecb00000| Untracked 
| 204|0x00000000ecc00000, 0x00000000ecd00000, 0x00000000ecd00000|100%| O|  |TAMS 0x00000000ecc00000, 0x00000000ecc00000| Untracked 
| 205|0x00000000ecd00000, 0x00000000ece00000, 0x00000000ece00000|100%| O|  |TAMS 0x00000000ecd00000, 0x00000000ecd00000| Untracked 
| 206|0x00000000ece00000, 0x00000000ecef9000, 0x00000000ecf00000| 97%| O|  |TAMS 0x00000000ece00000, 0x00000000ece00000| Untracked 
| 207|0x00000000ecf00000, 0x00000000ecf00000, 0x00000000ed000000|  0%| F|  |TAMS 0x00000000ecf00000, 0x00000000ecf00000| Untracked 
| 208|0x00000000ed000000, 0x00000000ed000000, 0x00000000ed100000|  0%| F|  |TAMS 0x00000000ed000000, 0x00000000ed000000| Untracked 
| 209|0x00000000ed100000, 0x00000000ed100000, 0x00000000ed200000|  0%| F|  |TAMS 0x00000000ed100000, 0x00000000ed100000| Untracked 
| 210|0x00000000ed200000, 0x00000000ed200000, 0x00000000ed300000|  0%| F|  |TAMS 0x00000000ed200000, 0x00000000ed200000| Untracked 
| 211|0x00000000ed300000, 0x00000000ed300000, 0x00000000ed400000|  0%| F|  |TAMS 0x00000000ed300000, 0x00000000ed300000| Untracked 
| 212|0x00000000ed400000, 0x00000000ed400000, 0x00000000ed500000|  0%| F|  |TAMS 0x00000000ed400000, 0x00000000ed400000| Untracked 
| 213|0x00000000ed500000, 0x00000000ed500000, 0x00000000ed600000|  0%| F|  |TAMS 0x00000000ed500000, 0x00000000ed500000| Untracked 
| 214|0x00000000ed600000, 0x00000000ed600000, 0x00000000ed700000|  0%| F|  |TAMS 0x00000000ed600000, 0x00000000ed600000| Untracked 
| 215|0x00000000ed700000, 0x00000000ed700000, 0x00000000ed800000|  0%| F|  |TAMS 0x00000000ed700000, 0x00000000ed700000| Untracked 
| 216|0x00000000ed800000, 0x00000000ed800000, 0x00000000ed900000|  0%| F|  |TAMS 0x00000000ed800000, 0x00000000ed800000| Untracked 
| 217|0x00000000ed900000, 0x00000000ed900000, 0x00000000eda00000|  0%| F|  |TAMS 0x00000000ed900000, 0x00000000ed900000| Untracked 
| 218|0x00000000eda00000, 0x00000000eda00000, 0x00000000edb00000|  0%| F|  |TAMS 0x00000000eda00000, 0x00000000eda00000| Untracked 
| 219|0x00000000edb00000, 0x00000000edb00000, 0x00000000edc00000|  0%| F|  |TAMS 0x00000000edb00000, 0x00000000edb00000| Untracked 
| 220|0x00000000edc00000, 0x00000000edc00000, 0x00000000edd00000|  0%| F|  |TAMS 0x00000000edc00000, 0x00000000edc00000| Untracked 
| 221|0x00000000edd00000, 0x00000000edd00000, 0x00000000ede00000|  0%| F|  |TAMS 0x00000000edd00000, 0x00000000edd00000| Untracked 
| 222|0x00000000ede00000, 0x00000000ede00000, 0x00000000edf00000|  0%| F|  |TAMS 0x00000000ede00000, 0x00000000ede00000| Untracked 
| 223|0x00000000edf00000, 0x00000000edf00000, 0x00000000ee000000|  0%| F|  |TAMS 0x00000000edf00000, 0x00000000edf00000| Untracked 
| 224|0x00000000ee000000, 0x00000000ee000000, 0x00000000ee100000|  0%| F|  |TAMS 0x00000000ee000000, 0x00000000ee000000| Untracked 
| 225|0x00000000ee100000, 0x00000000ee100000, 0x00000000ee200000|  0%| F|  |TAMS 0x00000000ee100000, 0x00000000ee100000| Untracked 
| 226|0x00000000ee200000, 0x00000000ee200000, 0x00000000ee300000|  0%| F|  |TAMS 0x00000000ee200000, 0x00000000ee200000| Untracked 
| 227|0x00000000ee300000, 0x00000000ee300000, 0x00000000ee400000|  0%| F|  |TAMS 0x00000000ee300000, 0x00000000ee300000| Untracked 
| 228|0x00000000ee400000, 0x00000000ee400000, 0x00000000ee500000|  0%| F|  |TAMS 0x00000000ee400000, 0x00000000ee400000| Untracked 
| 229|0x00000000ee500000, 0x00000000ee500000, 0x00000000ee600000|  0%| F|  |TAMS 0x00000000ee500000, 0x00000000ee500000| Untracked 
| 230|0x00000000ee600000, 0x00000000ee600000, 0x00000000ee700000|  0%| F|  |TAMS 0x00000000ee600000, 0x00000000ee600000| Untracked 
| 231|0x00000000ee700000, 0x00000000ee700000, 0x00000000ee800000|  0%| F|  |TAMS 0x00000000ee700000, 0x00000000ee700000| Untracked 
| 232|0x00000000ee800000, 0x00000000ee800000, 0x00000000ee900000|  0%| F|  |TAMS 0x00000000ee800000, 0x00000000ee800000| Untracked 
| 233|0x00000000ee900000, 0x00000000ee900000, 0x00000000eea00000|  0%| F|  |TAMS 0x00000000ee900000, 0x00000000ee900000| Untracked 
| 234|0x00000000eea00000, 0x00000000eea00000, 0x00000000eeb00000|  0%| F|  |TAMS 0x00000000eea00000, 0x00000000eea00000| Untracked 
| 235|0x00000000eeb00000, 0x00000000eeb00000, 0x00000000eec00000|  0%| F|  |TAMS 0x00000000eeb00000, 0x00000000eeb00000| Untracked 
| 236|0x00000000eec00000, 0x00000000eec00000, 0x00000000eed00000|  0%| F|  |TAMS 0x00000000eec00000, 0x00000000eec00000| Untracked 
| 237|0x00000000eed00000, 0x00000000eed00000, 0x00000000eee00000|  0%| F|  |TAMS 0x00000000eed00000, 0x00000000eed00000| Untracked 
| 238|0x00000000eee00000, 0x00000000eee00000, 0x00000000eef00000|  0%| F|  |TAMS 0x00000000eee00000, 0x00000000eee00000| Untracked 
| 239|0x00000000eef00000, 0x00000000eef00000, 0x00000000ef000000|  0%| F|  |TAMS 0x00000000eef00000, 0x00000000eef00000| Untracked 
| 240|0x00000000ef000000, 0x00000000ef000000, 0x00000000ef100000|  0%| F|  |TAMS 0x00000000ef000000, 0x00000000ef000000| Untracked 
| 241|0x00000000ef100000, 0x00000000ef100000, 0x00000000ef200000|  0%| F|  |TAMS 0x00000000ef100000, 0x00000000ef100000| Untracked 
| 242|0x00000000ef200000, 0x00000000ef200000, 0x00000000ef300000|  0%| F|  |TAMS 0x00000000ef200000, 0x00000000ef200000| Untracked 
| 243|0x00000000ef300000, 0x00000000ef300000, 0x00000000ef400000|  0%| F|  |TAMS 0x00000000ef300000, 0x00000000ef300000| Untracked 
| 244|0x00000000ef400000, 0x00000000ef400000, 0x00000000ef500000|  0%| F|  |TAMS 0x00000000ef400000, 0x00000000ef400000| Untracked 
| 245|0x00000000ef500000, 0x00000000ef500000, 0x00000000ef600000|  0%| F|  |TAMS 0x00000000ef500000, 0x00000000ef500000| Untracked 
| 246|0x00000000ef600000, 0x00000000ef600000, 0x00000000ef700000|  0%| F|  |TAMS 0x00000000ef600000, 0x00000000ef600000| Untracked 
| 247|0x00000000ef700000, 0x00000000ef700000, 0x00000000ef800000|  0%| F|  |TAMS 0x00000000ef700000, 0x00000000ef700000| Untracked 
| 248|0x00000000ef800000, 0x00000000ef800000, 0x00000000ef900000|  0%| F|  |TAMS 0x00000000ef800000, 0x00000000ef800000| Untracked 
| 249|0x00000000ef900000, 0x00000000ef900000, 0x00000000efa00000|  0%| F|  |TAMS 0x00000000ef900000, 0x00000000ef900000| Untracked 
| 250|0x00000000efa00000, 0x00000000efa00000, 0x00000000efb00000|  0%| F|  |TAMS 0x00000000efa00000, 0x00000000efa00000| Untracked 
| 251|0x00000000efb00000, 0x00000000efb00000, 0x00000000efc00000|  0%| F|  |TAMS 0x00000000efb00000, 0x00000000efb00000| Untracked 
| 252|0x00000000efc00000, 0x00000000efc00000, 0x00000000efd00000|  0%| F|  |TAMS 0x00000000efc00000, 0x00000000efc00000| Untracked 
| 253|0x00000000efd00000, 0x00000000efd00000, 0x00000000efe00000|  0%| F|  |TAMS 0x00000000efd00000, 0x00000000efd00000| Untracked 
| 254|0x00000000efe00000, 0x00000000efe00000, 0x00000000eff00000|  0%| F|  |TAMS 0x00000000efe00000, 0x00000000efe00000| Untracked 
| 255|0x00000000eff00000, 0x00000000eff00000, 0x00000000f0000000|  0%| F|  |TAMS 0x00000000eff00000, 0x00000000eff00000| Untracked 
| 256|0x00000000f0000000, 0x00000000f00c4c80, 0x00000000f0100000| 76%| S|CS|TAMS 0x00000000f0000000, 0x00000000f0000000| Complete 
| 257|0x00000000f0100000, 0x00000000f0100000, 0x00000000f0200000|  0%| F|  |TAMS 0x00000000f0100000, 0x00000000f0100000| Untracked 
| 258|0x00000000f0200000, 0x00000000f0200000, 0x00000000f0300000|  0%| F|  |TAMS 0x00000000f0200000, 0x00000000f0200000| Untracked 
| 259|0x00000000f0300000, 0x00000000f0300000, 0x00000000f0400000|  0%| F|  |TAMS 0x00000000f0300000, 0x00000000f0300000| Untracked 
| 260|0x00000000f0400000, 0x00000000f0400000, 0x00000000f0500000|  0%| F|  |TAMS 0x00000000f0400000, 0x00000000f0400000| Untracked 
| 261|0x00000000f0500000, 0x00000000f0500000, 0x00000000f0600000|  0%| F|  |TAMS 0x00000000f0500000, 0x00000000f0500000| Untracked 
| 262|0x00000000f0600000, 0x00000000f0600000, 0x00000000f0700000|  0%| F|  |TAMS 0x00000000f0600000, 0x00000000f0600000| Untracked 
| 263|0x00000000f0700000, 0x00000000f0700000, 0x00000000f0800000|  0%| F|  |TAMS 0x00000000f0700000, 0x00000000f0700000| Untracked 
| 264|0x00000000f0800000, 0x00000000f0800000, 0x00000000f0900000|  0%| F|  |TAMS 0x00000000f0800000, 0x00000000f0800000| Untracked 
| 265|0x00000000f0900000, 0x00000000f09e3ee0, 0x00000000f0a00000| 89%| E|  |TAMS 0x00000000f0900000, 0x00000000f0900000| Complete 
| 266|0x00000000f0a00000, 0x00000000f0b00000, 0x00000000f0b00000|100%| E|CS|TAMS 0x00000000f0a00000, 0x00000000f0a00000| Complete 
| 267|0x00000000f0b00000, 0x00000000f0c00000, 0x00000000f0c00000|100%| O|  |TAMS 0x00000000f0c00000, 0x00000000f0b00000| Untracked 

Card table byte_map: [0x00000170bdde0000,0x00000170bdee0000] _byte_map_base: 0x00000170bd6e0000

Marking Bits (Prev, Next): (CMBitMap*) 0x00000170a6278b08, (CMBitMap*) 0x00000170a6278b40
 Prev Bits: [0x00000170bdfe0000, 0x00000170be7e0000)
 Next Bits: [0x00000170be7e0000, 0x00000170befe0000)

Polling page: 0x00000170a4190000

Metaspace:

Usage:
  Non-class:     90.30 MB capacity,    87.96 MB ( 97%) used,     1.99 MB (  2%) free+waste,   357.50 KB ( <1%) overhead. 
      Class:     13.62 MB capacity,    12.38 MB ( 91%) used,     1.08 MB (  8%) free+waste,   163.38 KB (  1%) overhead. 
       Both:    103.92 MB capacity,   100.34 MB ( 97%) used,     3.07 MB (  3%) free+waste,   520.88 KB ( <1%) overhead. 

Virtual space:
  Non-class space:       92.00 MB reserved,      90.42 MB ( 98%) committed 
      Class space:      248.00 MB reserved,      13.70 MB (  6%) committed 
             Both:      340.00 MB reserved,     104.12 MB ( 31%) committed 

Chunk freelists:
   Non-Class:  0 bytes
       Class:  2.00 KB
        Both:  2.00 KB

MaxMetaspaceSize: 256.00 MB
CompressedClassSpaceSize: 248.00 MB
Initial GC threshold: 20.80 MB
Current GC threshold: 173.54 MB
CDS: off

CodeHeap 'non-profiled nmethods': size=120000Kb used=14581Kb max_used=14581Kb free=105418Kb
 bounds [0x00000170b6480000, 0x00000170b72c0000, 0x00000170bd9b0000]
CodeHeap 'profiled nmethods': size=120000Kb used=37833Kb max_used=37833Kb free=82166Kb
 bounds [0x00000170aef50000, 0x00000170b1450000, 0x00000170b6480000]
CodeHeap 'non-nmethods': size=5760Kb used=2421Kb max_used=2526Kb free=3338Kb
 bounds [0x00000170ae9b0000, 0x00000170aec30000, 0x00000170aef50000]
 total_blobs=17831 nmethods=16887 adapters=855
 compilation: enabled
              stopped_count=0, restarted_count=0
 full_count=0

Compilation events (20 events):
Event: 4307.544 Thread 0x00000170c23cf000 nmethod 18836 0x00000170b72b5b10 code [0x00000170b72b5ca0, 0x00000170b72b5d98]
Event: 4307.544 Thread 0x00000170c23cf000 18865       4       java.io.StringWriter::flush (1 bytes)
Event: 4307.544 Thread 0x00000170c23cf000 nmethod 18865 0x00000170b72b5e90 code [0x00000170b72b6020, 0x00000170b72b6078]
Event: 4307.552 Thread 0x00000170c23cf000 18880   !   4       java.io.ObjectInputStream::readObject0 (671 bytes)
Event: 4307.552 Thread 0x00000170c23d2800 18881   !   3       jdk.internal.reflect.GeneratedSerializationConstructorAccessor218::newInstance (49 bytes)
Event: 4307.552 Thread 0x00000170c23d2800 nmethod 18881 0x00000170b1445210 code [0x00000170b1445400, 0x00000170b1445808]
Event: 4307.552 Thread 0x00000170c23d2800 18882       3       org.gradle.internal.serialize.DefaultSerializerRegistry$TypeInfo::<init> (8 bytes)
Event: 4307.553 Thread 0x00000170c23d2800 nmethod 18882 0x00000170b1445a10 code [0x00000170b1445bc0, 0x00000170b1445dd8]
Event: 4307.553 Thread 0x00000170c23d2800 18884       3       org.gradle.internal.remote.internal.hub.InterHubMessageSerializer$MessageReader::read (5 bytes)
Event: 4307.553 Thread 0x00000170c23d2800 nmethod 18884 0x00000170b1445f10 code [0x00000170b14460c0, 0x00000170b1446208]
Event: 4307.553 Thread 0x00000170c23d2800 18885       3       org.gradle.internal.remote.internal.hub.InterHubMessageSerializer$MessageReader::read (77 bytes)
Event: 4307.553 Thread 0x00000170c23d2800 nmethod 18885 0x00000170b1446290 code [0x00000170b14464c0, 0x00000170b1446c58]
Event: 4307.554 Thread 0x00000170c23d2800 18886       3       org.codehaus.groovy.runtime.EncodingGroovyMethods$1::<init> (26 bytes)
Event: 4307.554 Thread 0x00000170c23d2800 nmethod 18886 0x00000170b1446f10 code [0x00000170b14470c0, 0x00000170b1447298]
Event: 4307.554 Thread 0x00000170c23d2800 18883       3       org.gradle.internal.serialize.DefaultSerializerRegistry$TypeInfo::<init> (20 bytes)
Event: 4307.554 Thread 0x00000170c23d2800 nmethod 18883 0x00000170b1447390 code [0x00000170b1447540, 0x00000170b14476f8]
Event: 4307.556 Thread 0x00000170c23d2800 18888       3       org.gradle.api.internal.tasks.testing.DecoratingTestDescriptor::isComposite (10 bytes)
Event: 4307.556 Thread 0x00000170c23d2800 nmethod 18888 0x00000170b1447810 code [0x00000170b14479c0, 0x00000170b1447b88]
Event: 4307.557 Thread 0x00000170c23d2800 18890       3       groovy.xml.MarkupBuilder::yield (71 bytes)
Event: 4307.558 Thread 0x00000170c23d2800 nmethod 18890 0x00000170b1447c90 code [0x00000170b1447ec0, 0x00000170b1448628]

GC Heap History (20 events):
Event: 3976.807 GC heap before
{Heap before GC invocations=57 (full 0):
 garbage-first heap   total 274432K, used 233838K [0x00000000e0000000, 0x0000000100000000)
  region size 1024K, 45 young (46080K), 5 survivors (5120K)
 Metaspace       used 98861K, capacity 102222K, committed 102524K, reserved 344064K
  class space    used 12257K, capacity 13460K, committed 13516K, reserved 253952K
}
Event: 3976.811 GC heap after
{Heap after GC invocations=58 (full 0):
 garbage-first heap   total 274432K, used 193317K [0x00000000e0000000, 0x0000000100000000)
  region size 1024K, 1 young (1024K), 1 survivors (1024K)
 Metaspace       used 98861K, capacity 102222K, committed 102524K, reserved 344064K
  class space    used 12257K, capacity 13460K, committed 13516K, reserved 253952K
}
Event: 3976.842 GC heap before
{Heap before GC invocations=58 (full 0):
 garbage-first heap   total 274432K, used 205605K [0x00000000e0000000, 0x0000000100000000)
  region size 1024K, 13 young (13312K), 1 survivors (1024K)
 Metaspace       used 98861K, capacity 102222K, committed 102524K, reserved 344064K
  class space    used 12257K, capacity 13460K, committed 13516K, reserved 253952K
}
Event: 3976.848 GC heap after
{Heap after GC invocations=59 (full 0):
 garbage-first heap   total 274432K, used 190337K [0x00000000e0000000, 0x0000000100000000)
  region size 1024K, 1 young (1024K), 1 survivors (1024K)
 Metaspace       used 98861K, capacity 102222K, committed 102524K, reserved 344064K
  class space    used 12257K, capacity 13460K, committed 13516K, reserved 253952K
}
Event: 4029.010 GC heap before
{Heap before GC invocations=59 (full 0):
 garbage-first heap   total 274432K, used 235393K [0x00000000e0000000, 0x0000000100000000)
  region size 1024K, 45 young (46080K), 1 survivors (1024K)
 Metaspace       used 99153K, capacity 102676K, committed 102908K, reserved 344064K
  class space    used 12302K, capacity 13532K, committed 13644K, reserved 253952K
}
Event: 4029.014 GC heap after
{Heap after GC invocations=60 (full 0):
 garbage-first heap   total 274432K, used 191010K [0x00000000e0000000, 0x0000000100000000)
  region size 1024K, 2 young (2048K), 2 survivors (2048K)
 Metaspace       used 99153K, capacity 102676K, committed 102908K, reserved 344064K
  class space    used 12302K, capacity 13532K, committed 13644K, reserved 253952K
}
Event: 4029.309 GC heap before
{Heap before GC invocations=61 (full 0):
 garbage-first heap   total 274432K, used 235042K [0x00000000e0000000, 0x0000000100000000)
  region size 1024K, 46 young (47104K), 2 survivors (2048K)
 Metaspace       used 101118K, capacity 104768K, committed 104956K, reserved 346112K
  class space    used 12528K, capacity 13784K, committed 13900K, reserved 253952K
}
Event: 4029.313 GC heap after
{Heap after GC invocations=62 (full 0):
 garbage-first heap   total 274432K, used 193709K [0x00000000e0000000, 0x0000000100000000)
  region size 1024K, 5 young (5120K), 5 survivors (5120K)
 Metaspace       used 101118K, capacity 104768K, committed 104956K, reserved 346112K
  class space    used 12528K, capacity 13784K, committed 13900K, reserved 253952K
}
Event: 4029.328 GC heap before
{Heap before GC invocations=62 (full 0):
 garbage-first heap   total 274432K, used 201901K [0x00000000e0000000, 0x0000000100000000)
  region size 1024K, 13 young (13312K), 5 survivors (5120K)
 Metaspace       used 101274K, capacity 104928K, committed 105212K, reserved 346112K
  class space    used 12548K, capacity 13816K, committed 13900K, reserved 253952K
}
Event: 4029.336 GC heap after
{Heap after GC invocations=63 (full 0):
 garbage-first heap   total 274432K, used 189965K [0x00000000e0000000, 0x0000000100000000)
  region size 1024K, 1 young (1024K), 1 survivors (1024K)
 Metaspace       used 101274K, capacity 104928K, committed 105212K, reserved 346112K
  class space    used 12548K, capacity 13816K, committed 13900K, reserved 253952K
}
Event: 4029.488 GC heap before
{Heap before GC invocations=63 (full 0):
 garbage-first heap   total 274432K, used 235021K [0x00000000e0000000, 0x0000000100000000)
  region size 1024K, 46 young (47104K), 1 survivors (1024K)
 Metaspace       used 102333K, capacity 106076K, committed 106364K, reserved 348160K
  class space    used 12672K, capacity 13933K, committed 14028K, reserved 253952K
}
Event: 4029.494 GC heap after
{Heap after GC invocations=64 (full 0):
 garbage-first heap   total 274432K, used 192404K [0x00000000e0000000, 0x0000000100000000)
  region size 1024K, 4 young (4096K), 4 survivors (4096K)
 Metaspace       used 102333K, capacity 106076K, committed 106364K, reserved 348160K
  class space    used 12672K, capacity 13933K, committed 14028K, reserved 253952K
}
Event: 4080.288 GC heap before
{Heap before GC invocations=65 (full 0):
 garbage-first heap   total 274432K, used 236436K [0x00000000e0000000, 0x0000000100000000)
  region size 1024K, 48 young (49152K), 4 survivors (4096K)
 Metaspace       used 102481K, capacity 106220K, committed 106364K, reserved 348160K
  class space    used 12670K, capacity 13935K, committed 14028K, reserved 253952K
}
Event: 4080.293 GC heap after
{Heap after GC invocations=66 (full 0):
 garbage-first heap   total 274432K, used 199866K [0x00000000e0000000, 0x0000000100000000)
  region size 1024K, 6 young (6144K), 6 survivors (6144K)
 Metaspace       used 102481K, capacity 106220K, committed 106364K, reserved 348160K
  class space    used 12670K, capacity 13935K, committed 14028K, reserved 253952K
}
Event: 4080.507 GC heap before
{Heap before GC invocations=66 (full 0):
 garbage-first heap   total 274432K, used 234682K [0x00000000e0000000, 0x0000000100000000)
  region size 1024K, 40 young (40960K), 6 survivors (6144K)
 Metaspace       used 102572K, capacity 106287K, committed 106620K, reserved 348160K
  class space    used 12670K, capacity 13935K, committed 14028K, reserved 253952K
}
Event: 4080.517 GC heap after
{Heap after GC invocations=67 (full 0):
 garbage-first heap   total 274432K, used 206634K [0x00000000e0000000, 0x0000000100000000)
  region size 1024K, 5 young (5120K), 5 survivors (5120K)
 Metaspace       used 102572K, capacity 106287K, committed 106620K, reserved 348160K
  class space    used 12670K, capacity 13935K, committed 14028K, reserved 253952K
}
Event: 4304.760 GC heap before
{Heap before GC invocations=68 (full 0):
 garbage-first heap   total 274432K, used 234282K [0x00000000e0000000, 0x0000000100000000)
  region size 1024K, 33 young (33792K), 5 survivors (5120K)
 Metaspace       used 102703K, capacity 106412K, committed 106620K, reserved 348160K
  class space    used 12677K, capacity 13949K, committed 14028K, reserved 253952K
}
Event: 4304.766 GC heap after
{Heap after GC invocations=69 (full 0):
 garbage-first heap   total 274432K, used 208572K [0x00000000e0000000, 0x0000000100000000)
  region size 1024K, 3 young (3072K), 3 survivors (3072K)
 Metaspace       used 102703K, capacity 106412K, committed 106620K, reserved 348160K
  class space    used 12677K, capacity 13949K, committed 14028K, reserved 253952K
}
Event: 4307.524 GC heap before
{Heap before GC invocations=69 (full 0):
 garbage-first heap   total 274432K, used 218812K [0x00000000e0000000, 0x0000000100000000)
  region size 1024K, 13 young (13312K), 3 survivors (3072K)
 Metaspace       used 102739K, capacity 106418K, committed 106620K, reserved 348160K
  class space    used 12678K, capacity 13950K, committed 14028K, reserved 253952K
}
Event: 4307.531 GC heap after
{Heap after GC invocations=70 (full 0):
 garbage-first heap   total 274432K, used 204535K [0x00000000e0000000, 0x0000000100000000)
  region size 1024K, 1 young (1024K), 1 survivors (1024K)
 Metaspace       used 102739K, capacity 106418K, committed 106620K, reserved 348160K
  class space    used 12678K, capacity 13950K, committed 14028K, reserved 253952K
}

Deoptimization events (20 events):
Event: 4083.616 Thread 0x00000170cb8e8800 Uncommon trap: trap_request=0xffffff4d fr.pc=0x00000170b6a79d90 relative=0x0000000000005390
Event: 4083.616 Thread 0x00000170cb8e8800 Uncommon trap: reason=unstable_if action=reinterpret pc=0x00000170b6a79d90 method=org.gradle.internal.logging.events.LogEvent.render(Lorg/gradle/internal/logging/text/StyledTextOutput;)V @ 22 c2
Event: 4083.616 Thread 0x00000170cb8e8800 DEOPT PACKING pc=0x00000170b6a79d90 sp=0x0000004d080fe750
Event: 4083.616 Thread 0x00000170cb8e8800 DEOPT UNPACKING pc=0x00000170ae9b85af sp=0x0000004d080fe640 mode 2
Event: 4083.624 Thread 0x00000170c840e000 Uncommon trap: trap_request=0xffffffde fr.pc=0x00000170b7148708 relative=0x00000000000062e8
Event: 4083.624 Thread 0x00000170c840e000 Uncommon trap: reason=class_check action=maybe_recompile pc=0x00000170b7148708 method=org.gradle.internal.serialize.ExceptionReplacingObjectOutputStream.doReplaceObject(Ljava/lang/Object;)Ljava/lang/Object; @ 12 c2
Event: 4083.624 Thread 0x00000170c840e000 DEOPT PACKING pc=0x00000170b7148708 sp=0x0000004d004fe750
Event: 4083.624 Thread 0x00000170c840e000 DEOPT UNPACKING pc=0x00000170ae9b85af sp=0x0000004d004fe6a0 mode 2
Event: 4083.625 Thread 0x00000170c840e000 Uncommon trap: trap_request=0xffffffde fr.pc=0x00000170b7148708 relative=0x00000000000062e8
Event: 4083.625 Thread 0x00000170c840e000 Uncommon trap: reason=class_check action=maybe_recompile pc=0x00000170b7148708 method=org.gradle.internal.serialize.ExceptionReplacingObjectOutputStream.doReplaceObject(Ljava/lang/Object;)Ljava/lang/Object; @ 12 c2
Event: 4083.625 Thread 0x00000170c840e000 DEOPT PACKING pc=0x00000170b7148708 sp=0x0000004d004fe750
Event: 4083.625 Thread 0x00000170c840e000 DEOPT UNPACKING pc=0x00000170ae9b85af sp=0x0000004d004fe6a0 mode 2
Event: 4083.722 Thread 0x00000170c7b99800 Uncommon trap: trap_request=0xffffff64 fr.pc=0x00000170b652b06c relative=0x000000000000298c
Event: 4083.722 Thread 0x00000170c7b99800 Uncommon trap: reason=speculate_null_check action=make_not_entrant pc=0x00000170b652b06c method=org.slf4j.helpers.MessageFormatter.getThrowableCandidate([Ljava/lang/Object;)Ljava/lang/Throwable; @ 19 c2
Event: 4083.722 Thread 0x00000170c7b99800 DEOPT PACKING pc=0x00000170b652b06c sp=0x0000004d000feb30
Event: 4083.722 Thread 0x00000170c7b99800 DEOPT UNPACKING pc=0x00000170ae9b85af sp=0x0000004d000fe910 mode 2
Event: 4304.773 Thread 0x00000170c8415800 Uncommon trap: trap_request=0xffffffd6 fr.pc=0x00000170b70fe010 relative=0x0000000000002170
Event: 4304.773 Thread 0x00000170c8415800 Uncommon trap: reason=array_check action=maybe_recompile pc=0x00000170b70fe010 method=java.util.TimSort.reverseRange([Ljava/lang/Object;II)V @ 20 c2
Event: 4304.773 Thread 0x00000170c8415800 DEOPT PACKING pc=0x00000170b70fe010 sp=0x0000004d010fc9c0
Event: 4304.773 Thread 0x00000170c8415800 DEOPT UNPACKING pc=0x00000170ae9b85af sp=0x0000004d010fc820 mode 2

Classes redefined (0 events):
No events

Internal exceptions (20 events):
Event: 4080.418 Thread 0x00000170c8415800 Exception <a 'sun/nio/fs/WindowsException'{0x00000000ef26cfc8}> (0x00000000ef26cfc8) thrown at [./src/hotspot/share/prims/jni.cpp, line 617]
Event: 4080.418 Thread 0x00000170c8415800 Exception <a 'sun/nio/fs/WindowsException'{0x00000000ef26e1c8}> (0x00000000ef26e1c8) thrown at [./src/hotspot/share/prims/jni.cpp, line 617]
Event: 4080.419 Thread 0x00000170c8415800 Exception <a 'sun/nio/fs/WindowsException'{0x00000000ef26f228}> (0x00000000ef26f228) thrown at [./src/hotspot/share/prims/jni.cpp, line 617]
Event: 4080.419 Thread 0x00000170c8415800 Exception <a 'sun/nio/fs/WindowsException'{0x00000000ef270408}> (0x00000000ef270408) thrown at [./src/hotspot/share/prims/jni.cpp, line 617]
Event: 4080.419 Thread 0x00000170c8415800 Exception <a 'sun/nio/fs/WindowsException'{0x00000000ef270738}> (0x00000000ef270738) thrown at [./src/hotspot/share/prims/jni.cpp, line 617]
Event: 4080.419 Thread 0x00000170c8415800 Exception <a 'sun/nio/fs/WindowsException'{0x00000000ef272920}> (0x00000000ef272920) thrown at [./src/hotspot/share/prims/jni.cpp, line 617]
Event: 4080.419 Thread 0x00000170c8415800 Exception <a 'sun/nio/fs/WindowsException'{0x00000000ef272c18}> (0x00000000ef272c18) thrown at [./src/hotspot/share/prims/jni.cpp, line 617]
Event: 4080.419 Thread 0x00000170c8415800 Exception <a 'sun/nio/fs/WindowsException'{0x00000000ef274de8}> (0x00000000ef274de8) thrown at [./src/hotspot/share/prims/jni.cpp, line 617]
Event: 4080.419 Thread 0x00000170c8415800 Exception <a 'sun/nio/fs/WindowsException'{0x00000000ef2750a8}> (0x00000000ef2750a8) thrown at [./src/hotspot/share/prims/jni.cpp, line 617]
Event: 4080.419 Thread 0x00000170c8415800 Exception <a 'sun/nio/fs/WindowsException'{0x00000000ef277268}> (0x00000000ef277268) thrown at [./src/hotspot/share/prims/jni.cpp, line 617]
Event: 4080.442 Thread 0x00000170c8415800 Exception <a 'sun/nio/fs/WindowsException'{0x00000000eefee0b8}> (0x00000000eefee0b8) thrown at [./src/hotspot/share/prims/jni.cpp, line 617]
Event: 4080.443 Thread 0x00000170c8415800 Exception <a 'sun/nio/fs/WindowsException'{0x00000000eefef2b8}> (0x00000000eefef2b8) thrown at [./src/hotspot/share/prims/jni.cpp, line 617]
Event: 4083.615 Thread 0x00000170cb8e8800 Exception <a 'java/io/IOException'{0x00000000f0175e80}> (0x00000000f0175e80) thrown at [./src/hotspot/share/prims/jni.cpp, line 617]
Event: 4083.616 Thread 0x00000170cb8ee000 Exception <a 'java/io/IOException'{0x00000000f011b258}> (0x00000000f011b258) thrown at [./src/hotspot/share/prims/jni.cpp, line 617]
Event: 4083.624 Thread 0x00000170c840e000 Exception <a 'java/lang/NoSuchMethodError'{0x00000000f00126b0}: <clinit>> (0x00000000f00126b0) thrown at [./src/hotspot/share/prims/jni.cpp, line 1367]
Event: 4083.624 Thread 0x00000170c840e000 Exception <a 'java/lang/NoSuchMethodError'{0x00000000f001e9e8}: <clinit>> (0x00000000f001e9e8) thrown at [./src/hotspot/share/prims/jni.cpp, line 1367]
Event: 4083.624 Thread 0x00000170c840e000 Exception <a 'java/lang/NoSuchMethodError'{0x00000000f0023238}: <clinit>> (0x00000000f0023238) thrown at [./src/hotspot/share/prims/jni.cpp, line 1367]
Event: 4083.644 Thread 0x00000170cb8e2000 Exception <a 'java/lang/reflect/InvocationTargetException'{0x00000000f00388b8}> (0x00000000f00388b8) thrown at [./src/hotspot/share/runtime/reflection.cpp, line 1247]
Event: 4083.650 Thread 0x00000170c8415800 Exception <a 'java/lang/reflect/InvocationTargetException'{0x00000000f03adf98}> (0x00000000f03adf98) thrown at [./src/hotspot/share/runtime/reflection.cpp, line 1247]
Event: 4083.722 Thread 0x00000170c7b99800 Implicit null exception at 0x00000170b65287ce to 0x00000170b652b054

Events (20 events):
Event: 4305.423 Executing VM operation: RevokeBias done
Event: 4307.522 Thread 0x00000170c495f000 Thread added: 0x00000170c495f000
Event: 4307.524 Executing VM operation: G1CollectForAllocation
Event: 4307.531 Executing VM operation: G1CollectForAllocation done
Event: 4307.551 loading class org/openqa/selenium/remote/http/ConnectionFailedException
Event: 4307.551 loading class org/openqa/selenium/remote/http/ConnectionFailedException done
Event: 4307.552 loading class org/openqa/selenium/remote/http/ConnectionFailedException
Event: 4307.552 loading class org/openqa/selenium/remote/http/ConnectionFailedException done
Event: 4307.552 loading class org/openqa/selenium/WebDriverException
Event: 4307.552 loading class org/openqa/selenium/WebDriverException done
Event: 4307.552 loading class org/openqa/selenium/WebDriverException
Event: 4307.552 loading class org/openqa/selenium/WebDriverException done
Event: 4307.552 loading class org/openqa/selenium/remote/http/ConnectionFailedException
Event: 4307.552 loading class org/openqa/selenium/remote/http/ConnectionFailedException done
Event: 4307.553 Executing VM operation: RevokeBias
Event: 4307.553 Executing VM operation: RevokeBias done
Event: 4307.553 loading class org/codehaus/groovy/runtime/ArrayUtil
Event: 4307.553 loading class org/codehaus/groovy/runtime/ArrayUtil done
Event: 4307.554 Executing VM operation: RevokeBias
Event: 4307.554 Executing VM operation: RevokeBias done


Dynamic libraries:
0x00007ff745340000 - 0x00007ff74534d000 	C:\Program Files\Eclipse Adoptium\jdk-11.0.15.10-hotspot\bin\java.exe
0x00007ffa3de90000 - 0x00007ffa3e088000 	C:\WINDOWS\SYSTEM32\ntdll.dll
0x00007ffa3db90000 - 0x00007ffa3dc4d000 	C:\WINDOWS\System32\KERNEL32.DLL
0x00007ffa3ba40000 - 0x00007ffa3bd12000 	C:\WINDOWS\System32\KERNELBASE.dll
0x00007ffa3b910000 - 0x00007ffa3ba10000 	C:\WINDOWS\System32\ucrtbase.dll
0x00007ffa348e0000 - 0x00007ffa348f7000 	C:\Program Files\Eclipse Adoptium\jdk-11.0.15.10-hotspot\bin\jli.dll
0x00007ffa34920000 - 0x00007ffa34935000 	C:\Program Files\Eclipse Adoptium\jdk-11.0.15.10-hotspot\bin\VCRUNTIME140.dll
0x00007ffa3c010000 - 0x00007ffa3c1ad000 	C:\WINDOWS\System32\USER32.dll
0x00007ffa3ba10000 - 0x00007ffa3ba32000 	C:\WINDOWS\System32\win32u.dll
0x00007ffa19a90000 - 0x00007ffa19d2a000 	C:\WINDOWS\WinSxS\amd64_microsoft.windows.common-controls_6595b64144ccf1df_6.0.19041.1110_none_60b5254171f9507e\COMCTL32.dll
0x00007ffa3c2d0000 - 0x00007ffa3c2fb000 	C:\WINDOWS\System32\GDI32.dll
0x00007ffa3c1b0000 - 0x00007ffa3c24e000 	C:\WINDOWS\System32\msvcrt.dll
0x00007ffa3bde0000 - 0x00007ffa3beef000 	C:\WINDOWS\System32\gdi32full.dll
0x00007ffa3b5a0000 - 0x00007ffa3b63d000 	C:\WINDOWS\System32\msvcp_win.dll
0x00007ffa3ccf0000 - 0x00007ffa3cd20000 	C:\WINDOWS\System32\IMM32.DLL
0x00007ff9f9130000 - 0x00007ff9f91cb000 	C:\Program Files\Eclipse Adoptium\jdk-11.0.15.10-hotspot\bin\msvcp140.dll
0x00007ff9c10b0000 - 0x00007ff9c1c31000 	C:\Program Files\Eclipse Adoptium\jdk-11.0.15.10-hotspot\bin\server\jvm.dll
0x00007ffa3d5a0000 - 0x00007ffa3d64e000 	C:\WINDOWS\System32\ADVAPI32.dll
0x00007ffa3ddb0000 - 0x00007ffa3de4c000 	C:\WINDOWS\System32\sechost.dll
0x00007ffa3d470000 - 0x00007ffa3d595000 	C:\WINDOWS\System32\RPCRT4.dll
0x00007ffa3cce0000 - 0x00007ffa3cce8000 	C:\WINDOWS\System32\PSAPI.DLL
0x00007ffa1ee60000 - 0x00007ffa1ee69000 	C:\WINDOWS\SYSTEM32\WSOCK32.dll
0x00007ffa1c690000 - 0x00007ffa1c6b7000 	C:\WINDOWS\SYSTEM32\WINMM.dll
0x00007ffa2cba0000 - 0x00007ffa2cbaa000 	C:\WINDOWS\SYSTEM32\VERSION.dll
0x00007ffa3dd40000 - 0x00007ffa3ddab000 	C:\WINDOWS\System32\WS2_32.dll
0x00007ffa39db0000 - 0x00007ffa39dc2000 	C:\WINDOWS\SYSTEM32\kernel.appcore.dll
0x00007ffa33660000 - 0x00007ffa33670000 	C:\Program Files\Eclipse Adoptium\jdk-11.0.15.10-hotspot\bin\verify.dll
0x00007ffa39300000 - 0x00007ffa394e4000 	C:\WINDOWS\SYSTEM32\DBGHELP.DLL
0x00007ffa213d0000 - 0x00007ffa213fc000 	C:\WINDOWS\SYSTEM32\dbgcore.DLL
0x00007ffa3bd50000 - 0x00007ffa3bdd2000 	C:\WINDOWS\System32\bcryptPrimitives.dll
0x00007ffa23590000 - 0x00007ffa235b8000 	C:\Program Files\Eclipse Adoptium\jdk-11.0.15.10-hotspot\bin\java.dll
0x00007ffa33640000 - 0x00007ffa3364a000 	C:\Program Files\Eclipse Adoptium\jdk-11.0.15.10-hotspot\bin\jimage.dll
0x00007ffa238e0000 - 0x00007ffa238f8000 	C:\Program Files\Eclipse Adoptium\jdk-11.0.15.10-hotspot\bin\zip.dll
0x00007ffa3cd20000 - 0x00007ffa3d463000 	C:\WINDOWS\System32\SHELL32.dll
0x00007ffa39600000 - 0x00007ffa39d91000 	C:\WINDOWS\SYSTEM32\windows.storage.dll
0x00007ffa3c360000 - 0x00007ffa3c6b4000 	C:\WINDOWS\System32\combase.dll
0x00007ffa3af20000 - 0x00007ffa3af50000 	C:\WINDOWS\SYSTEM32\Wldp.dll
0x00007ffa3dac0000 - 0x00007ffa3db6d000 	C:\WINDOWS\System32\SHCORE.dll
0x00007ffa3dc50000 - 0x00007ffa3dca5000 	C:\WINDOWS\System32\shlwapi.dll
0x00007ffa3b4e0000 - 0x00007ffa3b4ff000 	C:\WINDOWS\SYSTEM32\profapi.dll
0x00007ffa23570000 - 0x00007ffa23589000 	C:\Program Files\Eclipse Adoptium\jdk-11.0.15.10-hotspot\bin\net.dll
0x00007ffa36640000 - 0x00007ffa3674d000 	C:\WINDOWS\SYSTEM32\WINHTTP.dll
0x00007ffa3ac90000 - 0x00007ffa3acfa000 	C:\WINDOWS\system32\mswsock.dll
0x00007ffa23550000 - 0x00007ffa23563000 	C:\Program Files\Eclipse Adoptium\jdk-11.0.15.10-hotspot\bin\nio.dll
0x00007ff9fec90000 - 0x00007ff9fecb7000 	C:\Users\Irishka\.gradle\native\e1d6ef7f7dcc3fd88c89a11ec53ec762bb8ba0a96d01ffa2cd45eb1d1d8dd5c5\windows-amd64\native-platform.dll
0x00007ff9f1080000 - 0x00007ff9f11c4000 	C:\Users\Irishka\.gradle\native\0d407fdbe67a94daf76414ababcb853783967236a71b16ec16e742cd7a986fd3\windows-amd64\native-platform-file-events.dll
0x00007ffa34910000 - 0x00007ffa34919000 	C:\Program Files\Eclipse Adoptium\jdk-11.0.15.10-hotspot\bin\management.dll
0x00007ffa34900000 - 0x00007ffa3490b000 	C:\Program Files\Eclipse Adoptium\jdk-11.0.15.10-hotspot\bin\management_ext.dll
0x00007ffa3af60000 - 0x00007ffa3af78000 	C:\WINDOWS\SYSTEM32\CRYPTSP.dll
0x00007ffa3a5d0000 - 0x00007ffa3a604000 	C:\WINDOWS\system32\rsaenh.dll
0x00007ffa3bd20000 - 0x00007ffa3bd47000 	C:\WINDOWS\System32\bcrypt.dll
0x00007ffa3b4a0000 - 0x00007ffa3b4ce000 	C:\WINDOWS\SYSTEM32\USERENV.dll
0x00007ffa3ae20000 - 0x00007ffa3ae2c000 	C:\WINDOWS\SYSTEM32\CRYPTBASE.dll
0x00007ffa3a9a0000 - 0x00007ffa3a9db000 	C:\WINDOWS\SYSTEM32\IPHLPAPI.DLL
0x00007ffa3cb20000 - 0x00007ffa3cb28000 	C:\WINDOWS\System32\NSI.dll
0x00007ffa345c0000 - 0x00007ffa345d7000 	C:\WINDOWS\SYSTEM32\dhcpcsvc6.DLL
0x00007ffa34560000 - 0x00007ffa3457d000 	C:\WINDOWS\SYSTEM32\dhcpcsvc.DLL
0x00007ffa3a9e0000 - 0x00007ffa3aaaa000 	C:\WINDOWS\SYSTEM32\DNSAPI.dll
0x00007ffa1f440000 - 0x00007ffa1f465000 	C:\Program Files\Eclipse Adoptium\jdk-11.0.15.10-hotspot\bin\sunec.dll
0x00007ffa32650000 - 0x00007ffa3265a000 	C:\Windows\System32\rasadhlp.dll
0x00007ffa30400000 - 0x00007ffa30480000 	C:\WINDOWS\System32\fwpuclnt.dll
0x00007ffa36df0000 - 0x00007ffa36dfe000 	C:\Program Files\Eclipse Adoptium\jdk-11.0.15.10-hotspot\bin\sunmscapi.dll
0x00007ffa3b640000 - 0x00007ffa3b796000 	C:\WINDOWS\System32\CRYPT32.dll
0x00007ffa3b070000 - 0x00007ffa3b097000 	C:\WINDOWS\SYSTEM32\ncrypt.dll
0x00007ffa3b030000 - 0x00007ffa3b06b000 	C:\WINDOWS\SYSTEM32\NTASN1.dll

dbghelp: loaded successfully - version: 4.0.5 - missing functions: none
symbol engine: initialized successfully - sym options: 0x614 - pdb path: .;C:\Program Files\Eclipse Adoptium\jdk-11.0.15.10-hotspot\bin;C:\WINDOWS\SYSTEM32;C:\WINDOWS\WinSxS\amd64_microsoft.windows.common-controls_6595b64144ccf1df_6.0.19041.1110_none_60b5254171f9507e;C:\Program Files\Eclipse Adoptium\jdk-11.0.15.10-hotspot\bin\server;C:\Users\Irishka\.gradle\native\e1d6ef7f7dcc3fd88c89a11ec53ec762bb8ba0a96d01ffa2cd45eb1d1d8dd5c5\windows-amd64;C:\Users\Irishka\.gradle\native\0d407fdbe67a94daf76414ababcb853783967236a71b16ec16e742cd7a986fd3\windows-amd64

VM Arguments:
jvm_args: --add-opens=java.base/java.util=ALL-UNNAMED --add-opens=java.base/java.lang=ALL-UNNAMED --add-opens=java.base/java.lang.invoke=ALL-UNNAMED --add-opens=java.base/java.util=ALL-UNNAMED --add-opens=java.prefs/java.util.prefs=ALL-UNNAMED --add-opens=java.prefs/java.util.prefs=ALL-UNNAMED --add-opens=java.base/java.nio.charset=ALL-UNNAMED --add-opens=java.base/java.net=ALL-UNNAMED --add-opens=java.base/java.util.concurrent.atomic=ALL-UNNAMED -XX:MaxMetaspaceSize=256m -XX:+HeapDumpOnOutOfMemoryError -Xms256m -Xmx512m -Dfile.encoding=windows-1251 -Duser.country=RU -Duser.language=ru -Duser.variant 
java_command: org.gradle.launcher.daemon.bootstrap.GradleDaemon 7.4
java_class_path (initial): C:\Users\Irishka\.gradle\wrapper\dists\gradle-7.4-bin\c0gwcg53nkjbqw7r0h0umtfvt\gradle-7.4\lib\gradle-launcher-7.4.jar
Launcher Type: SUN_STANDARD

[Global flags]
     intx CICompilerCount                          = 4                                         {product} {ergonomic}
   size_t CompressedClassSpaceSize                 = 260046848                                 {product} {ergonomic}
     uint ConcGCThreads                            = 2                                         {product} {ergonomic}
     uint G1ConcRefinementThreads                  = 8                                         {product} {ergonomic}
   size_t G1HeapRegionSize                         = 1048576                                   {product} {ergonomic}
    uintx GCDrainStackTargetSize                   = 64                                        {product} {ergonomic}
     bool HeapDumpOnOutOfMemoryError               = true                                   {manageable} {command line}
   size_t InitialHeapSize                          = 268435456                                 {product} {command line}
   size_t MarkStackSize                            = 4194304                                   {product} {ergonomic}
   size_t MaxHeapSize                              = 536870912                                 {product} {command line}
   size_t MaxMetaspaceSize                         = 268435456                                 {product} {command line}
   size_t MaxNewSize                               = 321912832                                 {product} {ergonomic}
   size_t MinHeapDeltaBytes                        = 1048576                                   {product} {ergonomic}
    uintx NonNMethodCodeHeapSize                   = 5836300                                {pd product} {ergonomic}
    uintx NonProfiledCodeHeapSize                  = 122910970                              {pd product} {ergonomic}
    uintx ProfiledCodeHeapSize                     = 122910970                              {pd product} {ergonomic}
    uintx ReservedCodeCacheSize                    = 251658240                              {pd product} {ergonomic}
     bool SegmentedCodeCache                       = true                                      {product} {ergonomic}
     bool UseCompressedClassPointers               = true                                 {lp64_product} {ergonomic}
     bool UseCompressedOops                        = true                                 {lp64_product} {ergonomic}
     bool UseG1GC                                  = true                                      {product} {ergonomic}
     bool UseLargePagesIndividualAllocation        = false                                  {pd product} {ergonomic}

Logging:
Log output configuration:
 #0: stdout all=warning uptime,level,tags
 #1: stderr all=off uptime,level,tags

Environment Variables:
JAVA_HOME=C:\Program Files\Eclipse Foundation\jdk-8.0.302.8-hotspot
PATH=C:\Program Files\Eclipse Adoptium\jdk-11.0.15.10-hotspot\bin;C:\Python37\Scripts\;C:\Python37\;C:\Python38\Scripts\;C:\Python38\;C:\Program Files\Eclipse Foundation\jdk-8.0.302.8-hotspot\bin;C:\Windows\system32;C:\Windows;C:\Windows\System32\Wbem;C:\Windows\System32\WindowsPowerShell\v1.0\;C:\Windows\System32\OpenSSH\;C:\Program Files\Microsoft SQL Server\130\Tools\Binn\;C:\Program Files\Microsoft SQL Server\Client SDK\ODBC\170\Tools\Binn\;C:\ProgramData\chocolatey\bin;C:\Program Files\dotnet\;C:\Program Files\NVIDIA Corporation\Nsight Compute 2021.3.1\;C:\Program Files (x86)\NVIDIA Corporation\PhysX\Common;C:\Program Files\Git\cmd;C:\Program Files\Docker\Docker\resources\bin;C:\ProgramData\DockerDesktop\version-bin;C:\WINDOWS\system32;C:\WINDOWS;C:\WINDOWS\System32\Wbem;C:\WINDOWS\System32\WindowsPowerShell\v1.0\;C:\WINDOWS\System32\OpenSSH\;C:\Users\Irishka\AppData\Local\Programs\Python\Python38\Scripts\;C:\Users\Irishka\AppData\Local\Programs\Python\Python38\;C:\Python39\Scripts\;C:\Python39\;C:\Users\Irishka\AppData\Local\Microsoft\WindowsApps;C:\Users\Irishka\.dotnet\tools;C:\Users\Irishka\AppData\Local\Programs\Microsoft VS Code\bin;C:\Users\Irishka\AppData\Local\GitHubDesktop\bin;C:\Users\Irishka\Desktop\PyCharm 2022.2.2\bin;;C:\Users\Irishka\Desktop\PyCharm Community Edition 2022.2.2\bin;;
USERNAME=Irishka
OS=Windows_NT
PROCESSOR_IDENTIFIER=Intel64 Family 6 Model 140 Stepping 1, GenuineIntel



---------------  S Y S T E M  ---------------

OS: Windows 10 , 64 bit Build 19041 (10.0.19041.1889)
OS uptime: 2 days 17:02 hours
Hyper-V role detected

CPU:total 8 (initial active 8) (4 cores per cpu, 2 threads per core) family 6 model 140 stepping 1 microcode 0x8a, cmov, cx8, fxsr, mmx, sse, sse2, sse3, ssse3, sse4.1, sse4.2, popcnt, avx, avx2, aes, clmul, erms, 3dnowpref, lzcnt, ht, tsc, tscinvbit, bmi1, bmi2, adx, evex, sha, fma

Memory: 4k page, system-wide physical 16026M (1408M free)
TotalPageFile size 20122M (AvailPageFile size 4M)
current process WorkingSet (physical memory assigned to process): 572M, peak: 605M
current process commit charge ("private bytes"): 635M, peak: 666M

vm_info: OpenJDK 64-Bit Server VM (11.0.15+10) for windows-amd64 JRE (11.0.15+10), built on Apr 19 2022 22:29:44 by "" with unknown MS VC++:1916

END.
