#
# There is insufficient memory for the Java Runtime Environment to continue.
# Native memory allocation (malloc) failed to allocate 1670736 bytes for Chunk::new
# Possible reasons:
#   The system is out of physical RAM or swap space
#   The process is running with CompressedOops enabled, and the Java Heap may be blocking the growth of the native heap
# Possible solutions:
#   Reduce memory load on the system
#   Increase physical memory or swap space
#   Check if swap backing store is full
#   Decrease Java heap size (-Xmx/-Xms)
#   Decrease number of Java threads
#   Decrease Java thread stack sizes (-Xss)
#   Set larger code cache with -XX:ReservedCodeCacheSize=
#   JVM is running with Unscaled Compressed Oops mode in which the Java heap is
#     placed in the first 4GB address space. The Java Heap base address is the
#     maximum limit for the native heap growth. Please use -XX:HeapBaseMinAddress
#     to set the Java Heap base and to place the Java Heap above 4GB virtual address.
# This output file may be truncated or incomplete.
#
#  Out of Memory Error (./src/hotspot/share/memory/arena.cpp:197), pid=13004, tid=21192
#
# JRE version: OpenJDK Runtime Environment Temurin-11.0.15+10 (11.0.15+10) (build 11.0.15+10)
# Java VM: OpenJDK 64-Bit Server VM Temurin-11.0.15+10 (11.0.15+10, mixed mode, tiered, compressed oops, g1 gc, windows-amd64)
# No core dump will be written. Minidumps are not enabled by default on client versions of Windows
#

---------------  S U M M A R Y ------------

Command Line: -Dorg.gradle.internal.worker.tmpdir=C:\Users\Irishka\Downloads\PatternsCard\build\tmp\test\work -Dorg.gradle.native=false -Dselenide.headless --add-opens=java.base/java.util=ALL-UNNAMED --add-opens=java.base/java.lang=ALL-UNNAMED -Xmx512m -Dfile.encoding=windows-1251 -Duser.country=RU -Duser.language=ru -Duser.variant -ea worker.org.gradle.process.internal.worker.GradleWorkerMain 'Gradle Test Executor 6'

Host: 11th Gen Intel(R) Core(TM) i7-1165G7 @ 2.80GHz, 8 cores, 15G,  Windows 10 , 64 bit Build 19041 (10.0.19041.1889)
Time: Mon Nov  7 16:38:37 2022 RTZ 2 (s 10 , 64 bit Build 19041 (10.0.19041.1889) elapsed time: 2.963056 seconds (0d 0h 0m 2s)

---------------  T H R E A D  ---------------

Current thread (0x00000179900e1800):  JavaThread "C2 CompilerThread0" daemon [_thread_in_native, id=21192, stack(0x0000006f2f000000,0x0000006f2f100000)]


Current CompileTask:
C2:   2963 2362   !   4       jdk.internal.loader.BuiltinClassLoader::loadClassOrNull (143 bytes)

Stack: [0x0000006f2f000000,0x0000006f2f100000]
Native frames: (J=compiled Java code, j=interpreted, Vv=VM code, C=native code)
V  [jvm.dll+0x61e72a]
V  [jvm.dll+0x7aae49]
V  [jvm.dll+0x7ac538]
V  [jvm.dll+0x7acc13]
V  [jvm.dll+0x24fb28]
V  [jvm.dll+0xc262c]
V  [jvm.dll+0xc2bec]
V  [jvm.dll+0x359ad2]
V  [jvm.dll+0x19e769]
V  [jvm.dll+0x208e82]
V  [jvm.dll+0x207f5d]
V  [jvm.dll+0x18a361]
V  [jvm.dll+0x2178a4]
V  [jvm.dll+0x215aeb]
V  [jvm.dll+0x76d950]
V  [jvm.dll+0x7668b4]
V  [jvm.dll+0x61d586]
C  [ucrtbase.dll+0x21bb2]
C  [KERNEL32.DLL+0x17034]
C  [ntdll.dll+0x526a1]


---------------  P R O C E S S  ---------------

Threads class SMR info:
_java_thread_list=0x0000017992da8a70, length=29, elements={
0x00000179f1f9c000, 0x000001798f857800, 0x0000017990088800, 0x00000179900db000,
0x00000179900df800, 0x00000179900e0800, 0x00000179900e1800, 0x00000179900e3800,
0x00000179900f0000, 0x0000017990261000, 0x00000179908e2000, 0x0000017990ddc800,
0x0000017990de0800, 0x0000017990e1a800, 0x0000017990e19000, 0x0000017990e19800,
0x0000017990e1c000, 0x0000017990e1d800, 0x0000017990e1d000, 0x0000017990e1b800,
0x0000017990e18000, 0x0000017990e1e800, 0x0000017991bc5800, 0x0000017991bc4800,
0x0000017991bc4000, 0x0000017991bc6800, 0x0000017991bc2800, 0x000001799314b800,
0x0000017991bc8000
}

Java Threads: ( => current thread )
  0x00000179f1f9c000 JavaThread "Forwarding get on session 87ffb38f5aa07682b6b6e72b0e79eef2 to remote" [_thread_blocked, id=16236, stack(0x0000006f2e400000,0x0000006f2e500000)]
  0x000001798f857800 JavaThread "Reference Handler" daemon [_thread_blocked, id=17492, stack(0x0000006f2eb00000,0x0000006f2ec00000)]
  0x0000017990088800 JavaThread "Finalizer" daemon [_thread_blocked, id=12988, stack(0x0000006f2ec00000,0x0000006f2ed00000)]
  0x00000179900db000 JavaThread "Signal Dispatcher" daemon [_thread_blocked, id=15468, stack(0x0000006f2ed00000,0x0000006f2ee00000)]
  0x00000179900df800 JavaThread "Attach Listener" daemon [_thread_blocked, id=15732, stack(0x0000006f2ee00000,0x0000006f2ef00000)]
  0x00000179900e0800 JavaThread "Service Thread" daemon [_thread_blocked, id=17044, stack(0x0000006f2ef00000,0x0000006f2f000000)]
=>0x00000179900e1800 JavaThread "C2 CompilerThread0" daemon [_thread_in_native, id=21192, stack(0x0000006f2f000000,0x0000006f2f100000)]
  0x00000179900e3800 JavaThread "C1 CompilerThread0" daemon [_thread_blocked, id=19460, stack(0x0000006f2f100000,0x0000006f2f200000)]
  0x00000179900f0000 JavaThread "Sweeper thread" daemon [_thread_blocked, id=2060, stack(0x0000006f2f200000,0x0000006f2f300000)]
  0x0000017990261000 JavaThread "Common-Cleaner" daemon [_thread_blocked, id=1436, stack(0x0000006f2f300000,0x0000006f2f400000)]
  0x00000179908e2000 JavaThread "/127.0.0.1:49369 to /127.0.0.1:49368 workers" [_thread_blocked, id=7976, stack(0x0000006f2f700000,0x0000006f2f800000)]
  0x0000017990ddc800 JavaThread "/127.0.0.1:49369 to /127.0.0.1:49368 workers Thread 2" [_thread_blocked, id=12088, stack(0x0000006f2f800000,0x0000006f2f900000)]
  0x0000017990de0800 JavaThread "/127.0.0.1:49369 to /127.0.0.1:49368 workers Thread 3" [_thread_in_native, id=4060, stack(0x0000006f2f900000,0x0000006f2fa00000)]
  0x0000017990e1a800 JavaThread "ForkJoinPool.commonPool-worker-3" daemon [_thread_blocked, id=20088, stack(0x0000006f30300000,0x0000006f30400000)]
  0x0000017990e19000 JavaThread "AsyncHttpClient-1-1" daemon [_thread_blocked, id=20444, stack(0x0000006f30400000,0x0000006f30500000)]
  0x0000017990e19800 JavaThread "Exec Default Executor" daemon [_thread_in_native, id=8108, stack(0x0000006f30500000,0x0000006f30600000)]
  0x0000017990e1c000 JavaThread "Driver Service Executor" daemon [_thread_blocked, id=21328, stack(0x0000006f30600000,0x0000006f30700000)]
  0x0000017990e1d800 JavaThread "Driver Service Executor" daemon [_thread_blocked, id=3720, stack(0x0000006f30700000,0x0000006f30800000)]
  0x0000017990e1d000 JavaThread "UrlChecker-2" daemon [_thread_blocked, id=19836, stack(0x0000006f30800000,0x0000006f30900000)]
  0x0000017990e1b800 JavaThread "Exec Stream Pumper" daemon [_thread_in_native, id=14808, stack(0x0000006f30900000,0x0000006f30a00000)]
  0x0000017990e18000 JavaThread "Exec Stream Pumper" daemon [_thread_in_native, id=2276, stack(0x0000006f30a00000,0x0000006f30b00000)]
  0x0000017990e1e800 JavaThread "Keep-Alive-Timer" daemon [_thread_blocked, id=20128, stack(0x0000006f30b00000,0x0000006f30c00000)]
  0x0000017991bc5800 JavaThread "ForkJoinPool.commonPool-worker-5" daemon [_thread_blocked, id=5996, stack(0x0000006f30c00000,0x0000006f30d00000)]
  0x0000017991bc4800 JavaThread "ForkJoinPool.commonPool-worker-7" daemon [_thread_blocked, id=7264, stack(0x0000006f30d00000,0x0000006f30e00000)]
  0x0000017991bc4000 JavaThread "AsyncHttpClient-1-2" daemon [_thread_in_native, id=18220, stack(0x0000006f30100000,0x0000006f30200000)]
  0x0000017991bc6800 JavaThread "AsyncHttpClient-1-3" daemon [_thread_in_native, id=15336, stack(0x0000006f2f500000,0x0000006f2f600000)]
  0x0000017991bc2800 JavaThread "AsyncHttpClient-1-4" daemon [_thread_in_native, id=13100, stack(0x0000006f30e00000,0x0000006f30f00000)]
  0x000001799314b800 JavaThread "C2 CompilerThread1" daemon [_thread_blocked, id=9544, stack(0x0000006f30f00000,0x0000006f31000000)]
  0x0000017991bc8000 JavaThread "Dead threads watchdog" daemon [_thread_blocked, id=13936, stack(0x0000006f31000000,0x0000006f31100000)]

Other Threads:
  0x000001798f853800 VMThread "VM Thread" [stack: 0x0000006f2ea00000,0x0000006f2eb00000] [id=20760]
  0x0000017990263800 WatcherThread [stack: 0x0000006f2f400000,0x0000006f2f500000] [id=18556]
  0x00000179f3fa5800 GCTaskThread "GC Thread#0" [stack: 0x0000006f2e500000,0x0000006f2e600000] [id=8476]
  0x0000017990f57000 GCTaskThread "GC Thread#1" [stack: 0x0000006f2fa00000,0x0000006f2fb00000] [id=9220]
  0x0000017990f03000 GCTaskThread "GC Thread#2" [stack: 0x0000006f2fb00000,0x0000006f2fc00000] [id=8896]
  0x0000017990f50000 GCTaskThread "GC Thread#3" [stack: 0x0000006f2fc00000,0x0000006f2fd00000] [id=4656]
  0x0000017991037800 GCTaskThread "GC Thread#4" [stack: 0x0000006f2fd00000,0x0000006f2fe00000] [id=7616]
  0x0000017990ef7000 GCTaskThread "GC Thread#5" [stack: 0x0000006f2fe00000,0x0000006f2ff00000] [id=17716]
  0x0000017990ddf000 GCTaskThread "GC Thread#6" [stack: 0x0000006f2ff00000,0x0000006f30000000] [id=19604]
  0x00000179910ea800 GCTaskThread "GC Thread#7" [stack: 0x0000006f30000000,0x0000006f30100000] [id=19692]
  0x00000179f3fb7800 ConcurrentGCThread "G1 Main Marker" [stack: 0x0000006f2e600000,0x0000006f2e700000] [id=19668]
  0x00000179f3fba000 ConcurrentGCThread "G1 Conc#0" [stack: 0x0000006f2e700000,0x0000006f2e800000] [id=1840]
  0x00000179910e7000 ConcurrentGCThread "G1 Conc#1" [stack: 0x0000006f30200000,0x0000006f30300000] [id=3040]
  0x00000179f405d800 ConcurrentGCThread "G1 Refine#0" [stack: 0x0000006f2e800000,0x0000006f2e900000] [id=16044]
  0x000001798f6b9800 ConcurrentGCThread "G1 Young RemSet Sampling" [stack: 0x0000006f2e900000,0x0000006f2ea00000] [id=19964]

Threads with active compile tasks:
C2 CompilerThread0     2977 2362   !   4       jdk.internal.loader.BuiltinClassLoader::loadClassOrNull (143 bytes)

VM state:not at safepoint (normal execution)

VM Mutex/Monitor currently owned by a thread: None

Heap address: 0x00000000e0000000, size: 512 MB, Compressed Oops mode: 32-bit
Narrow klass base: 0x0000000000000000, Narrow klass shift: 3
Compressed class space size: 1073741824 Address: 0x0000000100000000

Heap:
 garbage-first heap   total 258048K, used 46063K [0x00000000e0000000, 0x0000000100000000)
  region size 1024K, 34 young (34816K), 7 survivors (7168K)
 Metaspace       used 32896K, capacity 34003K, committed 34352K, reserved 1079296K
  class space    used 3907K, capacity 4366K, committed 4480K, reserved 1048576K
Heap Regions: E=young(eden), S=young(survivor), O=old, HS=humongous(starts), HC=humongous(continues), CS=collection set, F=free, A=archive, TAMS=top-at-mark-start (previous, next)
|   0|0x00000000e0000000, 0x00000000e0100000, 0x00000000e0100000|100%| O|  |TAMS 0x00000000e0100000, 0x00000000e0000000| Untracked 
|   1|0x00000000e0100000, 0x00000000e0200000, 0x00000000e0200000|100%| O|  |TAMS 0x00000000e0200000, 0x00000000e0100000| Untracked 
|   2|0x00000000e0200000, 0x00000000e0300000, 0x00000000e0300000|100%| O|  |TAMS 0x00000000e0300000, 0x00000000e0200000| Untracked 
|   3|0x00000000e0300000, 0x00000000e0400000, 0x00000000e0400000|100%| O|  |TAMS 0x00000000e0400000, 0x00000000e0300000| Untracked 
|   4|0x00000000e0400000, 0x00000000e0500000, 0x00000000e0500000|100%| O|  |TAMS 0x00000000e0500000, 0x00000000e0400000| Untracked 
|   5|0x00000000e0500000, 0x00000000e0600000, 0x00000000e0600000|100%| O|  |TAMS 0x00000000e0600000, 0x00000000e0500000| Untracked 
|   6|0x00000000e0600000, 0x00000000e06fbe00, 0x00000000e0700000| 98%| O|  |TAMS 0x00000000e06fbe00, 0x00000000e0600000| Untracked 
|   7|0x00000000e0700000, 0x00000000e0800000, 0x00000000e0800000|100%|HS|  |TAMS 0x00000000e0700000, 0x00000000e0700000| Complete 
|   8|0x00000000e0800000, 0x00000000e0900000, 0x00000000e0900000|100%|HC|  |TAMS 0x00000000e0800000, 0x00000000e0800000| Complete 
|   9|0x00000000e0900000, 0x00000000e0a00000, 0x00000000e0a00000|100%|HC|  |TAMS 0x00000000e0900000, 0x00000000e0900000| Complete 
|  10|0x00000000e0a00000, 0x00000000e0b00000, 0x00000000e0b00000|100%|HC|  |TAMS 0x00000000e0a00000, 0x00000000e0a00000| Complete 
|  11|0x00000000e0b00000, 0x00000000e0c00000, 0x00000000e0c00000|100%|HC|  |TAMS 0x00000000e0b00000, 0x00000000e0b00000| Complete 
|  12|0x00000000e0c00000, 0x00000000e0c00000, 0x00000000e0d00000|  0%| F|  |TAMS 0x00000000e0c00000, 0x00000000e0c00000| Untracked 
|  13|0x00000000e0d00000, 0x00000000e0d00000, 0x00000000e0e00000|  0%| F|  |TAMS 0x00000000e0d00000, 0x00000000e0d00000| Untracked 
|  14|0x00000000e0e00000, 0x00000000e0e00000, 0x00000000e0f00000|  0%| F|  |TAMS 0x00000000e0e00000, 0x00000000e0e00000| Untracked 
|  15|0x00000000e0f00000, 0x00000000e0f00000, 0x00000000e1000000|  0%| F|  |TAMS 0x00000000e0f00000, 0x00000000e0f00000| Untracked 
|  16|0x00000000e1000000, 0x00000000e1000000, 0x00000000e1100000|  0%| F|  |TAMS 0x00000000e1000000, 0x00000000e1000000| Untracked 
|  17|0x00000000e1100000, 0x00000000e1100000, 0x00000000e1200000|  0%| F|  |TAMS 0x00000000e1100000, 0x00000000e1100000| Untracked 
|  18|0x00000000e1200000, 0x00000000e1200000, 0x00000000e1300000|  0%| F|  |TAMS 0x00000000e1200000, 0x00000000e1200000| Untracked 
|  19|0x00000000e1300000, 0x00000000e1300000, 0x00000000e1400000|  0%| F|  |TAMS 0x00000000e1300000, 0x00000000e1300000| Untracked 
|  20|0x00000000e1400000, 0x00000000e1400000, 0x00000000e1500000|  0%| F|  |TAMS 0x00000000e1400000, 0x00000000e1400000| Untracked 
|  21|0x00000000e1500000, 0x00000000e1500000, 0x00000000e1600000|  0%| F|  |TAMS 0x00000000e1500000, 0x00000000e1500000| Untracked 
|  22|0x00000000e1600000, 0x00000000e1600000, 0x00000000e1700000|  0%| F|  |TAMS 0x00000000e1600000, 0x00000000e1600000| Untracked 
|  23|0x00000000e1700000, 0x00000000e1700000, 0x00000000e1800000|  0%| F|  |TAMS 0x00000000e1700000, 0x00000000e1700000| Untracked 
|  24|0x00000000e1800000, 0x00000000e1800000, 0x00000000e1900000|  0%| F|  |TAMS 0x00000000e1800000, 0x00000000e1800000| Untracked 
|  25|0x00000000e1900000, 0x00000000e1900000, 0x00000000e1a00000|  0%| F|  |TAMS 0x00000000e1900000, 0x00000000e1900000| Untracked 
|  26|0x00000000e1a00000, 0x00000000e1a00000, 0x00000000e1b00000|  0%| F|  |TAMS 0x00000000e1a00000, 0x00000000e1a00000| Untracked 
|  27|0x00000000e1b00000, 0x00000000e1b00000, 0x00000000e1c00000|  0%| F|  |TAMS 0x00000000e1b00000, 0x00000000e1b00000| Untracked 
|  28|0x00000000e1c00000, 0x00000000e1c00000, 0x00000000e1d00000|  0%| F|  |TAMS 0x00000000e1c00000, 0x00000000e1c00000| Untracked 
|  29|0x00000000e1d00000, 0x00000000e1d00000, 0x00000000e1e00000|  0%| F|  |TAMS 0x00000000e1d00000, 0x00000000e1d00000| Untracked 
|  30|0x00000000e1e00000, 0x00000000e1e00000, 0x00000000e1f00000|  0%| F|  |TAMS 0x00000000e1e00000, 0x00000000e1e00000| Untracked 
|  31|0x00000000e1f00000, 0x00000000e1f00000, 0x00000000e2000000|  0%| F|  |TAMS 0x00000000e1f00000, 0x00000000e1f00000| Untracked 
|  32|0x00000000e2000000, 0x00000000e2000000, 0x00000000e2100000|  0%| F|  |TAMS 0x00000000e2000000, 0x00000000e2000000| Untracked 
|  33|0x00000000e2100000, 0x00000000e2100000, 0x00000000e2200000|  0%| F|  |TAMS 0x00000000e2100000, 0x00000000e2100000| Untracked 
|  34|0x00000000e2200000, 0x00000000e2200000, 0x00000000e2300000|  0%| F|  |TAMS 0x00000000e2200000, 0x00000000e2200000| Untracked 
|  35|0x00000000e2300000, 0x00000000e2300000, 0x00000000e2400000|  0%| F|  |TAMS 0x00000000e2300000, 0x00000000e2300000| Untracked 
|  36|0x00000000e2400000, 0x00000000e2400000, 0x00000000e2500000|  0%| F|  |TAMS 0x00000000e2400000, 0x00000000e2400000| Untracked 
|  37|0x00000000e2500000, 0x00000000e2500000, 0x00000000e2600000|  0%| F|  |TAMS 0x00000000e2500000, 0x00000000e2500000| Untracked 
|  38|0x00000000e2600000, 0x00000000e2600000, 0x00000000e2700000|  0%| F|  |TAMS 0x00000000e2600000, 0x00000000e2600000| Untracked 
|  39|0x00000000e2700000, 0x00000000e2700000, 0x00000000e2800000|  0%| F|  |TAMS 0x00000000e2700000, 0x00000000e2700000| Untracked 
|  40|0x00000000e2800000, 0x00000000e2800000, 0x00000000e2900000|  0%| F|  |TAMS 0x00000000e2800000, 0x00000000e2800000| Untracked 
|  41|0x00000000e2900000, 0x00000000e2900000, 0x00000000e2a00000|  0%| F|  |TAMS 0x00000000e2900000, 0x00000000e2900000| Untracked 
|  42|0x00000000e2a00000, 0x00000000e2a00000, 0x00000000e2b00000|  0%| F|  |TAMS 0x00000000e2a00000, 0x00000000e2a00000| Untracked 
|  43|0x00000000e2b00000, 0x00000000e2b00000, 0x00000000e2c00000|  0%| F|  |TAMS 0x00000000e2b00000, 0x00000000e2b00000| Untracked 
|  44|0x00000000e2c00000, 0x00000000e2c00000, 0x00000000e2d00000|  0%| F|  |TAMS 0x00000000e2c00000, 0x00000000e2c00000| Untracked 
|  45|0x00000000e2d00000, 0x00000000e2d00000, 0x00000000e2e00000|  0%| F|  |TAMS 0x00000000e2d00000, 0x00000000e2d00000| Untracked 
|  46|0x00000000e2e00000, 0x00000000e2e00000, 0x00000000e2f00000|  0%| F|  |TAMS 0x00000000e2e00000, 0x00000000e2e00000| Untracked 
|  47|0x00000000e2f00000, 0x00000000e2f00000, 0x00000000e3000000|  0%| F|  |TAMS 0x00000000e2f00000, 0x00000000e2f00000| Untracked 
|  48|0x00000000e3000000, 0x00000000e3000000, 0x00000000e3100000|  0%| F|  |TAMS 0x00000000e3000000, 0x00000000e3000000| Untracked 
|  49|0x00000000e3100000, 0x00000000e3100000, 0x00000000e3200000|  0%| F|  |TAMS 0x00000000e3100000, 0x00000000e3100000| Untracked 
|  50|0x00000000e3200000, 0x00000000e3200000, 0x00000000e3300000|  0%| F|  |TAMS 0x00000000e3200000, 0x00000000e3200000| Untracked 
|  51|0x00000000e3300000, 0x00000000e3300000, 0x00000000e3400000|  0%| F|  |TAMS 0x00000000e3300000, 0x00000000e3300000| Untracked 
|  52|0x00000000e3400000, 0x00000000e3400000, 0x00000000e3500000|  0%| F|  |TAMS 0x00000000e3400000, 0x00000000e3400000| Untracked 
|  53|0x00000000e3500000, 0x00000000e3500000, 0x00000000e3600000|  0%| F|  |TAMS 0x00000000e3500000, 0x00000000e3500000| Untracked 
|  54|0x00000000e3600000, 0x00000000e3600000, 0x00000000e3700000|  0%| F|  |TAMS 0x00000000e3600000, 0x00000000e3600000| Untracked 
|  55|0x00000000e3700000, 0x00000000e3700000, 0x00000000e3800000|  0%| F|  |TAMS 0x00000000e3700000, 0x00000000e3700000| Untracked 
|  56|0x00000000e3800000, 0x00000000e3800000, 0x00000000e3900000|  0%| F|  |TAMS 0x00000000e3800000, 0x00000000e3800000| Untracked 
|  57|0x00000000e3900000, 0x00000000e3900000, 0x00000000e3a00000|  0%| F|  |TAMS 0x00000000e3900000, 0x00000000e3900000| Untracked 
|  58|0x00000000e3a00000, 0x00000000e3a00000, 0x00000000e3b00000|  0%| F|  |TAMS 0x00000000e3a00000, 0x00000000e3a00000| Untracked 
|  59|0x00000000e3b00000, 0x00000000e3b00000, 0x00000000e3c00000|  0%| F|  |TAMS 0x00000000e3b00000, 0x00000000e3b00000| Untracked 
|  60|0x00000000e3c00000, 0x00000000e3c00000, 0x00000000e3d00000|  0%| F|  |TAMS 0x00000000e3c00000, 0x00000000e3c00000| Untracked 
|  61|0x00000000e3d00000, 0x00000000e3d00000, 0x00000000e3e00000|  0%| F|  |TAMS 0x00000000e3d00000, 0x00000000e3d00000| Untracked 
|  62|0x00000000e3e00000, 0x00000000e3e00000, 0x00000000e3f00000|  0%| F|  |TAMS 0x00000000e3e00000, 0x00000000e3e00000| Untracked 
|  63|0x00000000e3f00000, 0x00000000e3f00000, 0x00000000e4000000|  0%| F|  |TAMS 0x00000000e3f00000, 0x00000000e3f00000| Untracked 
|  64|0x00000000e4000000, 0x00000000e4000000, 0x00000000e4100000|  0%| F|  |TAMS 0x00000000e4000000, 0x00000000e4000000| Untracked 
|  65|0x00000000e4100000, 0x00000000e4100000, 0x00000000e4200000|  0%| F|  |TAMS 0x00000000e4100000, 0x00000000e4100000| Untracked 
|  66|0x00000000e4200000, 0x00000000e4200000, 0x00000000e4300000|  0%| F|  |TAMS 0x00000000e4200000, 0x00000000e4200000| Untracked 
|  67|0x00000000e4300000, 0x00000000e4300000, 0x00000000e4400000|  0%| F|  |TAMS 0x00000000e4300000, 0x00000000e4300000| Untracked 
|  68|0x00000000e4400000, 0x00000000e4400000, 0x00000000e4500000|  0%| F|  |TAMS 0x00000000e4400000, 0x00000000e4400000| Untracked 
|  69|0x00000000e4500000, 0x00000000e4500000, 0x00000000e4600000|  0%| F|  |TAMS 0x00000000e4500000, 0x00000000e4500000| Untracked 
|  70|0x00000000e4600000, 0x00000000e4600000, 0x00000000e4700000|  0%| F|  |TAMS 0x00000000e4600000, 0x00000000e4600000| Untracked 
|  71|0x00000000e4700000, 0x00000000e4700000, 0x00000000e4800000|  0%| F|  |TAMS 0x00000000e4700000, 0x00000000e4700000| Untracked 
|  72|0x00000000e4800000, 0x00000000e4800000, 0x00000000e4900000|  0%| F|  |TAMS 0x00000000e4800000, 0x00000000e4800000| Untracked 
|  73|0x00000000e4900000, 0x00000000e4900000, 0x00000000e4a00000|  0%| F|  |TAMS 0x00000000e4900000, 0x00000000e4900000| Untracked 
|  74|0x00000000e4a00000, 0x00000000e4a00000, 0x00000000e4b00000|  0%| F|  |TAMS 0x00000000e4a00000, 0x00000000e4a00000| Untracked 
|  75|0x00000000e4b00000, 0x00000000e4b00000, 0x00000000e4c00000|  0%| F|  |TAMS 0x00000000e4b00000, 0x00000000e4b00000| Untracked 
|  76|0x00000000e4c00000, 0x00000000e4c00000, 0x00000000e4d00000|  0%| F|  |TAMS 0x00000000e4c00000, 0x00000000e4c00000| Untracked 
|  77|0x00000000e4d00000, 0x00000000e4d00000, 0x00000000e4e00000|  0%| F|  |TAMS 0x00000000e4d00000, 0x00000000e4d00000| Untracked 
|  78|0x00000000e4e00000, 0x00000000e4e00000, 0x00000000e4f00000|  0%| F|  |TAMS 0x00000000e4e00000, 0x00000000e4e00000| Untracked 
|  79|0x00000000e4f00000, 0x00000000e4f00000, 0x00000000e5000000|  0%| F|  |TAMS 0x00000000e4f00000, 0x00000000e4f00000| Untracked 
|  80|0x00000000e5000000, 0x00000000e5000000, 0x00000000e5100000|  0%| F|  |TAMS 0x00000000e5000000, 0x00000000e5000000| Untracked 
|  81|0x00000000e5100000, 0x00000000e5100000, 0x00000000e5200000|  0%| F|  |TAMS 0x00000000e5100000, 0x00000000e5100000| Untracked 
|  82|0x00000000e5200000, 0x00000000e5200000, 0x00000000e5300000|  0%| F|  |TAMS 0x00000000e5200000, 0x00000000e5200000| Untracked 
|  83|0x00000000e5300000, 0x00000000e5300000, 0x00000000e5400000|  0%| F|  |TAMS 0x00000000e5300000, 0x00000000e5300000| Untracked 
|  84|0x00000000e5400000, 0x00000000e5400000, 0x00000000e5500000|  0%| F|  |TAMS 0x00000000e5400000, 0x00000000e5400000| Untracked 
|  85|0x00000000e5500000, 0x00000000e5500000, 0x00000000e5600000|  0%| F|  |TAMS 0x00000000e5500000, 0x00000000e5500000| Untracked 
|  86|0x00000000e5600000, 0x00000000e5600000, 0x00000000e5700000|  0%| F|  |TAMS 0x00000000e5600000, 0x00000000e5600000| Untracked 
|  87|0x00000000e5700000, 0x00000000e5700000, 0x00000000e5800000|  0%| F|  |TAMS 0x00000000e5700000, 0x00000000e5700000| Untracked 
|  88|0x00000000e5800000, 0x00000000e5800000, 0x00000000e5900000|  0%| F|  |TAMS 0x00000000e5800000, 0x00000000e5800000| Untracked 
|  89|0x00000000e5900000, 0x00000000e5900000, 0x00000000e5a00000|  0%| F|  |TAMS 0x00000000e5900000, 0x00000000e5900000| Untracked 
|  90|0x00000000e5a00000, 0x00000000e5a00000, 0x00000000e5b00000|  0%| F|  |TAMS 0x00000000e5a00000, 0x00000000e5a00000| Untracked 
|  91|0x00000000e5b00000, 0x00000000e5b00000, 0x00000000e5c00000|  0%| F|  |TAMS 0x00000000e5b00000, 0x00000000e5b00000| Untracked 
|  92|0x00000000e5c00000, 0x00000000e5c00000, 0x00000000e5d00000|  0%| F|  |TAMS 0x00000000e5c00000, 0x00000000e5c00000| Untracked 
|  93|0x00000000e5d00000, 0x00000000e5d00000, 0x00000000e5e00000|  0%| F|  |TAMS 0x00000000e5d00000, 0x00000000e5d00000| Untracked 
|  94|0x00000000e5e00000, 0x00000000e5e00000, 0x00000000e5f00000|  0%| F|  |TAMS 0x00000000e5e00000, 0x00000000e5e00000| Untracked 
|  95|0x00000000e5f00000, 0x00000000e5f00000, 0x00000000e6000000|  0%| F|  |TAMS 0x00000000e5f00000, 0x00000000e5f00000| Untracked 
|  96|0x00000000e6000000, 0x00000000e6000000, 0x00000000e6100000|  0%| F|  |TAMS 0x00000000e6000000, 0x00000000e6000000| Untracked 
|  97|0x00000000e6100000, 0x00000000e6100000, 0x00000000e6200000|  0%| F|  |TAMS 0x00000000e6100000, 0x00000000e6100000| Untracked 
|  98|0x00000000e6200000, 0x00000000e6200000, 0x00000000e6300000|  0%| F|  |TAMS 0x00000000e6200000, 0x00000000e6200000| Untracked 
|  99|0x00000000e6300000, 0x00000000e6300000, 0x00000000e6400000|  0%| F|  |TAMS 0x00000000e6300000, 0x00000000e6300000| Untracked 
| 100|0x00000000e6400000, 0x00000000e6400000, 0x00000000e6500000|  0%| F|  |TAMS 0x00000000e6400000, 0x00000000e6400000| Untracked 
| 101|0x00000000e6500000, 0x00000000e6500000, 0x00000000e6600000|  0%| F|  |TAMS 0x00000000e6500000, 0x00000000e6500000| Untracked 
| 102|0x00000000e6600000, 0x00000000e6600000, 0x00000000e6700000|  0%| F|  |TAMS 0x00000000e6600000, 0x00000000e6600000| Untracked 
| 103|0x00000000e6700000, 0x00000000e6700000, 0x00000000e6800000|  0%| F|  |TAMS 0x00000000e6700000, 0x00000000e6700000| Untracked 
| 104|0x00000000e6800000, 0x00000000e6800000, 0x00000000e6900000|  0%| F|  |TAMS 0x00000000e6800000, 0x00000000e6800000| Untracked 
| 105|0x00000000e6900000, 0x00000000e6900000, 0x00000000e6a00000|  0%| F|  |TAMS 0x00000000e6900000, 0x00000000e6900000| Untracked 
| 106|0x00000000e6a00000, 0x00000000e6a00000, 0x00000000e6b00000|  0%| F|  |TAMS 0x00000000e6a00000, 0x00000000e6a00000| Untracked 
| 107|0x00000000e6b00000, 0x00000000e6b00000, 0x00000000e6c00000|  0%| F|  |TAMS 0x00000000e6b00000, 0x00000000e6b00000| Untracked 
| 108|0x00000000e6c00000, 0x00000000e6c00000, 0x00000000e6d00000|  0%| F|  |TAMS 0x00000000e6c00000, 0x00000000e6c00000| Untracked 
| 109|0x00000000e6d00000, 0x00000000e6d00000, 0x00000000e6e00000|  0%| F|  |TAMS 0x00000000e6d00000, 0x00000000e6d00000| Untracked 
| 110|0x00000000e6e00000, 0x00000000e6e00000, 0x00000000e6f00000|  0%| F|  |TAMS 0x00000000e6e00000, 0x00000000e6e00000| Untracked 
| 111|0x00000000e6f00000, 0x00000000e6f00000, 0x00000000e7000000|  0%| F|  |TAMS 0x00000000e6f00000, 0x00000000e6f00000| Untracked 
| 112|0x00000000e7000000, 0x00000000e7000000, 0x00000000e7100000|  0%| F|  |TAMS 0x00000000e7000000, 0x00000000e7000000| Untracked 
| 113|0x00000000e7100000, 0x00000000e7100000, 0x00000000e7200000|  0%| F|  |TAMS 0x00000000e7100000, 0x00000000e7100000| Untracked 
| 114|0x00000000e7200000, 0x00000000e7200000, 0x00000000e7300000|  0%| F|  |TAMS 0x00000000e7200000, 0x00000000e7200000| Untracked 
| 115|0x00000000e7300000, 0x00000000e7300000, 0x00000000e7400000|  0%| F|  |TAMS 0x00000000e7300000, 0x00000000e7300000| Untracked 
| 116|0x00000000e7400000, 0x00000000e7400000, 0x00000000e7500000|  0%| F|  |TAMS 0x00000000e7400000, 0x00000000e7400000| Untracked 
| 117|0x00000000e7500000, 0x00000000e7500000, 0x00000000e7600000|  0%| F|  |TAMS 0x00000000e7500000, 0x00000000e7500000| Untracked 
| 118|0x00000000e7600000, 0x00000000e7600000, 0x00000000e7700000|  0%| F|  |TAMS 0x00000000e7600000, 0x00000000e7600000| Untracked 
| 119|0x00000000e7700000, 0x00000000e7700000, 0x00000000e7800000|  0%| F|  |TAMS 0x00000000e7700000, 0x00000000e7700000| Untracked 
| 120|0x00000000e7800000, 0x00000000e7800000, 0x00000000e7900000|  0%| F|  |TAMS 0x00000000e7800000, 0x00000000e7800000| Untracked 
| 121|0x00000000e7900000, 0x00000000e7900000, 0x00000000e7a00000|  0%| F|  |TAMS 0x00000000e7900000, 0x00000000e7900000| Untracked 
| 122|0x00000000e7a00000, 0x00000000e7a00000, 0x00000000e7b00000|  0%| F|  |TAMS 0x00000000e7a00000, 0x00000000e7a00000| Untracked 
| 123|0x00000000e7b00000, 0x00000000e7b00000, 0x00000000e7c00000|  0%| F|  |TAMS 0x00000000e7b00000, 0x00000000e7b00000| Untracked 
| 124|0x00000000e7c00000, 0x00000000e7c00000, 0x00000000e7d00000|  0%| F|  |TAMS 0x00000000e7c00000, 0x00000000e7c00000| Untracked 
| 125|0x00000000e7d00000, 0x00000000e7d00000, 0x00000000e7e00000|  0%| F|  |TAMS 0x00000000e7d00000, 0x00000000e7d00000| Untracked 
| 126|0x00000000e7e00000, 0x00000000e7e00000, 0x00000000e7f00000|  0%| F|  |TAMS 0x00000000e7e00000, 0x00000000e7e00000| Untracked 
| 127|0x00000000e7f00000, 0x00000000e7f00000, 0x00000000e8000000|  0%| F|  |TAMS 0x00000000e7f00000, 0x00000000e7f00000| Untracked 
| 128|0x00000000e8000000, 0x00000000e8000000, 0x00000000e8100000|  0%| F|  |TAMS 0x00000000e8000000, 0x00000000e8000000| Untracked 
| 129|0x00000000e8100000, 0x00000000e8100000, 0x00000000e8200000|  0%| F|  |TAMS 0x00000000e8100000, 0x00000000e8100000| Untracked 
| 130|0x00000000e8200000, 0x00000000e8200000, 0x00000000e8300000|  0%| F|  |TAMS 0x00000000e8200000, 0x00000000e8200000| Untracked 
| 131|0x00000000e8300000, 0x00000000e8300000, 0x00000000e8400000|  0%| F|  |TAMS 0x00000000e8300000, 0x00000000e8300000| Untracked 
| 132|0x00000000e8400000, 0x00000000e8400000, 0x00000000e8500000|  0%| F|  |TAMS 0x00000000e8400000, 0x00000000e8400000| Untracked 
| 133|0x00000000e8500000, 0x00000000e8500000, 0x00000000e8600000|  0%| F|  |TAMS 0x00000000e8500000, 0x00000000e8500000| Untracked 
| 134|0x00000000e8600000, 0x00000000e8600000, 0x00000000e8700000|  0%| F|  |TAMS 0x00000000e8600000, 0x00000000e8600000| Untracked 
| 135|0x00000000e8700000, 0x00000000e8700000, 0x00000000e8800000|  0%| F|  |TAMS 0x00000000e8700000, 0x00000000e8700000| Untracked 
| 136|0x00000000e8800000, 0x00000000e8800000, 0x00000000e8900000|  0%| F|  |TAMS 0x00000000e8800000, 0x00000000e8800000| Untracked 
| 137|0x00000000e8900000, 0x00000000e8900000, 0x00000000e8a00000|  0%| F|  |TAMS 0x00000000e8900000, 0x00000000e8900000| Untracked 
| 138|0x00000000e8a00000, 0x00000000e8a00000, 0x00000000e8b00000|  0%| F|  |TAMS 0x00000000e8a00000, 0x00000000e8a00000| Untracked 
| 139|0x00000000e8b00000, 0x00000000e8b00000, 0x00000000e8c00000|  0%| F|  |TAMS 0x00000000e8b00000, 0x00000000e8b00000| Untracked 
| 140|0x00000000e8c00000, 0x00000000e8c00000, 0x00000000e8d00000|  0%| F|  |TAMS 0x00000000e8c00000, 0x00000000e8c00000| Untracked 
| 141|0x00000000e8d00000, 0x00000000e8d00000, 0x00000000e8e00000|  0%| F|  |TAMS 0x00000000e8d00000, 0x00000000e8d00000| Untracked 
| 142|0x00000000e8e00000, 0x00000000e8e00000, 0x00000000e8f00000|  0%| F|  |TAMS 0x00000000e8e00000, 0x00000000e8e00000| Untracked 
| 143|0x00000000e8f00000, 0x00000000e8f00000, 0x00000000e9000000|  0%| F|  |TAMS 0x00000000e8f00000, 0x00000000e8f00000| Untracked 
| 144|0x00000000e9000000, 0x00000000e9000000, 0x00000000e9100000|  0%| F|  |TAMS 0x00000000e9000000, 0x00000000e9000000| Untracked 
| 145|0x00000000e9100000, 0x00000000e9100000, 0x00000000e9200000|  0%| F|  |TAMS 0x00000000e9100000, 0x00000000e9100000| Untracked 
| 146|0x00000000e9200000, 0x00000000e9200000, 0x00000000e9300000|  0%| F|  |TAMS 0x00000000e9200000, 0x00000000e9200000| Untracked 
| 147|0x00000000e9300000, 0x00000000e9300000, 0x00000000e9400000|  0%| F|  |TAMS 0x00000000e9300000, 0x00000000e9300000| Untracked 
| 148|0x00000000e9400000, 0x00000000e9400000, 0x00000000e9500000|  0%| F|  |TAMS 0x00000000e9400000, 0x00000000e9400000| Untracked 
| 149|0x00000000e9500000, 0x00000000e9500000, 0x00000000e9600000|  0%| F|  |TAMS 0x00000000e9500000, 0x00000000e9500000| Untracked 
| 150|0x00000000e9600000, 0x00000000e9600000, 0x00000000e9700000|  0%| F|  |TAMS 0x00000000e9600000, 0x00000000e9600000| Untracked 
| 151|0x00000000e9700000, 0x00000000e9700000, 0x00000000e9800000|  0%| F|  |TAMS 0x00000000e9700000, 0x00000000e9700000| Untracked 
| 152|0x00000000e9800000, 0x00000000e9800000, 0x00000000e9900000|  0%| F|  |TAMS 0x00000000e9800000, 0x00000000e9800000| Untracked 
| 153|0x00000000e9900000, 0x00000000e9900000, 0x00000000e9a00000|  0%| F|  |TAMS 0x00000000e9900000, 0x00000000e9900000| Untracked 
| 154|0x00000000e9a00000, 0x00000000e9a00000, 0x00000000e9b00000|  0%| F|  |TAMS 0x00000000e9a00000, 0x00000000e9a00000| Untracked 
| 155|0x00000000e9b00000, 0x00000000e9b00000, 0x00000000e9c00000|  0%| F|  |TAMS 0x00000000e9b00000, 0x00000000e9b00000| Untracked 
| 156|0x00000000e9c00000, 0x00000000e9c00000, 0x00000000e9d00000|  0%| F|  |TAMS 0x00000000e9c00000, 0x00000000e9c00000| Untracked 
| 157|0x00000000e9d00000, 0x00000000e9d00000, 0x00000000e9e00000|  0%| F|  |TAMS 0x00000000e9d00000, 0x00000000e9d00000| Untracked 
| 158|0x00000000e9e00000, 0x00000000e9e00000, 0x00000000e9f00000|  0%| F|  |TAMS 0x00000000e9e00000, 0x00000000e9e00000| Untracked 
| 159|0x00000000e9f00000, 0x00000000e9f00000, 0x00000000ea000000|  0%| F|  |TAMS 0x00000000e9f00000, 0x00000000e9f00000| Untracked 
| 160|0x00000000ea000000, 0x00000000ea000000, 0x00000000ea100000|  0%| F|  |TAMS 0x00000000ea000000, 0x00000000ea000000| Untracked 
| 161|0x00000000ea100000, 0x00000000ea100000, 0x00000000ea200000|  0%| F|  |TAMS 0x00000000ea100000, 0x00000000ea100000| Untracked 
| 162|0x00000000ea200000, 0x00000000ea200000, 0x00000000ea300000|  0%| F|  |TAMS 0x00000000ea200000, 0x00000000ea200000| Untracked 
| 163|0x00000000ea300000, 0x00000000ea300000, 0x00000000ea400000|  0%| F|  |TAMS 0x00000000ea300000, 0x00000000ea300000| Untracked 
| 164|0x00000000ea400000, 0x00000000ea400000, 0x00000000ea500000|  0%| F|  |TAMS 0x00000000ea400000, 0x00000000ea400000| Untracked 
| 165|0x00000000ea500000, 0x00000000ea500000, 0x00000000ea600000|  0%| F|  |TAMS 0x00000000ea500000, 0x00000000ea500000| Untracked 
| 166|0x00000000ea600000, 0x00000000ea600000, 0x00000000ea700000|  0%| F|  |TAMS 0x00000000ea600000, 0x00000000ea600000| Untracked 
| 167|0x00000000ea700000, 0x00000000ea700000, 0x00000000ea800000|  0%| F|  |TAMS 0x00000000ea700000, 0x00000000ea700000| Untracked 
| 168|0x00000000ea800000, 0x00000000ea800000, 0x00000000ea900000|  0%| F|  |TAMS 0x00000000ea800000, 0x00000000ea800000| Untracked 
| 169|0x00000000ea900000, 0x00000000ea900000, 0x00000000eaa00000|  0%| F|  |TAMS 0x00000000ea900000, 0x00000000ea900000| Untracked 
| 170|0x00000000eaa00000, 0x00000000eaa00000, 0x00000000eab00000|  0%| F|  |TAMS 0x00000000eaa00000, 0x00000000eaa00000| Untracked 
| 171|0x00000000eab00000, 0x00000000eab00000, 0x00000000eac00000|  0%| F|  |TAMS 0x00000000eab00000, 0x00000000eab00000| Untracked 
| 172|0x00000000eac00000, 0x00000000eac00000, 0x00000000ead00000|  0%| F|  |TAMS 0x00000000eac00000, 0x00000000eac00000| Untracked 
| 173|0x00000000ead00000, 0x00000000ead00000, 0x00000000eae00000|  0%| F|  |TAMS 0x00000000ead00000, 0x00000000ead00000| Untracked 
| 174|0x00000000eae00000, 0x00000000eae00000, 0x00000000eaf00000|  0%| F|  |TAMS 0x00000000eae00000, 0x00000000eae00000| Untracked 
| 175|0x00000000eaf00000, 0x00000000eaf00000, 0x00000000eb000000|  0%| F|  |TAMS 0x00000000eaf00000, 0x00000000eaf00000| Untracked 
| 176|0x00000000eb000000, 0x00000000eb000000, 0x00000000eb100000|  0%| F|  |TAMS 0x00000000eb000000, 0x00000000eb000000| Untracked 
| 177|0x00000000eb100000, 0x00000000eb100000, 0x00000000eb200000|  0%| F|  |TAMS 0x00000000eb100000, 0x00000000eb100000| Untracked 
| 178|0x00000000eb200000, 0x00000000eb200000, 0x00000000eb300000|  0%| F|  |TAMS 0x00000000eb200000, 0x00000000eb200000| Untracked 
| 179|0x00000000eb300000, 0x00000000eb300000, 0x00000000eb400000|  0%| F|  |TAMS 0x00000000eb300000, 0x00000000eb300000| Untracked 
| 180|0x00000000eb400000, 0x00000000eb500000, 0x00000000eb500000|100%| S|CS|TAMS 0x00000000eb400000, 0x00000000eb400000| Complete 
| 181|0x00000000eb500000, 0x00000000eb600000, 0x00000000eb600000|100%| S|CS|TAMS 0x00000000eb500000, 0x00000000eb500000| Complete 
| 182|0x00000000eb600000, 0x00000000eb700000, 0x00000000eb700000|100%| S|CS|TAMS 0x00000000eb600000, 0x00000000eb600000| Complete 
| 183|0x00000000eb700000, 0x00000000eb800000, 0x00000000eb800000|100%| S|CS|TAMS 0x00000000eb700000, 0x00000000eb700000| Complete 
| 184|0x00000000eb800000, 0x00000000eb900000, 0x00000000eb900000|100%| S|CS|TAMS 0x00000000eb800000, 0x00000000eb800000| Complete 
| 185|0x00000000eb900000, 0x00000000eba00000, 0x00000000eba00000|100%| S|CS|TAMS 0x00000000eb900000, 0x00000000eb900000| Complete 
| 186|0x00000000eba00000, 0x00000000ebb00000, 0x00000000ebb00000|100%| S|CS|TAMS 0x00000000eba00000, 0x00000000eba00000| Complete 
| 187|0x00000000ebb00000, 0x00000000ebb00000, 0x00000000ebc00000|  0%| F|  |TAMS 0x00000000ebb00000, 0x00000000ebb00000| Untracked 
| 188|0x00000000ebc00000, 0x00000000ebc00000, 0x00000000ebd00000|  0%| F|  |TAMS 0x00000000ebc00000, 0x00000000ebc00000| Untracked 
| 189|0x00000000ebd00000, 0x00000000ebd00000, 0x00000000ebe00000|  0%| F|  |TAMS 0x00000000ebd00000, 0x00000000ebd00000| Untracked 
| 190|0x00000000ebe00000, 0x00000000ebe00000, 0x00000000ebf00000|  0%| F|  |TAMS 0x00000000ebe00000, 0x00000000ebe00000| Untracked 
| 191|0x00000000ebf00000, 0x00000000ebf00000, 0x00000000ec000000|  0%| F|  |TAMS 0x00000000ebf00000, 0x00000000ebf00000| Untracked 
| 192|0x00000000ec000000, 0x00000000ec000000, 0x00000000ec100000|  0%| F|  |TAMS 0x00000000ec000000, 0x00000000ec000000| Untracked 
| 193|0x00000000ec100000, 0x00000000ec100000, 0x00000000ec200000|  0%| F|  |TAMS 0x00000000ec100000, 0x00000000ec100000| Untracked 
| 194|0x00000000ec200000, 0x00000000ec200000, 0x00000000ec300000|  0%| F|  |TAMS 0x00000000ec200000, 0x00000000ec200000| Untracked 
| 195|0x00000000ec300000, 0x00000000ec300000, 0x00000000ec400000|  0%| F|  |TAMS 0x00000000ec300000, 0x00000000ec300000| Untracked 
| 196|0x00000000ec400000, 0x00000000ec400000, 0x00000000ec500000|  0%| F|  |TAMS 0x00000000ec400000, 0x00000000ec400000| Untracked 
| 197|0x00000000ec500000, 0x00000000ec500000, 0x00000000ec600000|  0%| F|  |TAMS 0x00000000ec500000, 0x00000000ec500000| Untracked 
| 198|0x00000000ec600000, 0x00000000ec600000, 0x00000000ec700000|  0%| F|  |TAMS 0x00000000ec600000, 0x00000000ec600000| Untracked 
| 199|0x00000000ec700000, 0x00000000ec700000, 0x00000000ec800000|  0%| F|  |TAMS 0x00000000ec700000, 0x00000000ec700000| Untracked 
| 200|0x00000000ec800000, 0x00000000ec800000, 0x00000000ec900000|  0%| F|  |TAMS 0x00000000ec800000, 0x00000000ec800000| Untracked 
| 201|0x00000000ec900000, 0x00000000ec900000, 0x00000000eca00000|  0%| F|  |TAMS 0x00000000ec900000, 0x00000000ec900000| Untracked 
| 202|0x00000000eca00000, 0x00000000eca00000, 0x00000000ecb00000|  0%| F|  |TAMS 0x00000000eca00000, 0x00000000eca00000| Untracked 
| 203|0x00000000ecb00000, 0x00000000ecb00000, 0x00000000ecc00000|  0%| F|  |TAMS 0x00000000ecb00000, 0x00000000ecb00000| Untracked 
| 204|0x00000000ecc00000, 0x00000000ecc00000, 0x00000000ecd00000|  0%| F|  |TAMS 0x00000000ecc00000, 0x00000000ecc00000| Untracked 
| 205|0x00000000ecd00000, 0x00000000ecd00000, 0x00000000ece00000|  0%| F|  |TAMS 0x00000000ecd00000, 0x00000000ecd00000| Untracked 
| 206|0x00000000ece00000, 0x00000000ece00000, 0x00000000ecf00000|  0%| F|  |TAMS 0x00000000ece00000, 0x00000000ece00000| Untracked 
| 207|0x00000000ecf00000, 0x00000000ecf00000, 0x00000000ed000000|  0%| F|  |TAMS 0x00000000ecf00000, 0x00000000ecf00000| Untracked 
| 208|0x00000000ed000000, 0x00000000ed000000, 0x00000000ed100000|  0%| F|  |TAMS 0x00000000ed000000, 0x00000000ed000000| Untracked 
| 209|0x00000000ed100000, 0x00000000ed100000, 0x00000000ed200000|  0%| F|  |TAMS 0x00000000ed100000, 0x00000000ed100000| Untracked 
| 210|0x00000000ed200000, 0x00000000ed200000, 0x00000000ed300000|  0%| F|  |TAMS 0x00000000ed200000, 0x00000000ed200000| Untracked 
| 211|0x00000000ed300000, 0x00000000ed300000, 0x00000000ed400000|  0%| F|  |TAMS 0x00000000ed300000, 0x00000000ed300000| Untracked 
| 212|0x00000000ed400000, 0x00000000ed400000, 0x00000000ed500000|  0%| F|  |TAMS 0x00000000ed400000, 0x00000000ed400000| Untracked 
| 213|0x00000000ed500000, 0x00000000ed500000, 0x00000000ed600000|  0%| F|  |TAMS 0x00000000ed500000, 0x00000000ed500000| Untracked 
| 214|0x00000000ed600000, 0x00000000ed600000, 0x00000000ed700000|  0%| F|  |TAMS 0x00000000ed600000, 0x00000000ed600000| Untracked 
| 215|0x00000000ed700000, 0x00000000ed700000, 0x00000000ed800000|  0%| F|  |TAMS 0x00000000ed700000, 0x00000000ed700000| Untracked 
| 216|0x00000000ed800000, 0x00000000ed800000, 0x00000000ed900000|  0%| F|  |TAMS 0x00000000ed800000, 0x00000000ed800000| Untracked 
| 217|0x00000000ed900000, 0x00000000ed900000, 0x00000000eda00000|  0%| F|  |TAMS 0x00000000ed900000, 0x00000000ed900000| Untracked 
| 218|0x00000000eda00000, 0x00000000eda00000, 0x00000000edb00000|  0%| F|  |TAMS 0x00000000eda00000, 0x00000000eda00000| Untracked 
| 219|0x00000000edb00000, 0x00000000edb00000, 0x00000000edc00000|  0%| F|  |TAMS 0x00000000edb00000, 0x00000000edb00000| Untracked 
| 220|0x00000000edc00000, 0x00000000edc00000, 0x00000000edd00000|  0%| F|  |TAMS 0x00000000edc00000, 0x00000000edc00000| Untracked 
| 221|0x00000000edd00000, 0x00000000edd00000, 0x00000000ede00000|  0%| F|  |TAMS 0x00000000edd00000, 0x00000000edd00000| Untracked 
| 222|0x00000000ede00000, 0x00000000ede00000, 0x00000000edf00000|  0%| F|  |TAMS 0x00000000ede00000, 0x00000000ede00000| Untracked 
| 223|0x00000000edf00000, 0x00000000edf00000, 0x00000000ee000000|  0%| F|  |TAMS 0x00000000edf00000, 0x00000000edf00000| Untracked 
| 224|0x00000000ee000000, 0x00000000ee000000, 0x00000000ee100000|  0%| F|  |TAMS 0x00000000ee000000, 0x00000000ee000000| Untracked 
| 225|0x00000000ee100000, 0x00000000ee14e290, 0x00000000ee200000| 30%| E|  |TAMS 0x00000000ee100000, 0x00000000ee100000| Complete 
| 226|0x00000000ee200000, 0x00000000ee300000, 0x00000000ee300000|100%| E|CS|TAMS 0x00000000ee200000, 0x00000000ee200000| Complete 
| 227|0x00000000ee300000, 0x00000000ee400000, 0x00000000ee400000|100%| E|CS|TAMS 0x00000000ee300000, 0x00000000ee300000| Complete 
| 228|0x00000000ee400000, 0x00000000ee500000, 0x00000000ee500000|100%| E|CS|TAMS 0x00000000ee400000, 0x00000000ee400000| Complete 
| 229|0x00000000ee500000, 0x00000000ee600000, 0x00000000ee600000|100%| E|CS|TAMS 0x00000000ee500000, 0x00000000ee500000| Complete 
| 230|0x00000000ee600000, 0x00000000ee700000, 0x00000000ee700000|100%| E|CS|TAMS 0x00000000ee600000, 0x00000000ee600000| Complete 
| 231|0x00000000ee700000, 0x00000000ee800000, 0x00000000ee800000|100%| E|CS|TAMS 0x00000000ee700000, 0x00000000ee700000| Complete 
| 232|0x00000000ee800000, 0x00000000ee900000, 0x00000000ee900000|100%| E|CS|TAMS 0x00000000ee800000, 0x00000000ee800000| Complete 
| 233|0x00000000ee900000, 0x00000000eea00000, 0x00000000eea00000|100%| E|CS|TAMS 0x00000000ee900000, 0x00000000ee900000| Complete 
| 234|0x00000000eea00000, 0x00000000eeb00000, 0x00000000eeb00000|100%| E|CS|TAMS 0x00000000eea00000, 0x00000000eea00000| Complete 
| 235|0x00000000eeb00000, 0x00000000eec00000, 0x00000000eec00000|100%| E|CS|TAMS 0x00000000eeb00000, 0x00000000eeb00000| Complete 
| 236|0x00000000eec00000, 0x00000000eed00000, 0x00000000eed00000|100%| E|CS|TAMS 0x00000000eec00000, 0x00000000eec00000| Complete 
| 237|0x00000000eed00000, 0x00000000eee00000, 0x00000000eee00000|100%| E|CS|TAMS 0x00000000eed00000, 0x00000000eed00000| Complete 
| 238|0x00000000eee00000, 0x00000000eef00000, 0x00000000eef00000|100%| E|CS|TAMS 0x00000000eee00000, 0x00000000eee00000| Complete 
| 239|0x00000000eef00000, 0x00000000ef000000, 0x00000000ef000000|100%| E|CS|TAMS 0x00000000eef00000, 0x00000000eef00000| Complete 
| 240|0x00000000ef000000, 0x00000000ef100000, 0x00000000ef100000|100%| E|CS|TAMS 0x00000000ef000000, 0x00000000ef000000| Complete 
| 241|0x00000000ef100000, 0x00000000ef200000, 0x00000000ef200000|100%| E|CS|TAMS 0x00000000ef100000, 0x00000000ef100000| Complete 
| 242|0x00000000ef200000, 0x00000000ef300000, 0x00000000ef300000|100%| E|CS|TAMS 0x00000000ef200000, 0x00000000ef200000| Complete 
| 243|0x00000000ef300000, 0x00000000ef400000, 0x00000000ef400000|100%| E|CS|TAMS 0x00000000ef300000, 0x00000000ef300000| Complete 
| 244|0x00000000ef400000, 0x00000000ef500000, 0x00000000ef500000|100%| E|CS|TAMS 0x00000000ef400000, 0x00000000ef400000| Complete 
| 245|0x00000000ef500000, 0x00000000ef600000, 0x00000000ef600000|100%| E|CS|TAMS 0x00000000ef500000, 0x00000000ef500000| Complete 
| 246|0x00000000ef600000, 0x00000000ef700000, 0x00000000ef700000|100%| E|CS|TAMS 0x00000000ef600000, 0x00000000ef600000| Complete 
| 247|0x00000000ef700000, 0x00000000ef800000, 0x00000000ef800000|100%| E|CS|TAMS 0x00000000ef700000, 0x00000000ef700000| Complete 
| 248|0x00000000ef800000, 0x00000000ef900000, 0x00000000ef900000|100%| E|CS|TAMS 0x00000000ef800000, 0x00000000ef800000| Complete 
| 249|0x00000000ef900000, 0x00000000efa00000, 0x00000000efa00000|100%| E|CS|TAMS 0x00000000ef900000, 0x00000000ef900000| Complete 
| 250|0x00000000efa00000, 0x00000000efb00000, 0x00000000efb00000|100%| E|CS|TAMS 0x00000000efa00000, 0x00000000efa00000| Complete 
| 251|0x00000000efb00000, 0x00000000efc00000, 0x00000000efc00000|100%| E|CS|TAMS 0x00000000efb00000, 0x00000000efb00000| Complete 

Card table byte_map: [0x00000179fcb20000,0x00000179fcc20000] _byte_map_base: 0x00000179fc420000

Marking Bits (Prev, Next): (CMBitMap*) 0x00000179f3fb48e0, (CMBitMap*) 0x00000179f3fb48a8
 Prev Bits: [0x00000179fd520000, 0x00000179fdd20000)
 Next Bits: [0x00000179fcd20000, 0x00000179fd520000)

Polling page: 0x00000179f3760000

Metaspace:

Usage:
  Non-class:     28.94 MB capacity,    28.31 MB ( 98%) used,   527.62 KB (  2%) free+waste,   120.75 KB ( <1%) overhead. 
      Class:      4.26 MB capacity,     3.82 MB ( 90%) used,   398.42 KB (  9%) free+waste,    60.00 KB (  1%) overhead. 
       Both:     33.21 MB capacity,    32.13 MB ( 97%) used,   926.04 KB (  3%) free+waste,   180.75 KB ( <1%) overhead. 

Virtual space:
  Non-class space:       30.00 MB reserved,      29.17 MB ( 97%) committed 
      Class space:        1.00 GB reserved,       4.38 MB ( <1%) committed 
             Both:        1.03 GB reserved,      33.55 MB (  3%) committed 

Chunk freelists:
   Non-Class:  43.00 KB
       Class:  18.00 KB
        Both:  61.00 KB

MaxMetaspaceSize: 17179869184.00 GB
CompressedClassSpaceSize: 1.00 GB
Initial GC threshold: 20.80 MB
Current GC threshold: 35.08 MB
CDS: off

CodeHeap 'non-profiled nmethods': size=120000Kb used=1239Kb max_used=1239Kb free=118760Kb
 bounds [0x0000017987ad0000, 0x0000017987d40000, 0x000001798f000000]
CodeHeap 'profiled nmethods': size=120000Kb used=5015Kb max_used=5015Kb free=114984Kb
 bounds [0x00000179805a0000, 0x0000017980a90000, 0x0000017987ad0000]
CodeHeap 'non-nmethods': size=5760Kb used=1260Kb max_used=1293Kb free=4499Kb
 bounds [0x0000017980000000, 0x0000017980270000, 0x00000179805a0000]
 total_blobs=2960 nmethods=2431 adapters=441
 compilation: enabled
              stopped_count=0, restarted_count=0
 full_count=0

Compilation events (20 events):
Event: 2.906 Thread 0x00000179900e3800 2423       1       java.util.stream.FindOps$FindOp::getOpFlags (5 bytes)
Event: 2.906 Thread 0x00000179900e3800 nmethod 2423 0x0000017987c05890 code [0x0000017987c05a40, 0x0000017987c05af8]
Event: 2.908 Thread 0x00000179900e3800 2424       3       java.nio.CharBuffer::array (35 bytes)
Event: 2.908 Thread 0x00000179900e3800 nmethod 2424 0x0000017980a81f90 code [0x0000017980a82160, 0x0000017980a82458]
Event: 2.911 Thread 0x00000179900e3800 2425       3       java.util.Locale::hasExtensions (13 bytes)
Event: 2.911 Thread 0x00000179900e3800 nmethod 2425 0x0000017980a82590 code [0x0000017980a82740, 0x0000017980a82898]
Event: 2.911 Thread 0x00000179900e3800 2427       3       java.util.ArrayDeque::dec (13 bytes)
Event: 2.911 Thread 0x00000179900e3800 nmethod 2427 0x0000017980a82910 code [0x0000017980a82ac0, 0x0000017980a82bd8]
Event: 2.911 Thread 0x00000179900e3800 2426       3       java.util.Formatter$Conversion::isGeneral (64 bytes)
Event: 2.912 Thread 0x00000179900e3800 nmethod 2426 0x0000017980a82c90 code [0x0000017980a82e40, 0x0000017980a83018]
Event: 2.912 Thread 0x00000179900e3800 2428       3       java.util.stream.AbstractPipeline::sourceSpliterator (265 bytes)
Event: 2.913 Thread 0x00000179900e3800 nmethod 2428 0x0000017980a83090 code [0x0000017980a83320, 0x0000017980a840a8]
Event: 2.913 Thread 0x00000179900e3800 2429       3       java.util.BitSet::get (69 bytes)
Event: 2.913 Thread 0x00000179900e3800 nmethod 2429 0x0000017980a84510 code [0x0000017980a847a0, 0x0000017980a851a8]
Event: 2.913 Thread 0x00000179900e3800 2430       3       io.netty.buffer.AbstractByteBuf::ensureAccessible (23 bytes)
Event: 2.923 Thread 0x00000179900e3800 nmethod 2430 0x0000017980a85590 code [0x0000017980a85760, 0x0000017980a85a38]
Event: 2.923 Thread 0x00000179900e3800 2431       3       io.netty.buffer.AbstractReferenceCountedByteBuf::isAccessible (8 bytes)
Event: 2.930 Thread 0x00000179900e3800 nmethod 2431 0x0000017980a85b90 code [0x0000017980a85d40, 0x0000017980a85e88]
Event: 2.930 Thread 0x00000179900e3800 2432       1       io.netty.buffer.AbstractByteBuf::writerIndex (5 bytes)
Event: 2.930 Thread 0x00000179900e3800 nmethod 2432 0x0000017987c05b90 code [0x0000017987c05d40, 0x0000017987c05df8]

GC Heap History (8 events):
Event: 0.659 GC heap before
{Heap before GC invocations=0 (full 0):
 garbage-first heap   total 258048K, used 23552K [0x00000000e0000000, 0x0000000100000000)
  region size 1024K, 24 young (24576K), 0 survivors (0K)
 Metaspace       used 13185K, capacity 13439K, committed 13568K, reserved 1060864K
  class space    used 1374K, capacity 1447K, committed 1536K, reserved 1048576K
}
Event: 0.662 GC heap after
{Heap after GC invocations=1 (full 0):
 garbage-first heap   total 258048K, used 7000K [0x00000000e0000000, 0x0000000100000000)
  region size 1024K, 3 young (3072K), 3 survivors (3072K)
 Metaspace       used 13185K, capacity 13439K, committed 13568K, reserved 1060864K
  class space    used 1374K, capacity 1447K, committed 1536K, reserved 1048576K
}
Event: 0.938 GC heap before
{Heap before GC invocations=1 (full 0):
 garbage-first heap   total 258048K, used 29528K [0x00000000e0000000, 0x0000000100000000)
  region size 1024K, 25 young (25600K), 3 survivors (3072K)
 Metaspace       used 18854K, capacity 19619K, committed 19840K, reserved 1067008K
  class space    used 2108K, capacity 2393K, committed 2432K, reserved 1048576K
}
Event: 0.941 GC heap after
{Heap after GC invocations=2 (full 0):
 garbage-first heap   total 258048K, used 8952K [0x00000000e0000000, 0x0000000100000000)
  region size 1024K, 2 young (2048K), 2 survivors (2048K)
 Metaspace       used 18854K, capacity 19619K, committed 19840K, reserved 1067008K
  class space    used 2108K, capacity 2393K, committed 2432K, reserved 1048576K
}
Event: 1.019 GC heap before
{Heap before GC invocations=2 (full 0):
 garbage-first heap   total 258048K, used 19192K [0x00000000e0000000, 0x0000000100000000)
  region size 1024K, 13 young (13312K), 2 survivors (2048K)
 Metaspace       used 20370K, capacity 21134K, committed 21296K, reserved 1069056K
  class space    used 2293K, capacity 2599K, committed 2688K, reserved 1048576K
}
Event: 1.022 GC heap after
{Heap after GC invocations=3 (full 0):
 garbage-first heap   total 258048K, used 10018K [0x00000000e0000000, 0x0000000100000000)
  region size 1024K, 3 young (3072K), 3 survivors (3072K)
 Metaspace       used 20370K, capacity 21134K, committed 21296K, reserved 1069056K
  class space    used 2293K, capacity 2599K, committed 2688K, reserved 1048576K
}
Event: 1.557 GC heap before
{Heap before GC invocations=4 (full 0):
 garbage-first heap   total 258048K, used 73506K [0x00000000e0000000, 0x0000000100000000)
  region size 1024K, 65 young (66560K), 3 survivors (3072K)
 Metaspace       used 29044K, capacity 30091K, committed 30128K, reserved 1075200K
  class space    used 3396K, capacity 3830K, committed 3840K, reserved 1048576K
}
Event: 1.562 GC heap after
{Heap after GC invocations=5 (full 0):
 garbage-first heap   total 258048K, used 14319K [0x00000000e0000000, 0x0000000100000000)
  region size 1024K, 7 young (7168K), 7 survivors (7168K)
 Metaspace       used 29044K, capacity 30091K, committed 30128K, reserved 1075200K
  class space    used 3396K, capacity 3830K, committed 3840K, reserved 1048576K
}

Deoptimization events (20 events):
Event: 2.705 Thread 0x00000179f1f9c000 Uncommon trap: trap_request=0xffffff4d fr.pc=0x0000017987b07cec relative=0x00000000000000cc
Event: 2.705 Thread 0x00000179f1f9c000 Uncommon trap: reason=unstable_if action=reinterpret pc=0x0000017987b07cec method=java.lang.String.getBytes([BIB)V @ 5 c2
Event: 2.705 Thread 0x00000179f1f9c000 DEOPT PACKING pc=0x0000017987b07cec sp=0x0000006f2e4f9e40
Event: 2.705 Thread 0x00000179f1f9c000 DEOPT UNPACKING pc=0x00000179800085af sp=0x0000006f2e4f9de8 mode 2
Event: 2.733 Thread 0x00000179f1f9c000 Uncommon trap: trap_request=0xffffffde fr.pc=0x0000017987bd13cc relative=0x000000000000010c
Event: 2.733 Thread 0x00000179f1f9c000 Uncommon trap: reason=class_check action=maybe_recompile pc=0x0000017987bd13cc method=org.openqa.selenium.json.Input.fill()Z @ 85 c2
Event: 2.733 Thread 0x00000179f1f9c000 DEOPT PACKING pc=0x0000017987bd13cc sp=0x0000006f2e4fa5a0
Event: 2.733 Thread 0x00000179f1f9c000 DEOPT UNPACKING pc=0x00000179800085af sp=0x0000006f2e4fa520 mode 2
Event: 2.774 Thread 0x0000017991bc4000 Uncommon trap: trap_request=0xffffff4d fr.pc=0x0000017987b6bed4 relative=0x0000000000000234
Event: 2.774 Thread 0x0000017991bc4000 Uncommon trap: reason=unstable_if action=reinterpret pc=0x0000017987b6bed4 method=java.io.ByteArrayInputStream.read()I @ 8 c2
Event: 2.774 Thread 0x0000017991bc4000 DEOPT PACKING pc=0x0000017987b6bed4 sp=0x0000006f301febc0
Event: 2.774 Thread 0x0000017991bc4000 DEOPT UNPACKING pc=0x00000179800085af sp=0x0000006f301feb78 mode 2
Event: 2.894 Thread 0x00000179f1f9c000 Uncommon trap: trap_request=0xffffffde fr.pc=0x0000017987bd13cc relative=0x000000000000010c
Event: 2.894 Thread 0x00000179f1f9c000 Uncommon trap: reason=class_check action=maybe_recompile pc=0x0000017987bd13cc method=org.openqa.selenium.json.Input.fill()Z @ 85 c2
Event: 2.894 Thread 0x00000179f1f9c000 DEOPT PACKING pc=0x0000017987bd13cc sp=0x0000006f2e4fa560
Event: 2.894 Thread 0x00000179f1f9c000 DEOPT UNPACKING pc=0x00000179800085af sp=0x0000006f2e4fa4e0 mode 2
Event: 2.902 Thread 0x00000179f1f9c000 Uncommon trap: trap_request=0xffffffde fr.pc=0x0000017987bd13cc relative=0x000000000000010c
Event: 2.902 Thread 0x00000179f1f9c000 Uncommon trap: reason=class_check action=maybe_recompile pc=0x0000017987bd13cc method=org.openqa.selenium.json.Input.fill()Z @ 85 c2
Event: 2.902 Thread 0x00000179f1f9c000 DEOPT PACKING pc=0x0000017987bd13cc sp=0x0000006f2e4fa570
Event: 2.902 Thread 0x00000179f1f9c000 DEOPT UNPACKING pc=0x00000179800085af sp=0x0000006f2e4fa4f0 mode 2

Classes redefined (0 events):
No events

Internal exceptions (20 events):
Event: 1.111 Thread 0x00000179f1f9c000 Exception <a 'java/lang/NoSuchMethodError'{0x00000000eecde4a8}: 'int java.lang.invoke.DirectMethodHandle$Holder.invokeStatic(java.lang.Object, java.lang.Object, int, java.lang.Object)'> (0x00000000eecde4a8) thrown at [./src/hotspot/share/interpreter/linkResolver.cpp, line 773]
Event: 1.112 Thread 0x00000179f1f9c000 Exception <a 'java/lang/NoSuchMethodError'{0x00000000eece51f8}: 'java.lang.Object java.lang.invoke.Invokers$Holder.linkToTargetMethod(java.lang.Object, int, java.lang.Object)'> (0x00000000eece51f8) thrown at [./src/hotspot/share/interpreter/linkResolver.cpp, line 773]
Event: 1.112 Thread 0x00000179f1f9c000 Exception <a 'java/lang/IncompatibleClassChangeError'{0x00000000eece8270}: Found class java.lang.Object, but interface was expected> (0x00000000eece8270) thrown at [./src/hotspot/share/interpreter/linkResolver.cpp, line 839]
Event: 1.118 Thread 0x00000179f1f9c000 Exception <a 'java/lang/NoSuchMethodError'{0x00000000eeb6b558}: 'java.lang.Object java.lang.invoke.DirectMethodHandle$Holder.invokeInterface(java.lang.Object, java.lang.Object, java.lang.Object, java.lang.Object)'> (0x00000000eeb6b558) thrown at [./src/hotspot/share/interpreter/linkResolver.cpp, line 773]
Event: 1.119 Thread 0x00000179f1f9c000 Exception <a 'java/lang/NoSuchMethodError'{0x00000000eeb76e18}: 'java.lang.Object java.lang.invoke.DirectMethodHandle$Holder.invokeVirtual(java.lang.Object, java.lang.Object, java.lang.Object, java.lang.Object)'> (0x00000000eeb76e18) thrown at [./src/hotspot/share/interpreter/linkResolver.cpp, line 773]
Event: 1.332 Thread 0x00000179f1f9c000 Exception <a 'java/lang/IncompatibleClassChangeError'{0x00000000ecbab958}: Found class java.lang.Object, but interface was expected> (0x00000000ecbab958) thrown at [./src/hotspot/share/interpreter/linkResolver.cpp, line 839]
Event: 1.349 Thread 0x0000017990e19800 Exception <a 'java/lang/NoSuchMethodError'{0x00000000ec9a5c90}: 'void java.lang.invoke.DirectMethodHandle$Holder.invokeStatic(java.lang.Object, long)'> (0x00000000ec9a5c90) thrown at [./src/hotspot/share/interpreter/linkResolver.cpp, line 773]
Event: 1.350 Thread 0x0000017990e19800 Exception <a 'java/lang/NoSuchMethodError'{0x00000000ec9aac00}: 'java.lang.Object java.lang.invoke.DirectMethodHandle$Holder.invokeStatic(java.lang.Object, long)'> (0x00000000ec9aac00) thrown at [./src/hotspot/share/interpreter/linkResolver.cpp, line 773]
Event: 1.351 Thread 0x0000017990e19800 Exception <a 'java/lang/NoSuchMethodError'{0x00000000ec9b8998}: 'java.lang.Object java.lang.invoke.DirectMethodHandle$Holder.invokeStaticInit(java.lang.Object, java.lang.Object, long, java.lang.Object)'> (0x00000000ec9b8998) thrown at [./src/hotspot/share/interpreter/linkResolver.cpp, line 773]
Event: 1.351 Thread 0x0000017990e19800 Exception <a 'java/lang/NoSuchMethodError'{0x00000000ec9be400}: 'java.lang.Object java.lang.invoke.DirectMethodHandle$Holder.invokeStatic(java.lang.Object, java.lang.Object, long)'> (0x00000000ec9be400) thrown at [./src/hotspot/share/interpreter/linkResolver.cpp, line 773]
Event: 1.352 Thread 0x0000017990e19800 Exception <a 'java/lang/NoSuchMethodError'{0x00000000ec9c46d0}: 'java.lang.Object java.lang.invoke.Invokers$Holder.linkToTargetMethod(java.lang.Object, long, java.lang.Object)'> (0x00000000ec9c46d0) thrown at [./src/hotspot/share/interpreter/linkResolver.cpp, line 773]
Event: 1.353 Thread 0x0000017990e1d000 Exception <a 'java/net/ConnectException'{0x00000000ec808858}: Connection refused: connect> (0x00000000ec808858) thrown at [./src/hotspot/share/prims/jni.cpp, line 638]
Event: 1.389 Thread 0x0000017990e1d000 Exception <a 'java/net/ConnectException'{0x00000000ec8098e8}: Connection refused: connect> (0x00000000ec8098e8) thrown at [./src/hotspot/share/prims/jni.cpp, line 638]
Event: 1.433 Thread 0x00000179f1f9c000 Exception <a 'java/lang/NoSuchMethodError'{0x00000000ec75f670}: 'double java.lang.invoke.DirectMethodHandle$Holder.invokeVirtual(java.lang.Object, java.lang.Object)'> (0x00000000ec75f670) thrown at [./src/hotspot/share/interpreter/linkResolver.cpp, line 773]
Event: 1.434 Thread 0x00000179f1f9c000 Exception <a 'java/lang/NoSuchMethodError'{0x00000000ec765c28}: 'float java.lang.invoke.DirectMethodHandle$Holder.invokeVirtual(java.lang.Object, java.lang.Object)'> (0x00000000ec765c28) thrown at [./src/hotspot/share/interpreter/linkResolver.cpp, line 773]
Event: 1.434 Thread 0x00000179f1f9c000 Exception <a 'java/lang/NoSuchMethodError'{0x00000000ec76e980}: 'long java.lang.invoke.DirectMethodHandle$Holder.invokeVirtual(java.lang.Object, java.lang.Object)'> (0x00000000ec76e980) thrown at [./src/hotspot/share/interpreter/linkResolver.cpp, line 773]
Event: 1.459 Thread 0x00000179f1f9c000 Exception <a 'java/lang/NoSuchMethodError'{0x00000000ec5391b8}: 'void java.lang.invoke.DirectMethodHandle$Holder.invokeStatic(java.lang.Object, java.lang.Object, int)'> (0x00000000ec5391b8) thrown at [./src/hotspot/share/interpreter/linkResolver.cpp, line 773]
Event: 1.502 Thread 0x00000179f1f9c000 Exception <a 'java/lang/NoSuchMethodError'{0x00000000ec156c60}: 'int java.lang.invoke.DirectMethodHandle$Holder.invokeSpecialIFC(java.lang.Object, java.lang.Object, java.lang.Object)'> (0x00000000ec156c60) thrown at [./src/hotspot/share/interpreter/linkResolver.cpp, line 773]
Event: 2.684 Thread 0x00000179f1f9c000 Exception <a 'java/lang/NoSuchMethodError'{0x00000000eebc8938}: 'java.lang.Object java.lang.invoke.DirectMethodHandle$Holder.invokeSpecialIFC(java.lang.Object, java.lang.Object, java.lang.Object)'> (0x00000000eebc8938) thrown at [./src/hotspot/share/interpreter/linkResolver.cpp, line 773]
Event: 2.703 Thread 0x00000179f1f9c000 Exception <a 'java/lang/ClassNotFoundException'{0x00000000eead89c0}: sun/util/logging/resources/spi/loggingProvider> (0x00000000eead89c0) thrown at [./src/hotspot/share/classfile/systemDictionary.cpp, line 230]

Events (20 events):
Event: 2.907 loading class com/codeborne/selenide/drivercommands/DisposablesRegistry done
Event: 2.907 loading class com/codeborne/selenide/drivercommands/DisposablesRegistry$SelenideCleanupShutdownHook
Event: 2.907 loading class com/codeborne/selenide/drivercommands/DisposablesRegistry$SelenideCleanupShutdownHook done
Event: 2.909 loading class com/codeborne/selenide/impl/DeadThreadsWatchdog
Event: 2.909 loading class com/codeborne/selenide/impl/DeadThreadsWatchdog done
Event: 2.909 Thread 0x0000017991bc8000 Thread added: 0x0000017991bc8000
Event: 2.910 loading class com/codeborne/selenide/proxy/SelenideProxyServer
Event: 2.910 loading class com/codeborne/selenide/proxy/SelenideProxyServer done
Event: 2.910 loading class com/codeborne/selenide/proxy/SelenideProxyServer
Event: 2.910 loading class com/codeborne/selenide/proxy/SelenideProxyServer done
Event: 2.910 loading class com/codeborne/selenide/impl/WebDriverInstance
Event: 2.910 loading class com/codeborne/selenide/impl/WebDriverInstance done
Event: 2.911 loading class org/openqa/selenium/remote/RemoteWebDriver$RemoteNavigation
Event: 2.911 loading class org/openqa/selenium/remote/RemoteWebDriver$RemoteNavigation done
Event: 2.914 Executing VM operation: RevokeBias
Event: 2.923 Executing VM operation: RevokeBias done
Event: 2.923 loading class java/util/concurrent/ConcurrentLinkedQueue$Itr
Event: 2.923 Executing VM operation: RevokeBias
Event: 2.924 loading class java/util/concurrent/ConcurrentLinkedQueue$Itr done
Event: 2.924 Executing VM operation: RevokeBias done


Dynamic libraries:
0x00007ff745340000 - 0x00007ff74534d000 	C:\Program Files\Eclipse Adoptium\jdk-11.0.15.10-hotspot\bin\java.exe
0x00007ffa3de90000 - 0x00007ffa3e088000 	C:\WINDOWS\SYSTEM32\ntdll.dll
0x00007ffa3db90000 - 0x00007ffa3dc4d000 	C:\WINDOWS\System32\KERNEL32.DLL
0x00007ffa3ba40000 - 0x00007ffa3bd12000 	C:\WINDOWS\System32\KERNELBASE.dll
0x00007ffa3b910000 - 0x00007ffa3ba10000 	C:\WINDOWS\System32\ucrtbase.dll
0x00007ffa34920000 - 0x00007ffa34935000 	C:\Program Files\Eclipse Adoptium\jdk-11.0.15.10-hotspot\bin\VCRUNTIME140.dll
0x00007ffa348e0000 - 0x00007ffa348f7000 	C:\Program Files\Eclipse Adoptium\jdk-11.0.15.10-hotspot\bin\jli.dll
0x00007ffa3c010000 - 0x00007ffa3c1ad000 	C:\WINDOWS\System32\USER32.dll
0x00007ffa19a90000 - 0x00007ffa19d2a000 	C:\WINDOWS\WinSxS\amd64_microsoft.windows.common-controls_6595b64144ccf1df_6.0.19041.1110_none_60b5254171f9507e\COMCTL32.dll
0x00007ffa3ba10000 - 0x00007ffa3ba32000 	C:\WINDOWS\System32\win32u.dll
0x00007ffa3c1b0000 - 0x00007ffa3c24e000 	C:\WINDOWS\System32\msvcrt.dll
0x00007ffa3c2d0000 - 0x00007ffa3c2fb000 	C:\WINDOWS\System32\GDI32.dll
0x00007ffa3bde0000 - 0x00007ffa3beef000 	C:\WINDOWS\System32\gdi32full.dll
0x00007ffa3b5a0000 - 0x00007ffa3b63d000 	C:\WINDOWS\System32\msvcp_win.dll
0x00007ffa3ccf0000 - 0x00007ffa3cd20000 	C:\WINDOWS\System32\IMM32.DLL
0x00007ff9f9130000 - 0x00007ff9f91cb000 	C:\Program Files\Eclipse Adoptium\jdk-11.0.15.10-hotspot\bin\msvcp140.dll
0x00007ff9c10b0000 - 0x00007ff9c1c31000 	C:\Program Files\Eclipse Adoptium\jdk-11.0.15.10-hotspot\bin\server\jvm.dll
0x00007ffa3d5a0000 - 0x00007ffa3d64e000 	C:\WINDOWS\System32\ADVAPI32.dll
0x00007ffa3ddb0000 - 0x00007ffa3de4c000 	C:\WINDOWS\System32\sechost.dll
0x00007ffa3d470000 - 0x00007ffa3d595000 	C:\WINDOWS\System32\RPCRT4.dll
0x00007ffa3cce0000 - 0x00007ffa3cce8000 	C:\WINDOWS\System32\PSAPI.DLL
0x00007ffa2cba0000 - 0x00007ffa2cbaa000 	C:\WINDOWS\SYSTEM32\VERSION.dll
0x00007ffa1ee60000 - 0x00007ffa1ee69000 	C:\WINDOWS\SYSTEM32\WSOCK32.dll
0x00007ffa1c690000 - 0x00007ffa1c6b7000 	C:\WINDOWS\SYSTEM32\WINMM.dll
0x00007ffa3dd40000 - 0x00007ffa3ddab000 	C:\WINDOWS\System32\WS2_32.dll
0x00007ffa39db0000 - 0x00007ffa39dc2000 	C:\WINDOWS\SYSTEM32\kernel.appcore.dll
0x00007ffa33660000 - 0x00007ffa33670000 	C:\Program Files\Eclipse Adoptium\jdk-11.0.15.10-hotspot\bin\verify.dll
0x00007ffa39300000 - 0x00007ffa394e4000 	C:\WINDOWS\SYSTEM32\DBGHELP.DLL
0x00007ffa213d0000 - 0x00007ffa213fc000 	C:\WINDOWS\SYSTEM32\dbgcore.DLL
0x00007ffa3bd50000 - 0x00007ffa3bdd2000 	C:\WINDOWS\System32\bcryptPrimitives.dll
0x00007ffa23590000 - 0x00007ffa235b8000 	C:\Program Files\Eclipse Adoptium\jdk-11.0.15.10-hotspot\bin\java.dll
0x00007ffa33640000 - 0x00007ffa3364a000 	C:\Program Files\Eclipse Adoptium\jdk-11.0.15.10-hotspot\bin\jimage.dll
0x00007ffa238e0000 - 0x00007ffa238f8000 	C:\Program Files\Eclipse Adoptium\jdk-11.0.15.10-hotspot\bin\zip.dll
0x00007ffa3cd20000 - 0x00007ffa3d463000 	C:\WINDOWS\System32\SHELL32.dll
0x00007ffa39600000 - 0x00007ffa39d91000 	C:\WINDOWS\SYSTEM32\windows.storage.dll
0x00007ffa3c360000 - 0x00007ffa3c6b4000 	C:\WINDOWS\System32\combase.dll
0x00007ffa3af20000 - 0x00007ffa3af50000 	C:\WINDOWS\SYSTEM32\Wldp.dll
0x00007ffa3dac0000 - 0x00007ffa3db6d000 	C:\WINDOWS\System32\SHCORE.dll
0x00007ffa3dc50000 - 0x00007ffa3dca5000 	C:\WINDOWS\System32\shlwapi.dll
0x00007ffa3b4e0000 - 0x00007ffa3b4ff000 	C:\WINDOWS\SYSTEM32\profapi.dll
0x00007ffa23570000 - 0x00007ffa23589000 	C:\Program Files\Eclipse Adoptium\jdk-11.0.15.10-hotspot\bin\net.dll
0x00007ffa36640000 - 0x00007ffa3674d000 	C:\WINDOWS\SYSTEM32\WINHTTP.dll
0x00007ffa3ac90000 - 0x00007ffa3acfa000 	C:\WINDOWS\system32\mswsock.dll
0x00007ffa23550000 - 0x00007ffa23563000 	C:\Program Files\Eclipse Adoptium\jdk-11.0.15.10-hotspot\bin\nio.dll
0x00007ffa3af60000 - 0x00007ffa3af78000 	C:\WINDOWS\SYSTEM32\CRYPTSP.dll
0x00007ffa3a5d0000 - 0x00007ffa3a604000 	C:\WINDOWS\system32\rsaenh.dll
0x00007ffa3bd20000 - 0x00007ffa3bd47000 	C:\WINDOWS\System32\bcrypt.dll
0x00007ffa3b4a0000 - 0x00007ffa3b4ce000 	C:\WINDOWS\SYSTEM32\USERENV.dll
0x00007ffa3ae20000 - 0x00007ffa3ae2c000 	C:\WINDOWS\SYSTEM32\CRYPTBASE.dll
0x00007ffa3a9a0000 - 0x00007ffa3a9db000 	C:\WINDOWS\SYSTEM32\IPHLPAPI.DLL
0x00007ffa3cb20000 - 0x00007ffa3cb28000 	C:\WINDOWS\System32\NSI.dll
0x00007ffa345c0000 - 0x00007ffa345d7000 	C:\WINDOWS\SYSTEM32\dhcpcsvc6.DLL
0x00007ffa34560000 - 0x00007ffa3457d000 	C:\WINDOWS\SYSTEM32\dhcpcsvc.DLL
0x00007ffa3a9e0000 - 0x00007ffa3aaaa000 	C:\WINDOWS\SYSTEM32\DNSAPI.dll
0x00007ff9f0ce0000 - 0x00007ff9f0cf7000 	C:\WINDOWS\system32\napinsp.dll
0x00007ff9f0cc0000 - 0x00007ff9f0cdb000 	C:\WINDOWS\system32\pnrpnsp.dll
0x00007ffa11e50000 - 0x00007ffa11e65000 	C:\WINDOWS\system32\wshbth.dll
0x00007ffa369f0000 - 0x00007ffa36a0d000 	C:\WINDOWS\system32\NLAapi.dll
0x00007ff9f0ca0000 - 0x00007ff9f0cb2000 	C:\WINDOWS\System32\winrnr.dll
0x00007ffa32650000 - 0x00007ffa3265a000 	C:\Windows\System32\rasadhlp.dll
0x00007ffa30400000 - 0x00007ffa30480000 	C:\WINDOWS\System32\fwpuclnt.dll
0x00007ffa34910000 - 0x00007ffa34919000 	C:\Program Files\Eclipse Adoptium\jdk-11.0.15.10-hotspot\bin\management.dll
0x00007ffa34900000 - 0x00007ffa3490b000 	C:\Program Files\Eclipse Adoptium\jdk-11.0.15.10-hotspot\bin\management_ext.dll
0x00007ffa1f440000 - 0x00007ffa1f465000 	C:\Program Files\Eclipse Adoptium\jdk-11.0.15.10-hotspot\bin\sunec.dll

dbghelp: loaded successfully - version: 4.0.5 - missing functions: none
symbol engine: initialized successfully - sym options: 0x614 - pdb path: .;C:\Program Files\Eclipse Adoptium\jdk-11.0.15.10-hotspot\bin;C:\WINDOWS\SYSTEM32;C:\WINDOWS\WinSxS\amd64_microsoft.windows.common-controls_6595b64144ccf1df_6.0.19041.1110_none_60b5254171f9507e;C:\Program Files\Eclipse Adoptium\jdk-11.0.15.10-hotspot\bin\server

VM Arguments:
jvm_args: -Dorg.gradle.internal.worker.tmpdir=C:\Users\Irishka\Downloads\PatternsCard\build\tmp\test\work -Dorg.gradle.native=false -Dselenide.headless --add-opens=java.base/java.util=ALL-UNNAMED --add-opens=java.base/java.lang=ALL-UNNAMED -Xmx512m -Dfile.encoding=windows-1251 -Duser.country=RU -Duser.language=ru -Duser.variant -ea 
java_command: worker.org.gradle.process.internal.worker.GradleWorkerMain 'Gradle Test Executor 6'
java_class_path (initial): C:\\Users\\Irishka\\.gradle\\caches\\7.4\\workerMain\\gradle-worker.jar;C:\\Users\\Irishka\\Downloads\\PatternsCard\\build\\classes\\java\\test;C:\\Users\\Irishka\\.gradle\\caches\\modules-2\\files-2.1\\org.junit.jupiter\\junit-jupiter-params\\5.9.0\\d6b6ccd3585351f617b06f066675271afebe9b28\\junit-jupiter-params-5.9.0.jar;C:\\Users\\Irishka\\.gradle\\caches\\modules-2\\files-2.1\\org.junit.jupiter\\junit-jupiter-engine\\5.9.0\\cc1cb5efae97493dcffb687253a0964ad2e7b99\\junit-jupiter-engine-5.9.0.jar;C:\\Users\\Irishka\\.gradle\\caches\\modules-2\\files-2.1\\org.junit.jupiter\\junit-jupiter-api\\5.9.0\\a44f7eba3ea214f6ec87ad9fccd3b2ac4681a4\\junit-jupiter-api-5.9.0.jar;C:\\Users\\Irishka\\.gradle\\caches\\modules-2\\files-2.1\\org.junit.platform\\junit-platform-engine\\1.9.0\\bd46891f01817b5ffdd368cb0482a34746610acb\\junit-platform-engine-1.9.0.jar;C:\\Users\\Irishka\\.gradle\\caches\\modules-2\\files-2.1\\org.junit.platform\\junit-platform-commons\\1.9.0\\b727889107fc28c7460b21d1083212f8ce7602c6\\junit-platform-commons-1.9.0.jar;C:\\Users\\Irishka\\.gradle\\caches\\modules-2\\files-2.1\\org.junit.jupiter\\junit-jupiter\\5.9.0\\db1cd1cd9e3138cf9e5ecb12a2ccc9cfbdf6a1d\\junit-jupiter-5.9.0.jar;C:\\Users\\Irishka\\.gradle\\caches\\modules-2\\files-2.1\\com.codeborne\\selenide\\6.9.0\\a2cb0f4738d25ee502b829f1dfad9c6d2effb84f\\selenide-6.9.0.jar;C:\\Users\\Irishka\\.gradle\\caches\\modules-2\\files-2.1\\com.codeborne\\selenide-core\\6.9.0\\760cac7d842739b5d552a2041aeb823ab5e51139\\selenide-core-6.9.0.jar;C:\\Users\\Irishka\\.gradle\\caches\\modules-2\\files-2.1\\io.github.bonigarcia\\webdrivermanager\\5.3.0\\937cacffc294ce161d02772b58521720a7c8e36a\\webdrivermanager-5.3.0.jar;C:\\Users\\Irishka\\.gradle\\caches\\modules-2\\files-2.1\\com.github.javafaker\\javafaker\\1.0.2\\be0ff271b1208416822db4438864df47f90af92f\\javafaker-1.0.2.jar;C:\\Users\\Irishka\\.gradle\\caches\\modules-2\\files-2.1\\org.slf4j\\slf4j-simple\\2.0.3\\c1c8dea1c7f350d15e0568
Launcher Type: SUN_STANDARD

[Global flags]
     intx CICompilerCount                          = 4                                         {product} {ergonomic}
     uint ConcGCThreads                            = 2                                         {product} {ergonomic}
     uint G1ConcRefinementThreads                  = 8                                         {product} {ergonomic}
   size_t G1HeapRegionSize                         = 1048576                                   {product} {ergonomic}
    uintx GCDrainStackTargetSize                   = 64                                        {product} {ergonomic}
   size_t InitialHeapSize                          = 264241152                                 {product} {ergonomic}
   size_t MarkStackSize                            = 4194304                                   {product} {ergonomic}
   size_t MaxHeapSize                              = 536870912                                 {product} {command line}
   size_t MaxNewSize                               = 321912832                                 {product} {ergonomic}
   size_t MinHeapDeltaBytes                        = 1048576                                   {product} {ergonomic}
    uintx NonNMethodCodeHeapSize                   = 5836300                                {pd product} {ergonomic}
    uintx NonProfiledCodeHeapSize                  = 122910970                              {pd product} {ergonomic}
    uintx ProfiledCodeHeapSize                     = 122910970                              {pd product} {ergonomic}
    uintx ReservedCodeCacheSize                    = 251658240                              {pd product} {ergonomic}
     bool SegmentedCodeCache                       = true                                      {product} {ergonomic}
     bool UseCompressedClassPointers               = true                                 {lp64_product} {ergonomic}
     bool UseCompressedOops                        = true                                 {lp64_product} {ergonomic}
     bool UseG1GC                                  = true                                      {product} {ergonomic}
     bool UseLargePagesIndividualAllocation        = false                                  {pd product} {ergonomic}

Logging:
Log output configuration:
 #0: stdout all=warning uptime,level,tags
 #1: stderr all=off uptime,level,tags

Environment Variables:
JAVA_HOME=C:\Program Files\Eclipse Foundation\jdk-8.0.302.8-hotspot
PATH=C:\Program Files\Eclipse Adoptium\jdk-11.0.15.10-hotspot\bin;C:\Python37\Scripts\;C:\Python37\;C:\Python38\Scripts\;C:\Python38\;C:\Program Files\Eclipse Foundation\jdk-8.0.302.8-hotspot\bin;C:\Windows\system32;C:\Windows;C:\Windows\System32\Wbem;C:\Windows\System32\WindowsPowerShell\v1.0\;C:\Windows\System32\OpenSSH\;C:\Program Files\Microsoft SQL Server\130\Tools\Binn\;C:\Program Files\Microsoft SQL Server\Client SDK\ODBC\170\Tools\Binn\;C:\ProgramData\chocolatey\bin;C:\Program Files\dotnet\;C:\Program Files\NVIDIA Corporation\Nsight Compute 2021.3.1\;C:\Program Files (x86)\NVIDIA Corporation\PhysX\Common;C:\Program Files\Git\cmd;C:\Program Files\Docker\Docker\resources\bin;C:\ProgramData\DockerDesktop\version-bin;C:\WINDOWS\system32;C:\WINDOWS;C:\WINDOWS\System32\Wbem;C:\WINDOWS\System32\WindowsPowerShell\v1.0\;C:\WINDOWS\System32\OpenSSH\;C:\Users\Irishka\AppData\Local\Programs\Python\Python38\Scripts\;C:\Users\Irishka\AppData\Local\Programs\Python\Python38\;C:\Python39\Scripts\;C:\Python39\;C:\Users\Irishka\AppData\Local\Microsoft\WindowsApps;C:\Users\Irishka\.dotnet\tools;C:\Users\Irishka\AppData\Local\Programs\Microsoft VS Code\bin;C:\Users\Irishka\AppData\Local\GitHubDesktop\bin;C:\Users\Irishka\Desktop\PyCharm 2022.2.2\bin;;C:\Users\Irishka\Desktop\PyCharm Community Edition 2022.2.2\bin;;
USERNAME=Irishka
OS=Windows_NT
PROCESSOR_IDENTIFIER=Intel64 Family 6 Model 140 Stepping 1, GenuineIntel



---------------  S Y S T E M  ---------------

OS: Windows 10 , 64 bit Build 19041 (10.0.19041.1889)
OS uptime: 2 days 16:59 hours
Hyper-V role detected

CPU:total 8 (initial active 8) (4 cores per cpu, 2 threads per core) family 6 model 140 stepping 1 microcode 0x8a, cmov, cx8, fxsr, mmx, sse, sse2, sse3, ssse3, sse4.1, sse4.2, popcnt, avx, avx2, aes, clmul, erms, 3dnowpref, lzcnt, ht, tsc, tscinvbit, bmi1, bmi2, adx, evex, sha, fma

Memory: 4k page, system-wide physical 16026M (1342M free)
TotalPageFile size 20122M (AvailPageFile size 17M)
current process WorkingSet (physical memory assigned to process): 216M, peak: 219M
current process commit charge ("private bytes"): 428M, peak: 431M

vm_info: OpenJDK 64-Bit Server VM (11.0.15+10) for windows-amd64 JRE (11.0.15+10), built on Apr 19 2022 22:29:44 by "" with unknown MS VC++:1916

END.
